[2023-10-12 11:32:15,221][flwr][INFO] - Starting Flower simulation, config: ServerConfig(num_rounds=2, round_timeout=None)
[2023-10-12 11:32:18,916][flwr][INFO] - Flower VCE: Ray initialized with resources: {'object_store_memory': 37144446566.0, 'GPU': 1.0, 'CPU': 32.0, 'node:127.0.0.1': 1.0, 'memory': 76670375322.0}
[2023-10-12 11:32:18,916][flwr][INFO] - Initializing global parameters
[2023-10-12 11:32:18,916][flwr][INFO] - Requesting initial parameters from one random client
[2023-10-12 11:32:21,112][flwr][INFO] - Received initial parameters from one random client
[2023-10-12 11:32:21,114][flwr][INFO] - Evaluating initial parameters
[2023-10-12 11:32:29,132][flwr][INFO] - initial parameters (loss, other metrics): 181.73365807533264, {'accuracy': 0.1429}
[2023-10-12 11:32:29,132][flwr][INFO] - FL starting
[2023-10-12 11:32:29,132][flwr][DEBUG] - fit_round 1: strategy sampled 5 clients (out of 10)
[2023-10-12 11:32:43,916][flwr][DEBUG] - fit_round 1 received 5 results and 0 failures
[2023-10-12 11:32:43,940][flwr][WARNING] - No fit_metrics_aggregation_fn provided
[2023-10-12 11:32:47,030][flwr][INFO] - fit progress: (1, 15.094666372984648, {'accuracy': 0.9399}, 17.8934466)
[2023-10-12 11:32:47,030][flwr][DEBUG] - evaluate_round 1: strategy sampled 5 clients (out of 10)
[2023-10-12 11:32:52,854][flwr][DEBUG] - evaluate_round 1 received 5 results and 0 failures
[2023-10-12 11:32:52,854][flwr][WARNING] - No evaluate_metrics_aggregation_fn provided
[2023-10-12 11:32:52,854][flwr][DEBUG] - fit_round 2: strategy sampled 5 clients (out of 10)
[2023-10-12 11:33:00,863][flwr][DEBUG] - fit_round 2 received 5 results and 0 failures
[2023-10-12 11:33:03,998][flwr][INFO] - fit progress: (2, 7.244761547888629, {'accuracy': 0.9688}, 34.8655395)
[2023-10-12 11:33:03,998][flwr][DEBUG] - evaluate_round 2: strategy sampled 5 clients (out of 10)
[2023-10-12 11:33:10,271][flwr][DEBUG] - evaluate_round 2 received 5 results and 0 failures
[2023-10-12 11:33:10,271][flwr][INFO] - FL finished in 41.143342200000006
[2023-10-12 11:33:10,271][flwr][INFO] - app_fit: losses_distributed [(1, 6.884729493409395), (2, 3.0269685345701873)]
[2023-10-12 11:33:10,271][flwr][INFO] - app_fit: metrics_distributed_fit {}
[2023-10-12 11:33:10,271][flwr][INFO] - app_fit: metrics_distributed {}
[2023-10-12 11:33:10,271][flwr][INFO] - app_fit: losses_centralized [(0, 181.73365807533264), (1, 15.094666372984648), (2, 7.244761547888629)]
[2023-10-12 11:33:10,271][flwr][INFO] - app_fit: metrics_centralized {'accuracy': [(0, 0.1429), (1, 0.9399), (2, 0.9688)]}
