[2024-04-05 17:46:39,598][flwr][INFO] - Starting Flower simulation, config: ServerConfig(num_rounds=10, round_timeout=None)
[2024-04-05 17:46:54,425][flwr][INFO] - Flower VCE: Ray initialized with resources: {'object_store_memory': 37020415180.0, 'node:127.0.0.1': 1.0, 'CPU': 32.0, 'GPU': 1.0, 'memory': 76380968756.0}
[2024-04-05 17:46:54,427][flwr][INFO] - Initializing global parameters
[2024-04-05 17:46:54,428][flwr][INFO] - Requesting initial parameters from one random client
[2024-04-05 17:46:56,967][flwr][INFO] - Received initial parameters from one random client
[2024-04-05 17:46:56,969][flwr][INFO] - Evaluating initial parameters
[2024-04-05 17:47:06,133][flwr][INFO] - initial parameters (loss, other metrics): 182.24133133888245, {'accuracy': 0.1088}
[2024-04-05 17:47:06,134][flwr][INFO] - FL starting
[2024-04-05 17:47:06,135][flwr][DEBUG] - fit_round 1: strategy sampled 8 clients (out of 25)
[2024-04-05 17:48:15,718][flwr][DEBUG] - fit_round 1 received 8 results and 0 failures
[2024-04-05 17:48:15,743][flwr][WARNING] - No fit_metrics_aggregation_fn provided
[2024-04-05 17:48:18,321][flwr][INFO] - fit progress: (1, 9.009503138251603, {'accuracy': 0.9667}, 72.1858855)
[2024-04-05 17:48:18,323][flwr][DEBUG] - evaluate_round 1: strategy sampled 8 clients (out of 25)
[2024-04-05 17:48:26,853][flwr][DEBUG] - evaluate_round 1 received 8 results and 0 failures
[2024-04-05 17:48:26,854][flwr][WARNING] - No evaluate_metrics_aggregation_fn provided
[2024-04-05 17:48:26,855][flwr][DEBUG] - fit_round 2: strategy sampled 8 clients (out of 25)
[2024-04-05 17:49:25,339][flwr][DEBUG] - fit_round 2 received 8 results and 0 failures
[2024-04-05 17:49:27,990][flwr][INFO] - fit progress: (2, 5.964106432673361, {'accuracy': 0.9787}, 141.8553694)
[2024-04-05 17:49:27,992][flwr][DEBUG] - evaluate_round 2: strategy sampled 8 clients (out of 25)
[2024-04-05 17:49:36,692][flwr][DEBUG] - evaluate_round 2 received 8 results and 0 failures
[2024-04-05 17:49:36,694][flwr][DEBUG] - fit_round 3: strategy sampled 8 clients (out of 25)
[2024-04-05 17:50:35,476][flwr][DEBUG] - fit_round 3 received 8 results and 0 failures
[2024-04-05 17:50:38,141][flwr][INFO] - fit progress: (3, 4.871651856934477, {'accuracy': 0.982}, 212.00595909999998)
[2024-04-05 17:50:38,143][flwr][DEBUG] - evaluate_round 3: strategy sampled 8 clients (out of 25)
[2024-04-05 17:50:46,243][flwr][DEBUG] - evaluate_round 3 received 8 results and 0 failures
[2024-04-05 17:50:46,244][flwr][DEBUG] - fit_round 4: strategy sampled 8 clients (out of 25)
[2024-04-05 17:51:44,727][flwr][DEBUG] - fit_round 4 received 8 results and 0 failures
[2024-04-05 17:51:47,621][flwr][INFO] - fit progress: (4, 4.518752717602183, {'accuracy': 0.9842}, 281.48615060000003)
[2024-04-05 17:51:47,623][flwr][DEBUG] - evaluate_round 4: strategy sampled 8 clients (out of 25)
[2024-04-05 17:51:56,203][flwr][DEBUG] - evaluate_round 4 received 8 results and 0 failures
[2024-04-05 17:51:56,204][flwr][DEBUG] - fit_round 5: strategy sampled 8 clients (out of 25)
[2024-04-05 17:52:54,439][flwr][DEBUG] - fit_round 5 received 8 results and 0 failures
[2024-04-05 17:52:57,516][flwr][INFO] - fit progress: (5, 4.075408279757539, {'accuracy': 0.9857}, 351.3812869)
[2024-04-05 17:52:57,519][flwr][DEBUG] - evaluate_round 5: strategy sampled 8 clients (out of 25)
[2024-04-05 17:53:06,008][flwr][DEBUG] - evaluate_round 5 received 8 results and 0 failures
[2024-04-05 17:53:06,009][flwr][DEBUG] - fit_round 6: strategy sampled 8 clients (out of 25)
[2024-04-05 17:54:04,150][flwr][DEBUG] - fit_round 6 received 8 results and 0 failures
[2024-04-05 17:54:07,223][flwr][INFO] - fit progress: (6, 3.7977161071821683, {'accuracy': 0.9867}, 421.08827770000005)
[2024-04-05 17:54:07,225][flwr][DEBUG] - evaluate_round 6: strategy sampled 8 clients (out of 25)
[2024-04-05 17:54:15,650][flwr][DEBUG] - evaluate_round 6 received 8 results and 0 failures
[2024-04-05 17:54:15,651][flwr][DEBUG] - fit_round 7: strategy sampled 8 clients (out of 25)
[2024-04-05 17:55:13,257][flwr][DEBUG] - fit_round 7 received 8 results and 0 failures
[2024-04-05 17:55:16,157][flwr][INFO] - fit progress: (7, 3.7319349231383967, {'accuracy': 0.987}, 490.02236300000004)
[2024-04-05 17:55:16,159][flwr][DEBUG] - evaluate_round 7: strategy sampled 8 clients (out of 25)
[2024-04-05 17:55:24,373][flwr][DEBUG] - evaluate_round 7 received 8 results and 0 failures
[2024-04-05 17:55:24,374][flwr][DEBUG] - fit_round 8: strategy sampled 8 clients (out of 25)
[2024-04-05 17:56:22,638][flwr][DEBUG] - fit_round 8 received 8 results and 0 failures
[2024-04-05 17:56:25,317][flwr][INFO] - fit progress: (8, 3.4722438802864417, {'accuracy': 0.988}, 559.1813876)
[2024-04-05 17:56:25,318][flwr][DEBUG] - evaluate_round 8: strategy sampled 8 clients (out of 25)
[2024-04-05 17:56:33,543][flwr][DEBUG] - evaluate_round 8 received 8 results and 0 failures
[2024-04-05 17:56:33,544][flwr][DEBUG] - fit_round 9: strategy sampled 8 clients (out of 25)
[2024-04-05 17:57:31,265][flwr][DEBUG] - fit_round 9 received 8 results and 0 failures
[2024-04-05 17:57:34,180][flwr][INFO] - fit progress: (9, 3.322871887027304, {'accuracy': 0.9889}, 628.0446531)
[2024-04-05 17:57:34,181][flwr][DEBUG] - evaluate_round 9: strategy sampled 8 clients (out of 25)
[2024-04-05 17:57:42,921][flwr][DEBUG] - evaluate_round 9 received 8 results and 0 failures
[2024-04-05 17:57:42,923][flwr][DEBUG] - fit_round 10: strategy sampled 8 clients (out of 25)
[2024-04-05 17:58:41,287][flwr][DEBUG] - fit_round 10 received 8 results and 0 failures
[2024-04-05 17:58:44,023][flwr][INFO] - fit progress: (10, 3.3896714268812502, {'accuracy': 0.988}, 697.8881741)
[2024-04-05 17:58:44,025][flwr][DEBUG] - evaluate_round 10: strategy sampled 8 clients (out of 25)
[2024-04-05 17:58:52,482][flwr][DEBUG] - evaluate_round 10 received 8 results and 0 failures
[2024-04-05 17:58:52,483][flwr][INFO] - FL finished in 706.3477664000001
[2024-04-05 17:58:52,483][flwr][INFO] - app_fit: losses_distributed [(1, 1.3746877548401244), (2, 1.037278651359884), (3, 0.9226505840688333), (4, 0.6835242655510001), (5, 0.6068715958447797), (6, 0.6463281692291503), (7, 0.6346661573112868), (8, 0.672300632854899), (9, 0.49045877491778356), (10, 0.37382545875664164)]
[2024-04-05 17:58:52,484][flwr][INFO] - app_fit: metrics_distributed_fit {}
[2024-04-05 17:58:52,485][flwr][INFO] - app_fit: metrics_distributed {}
[2024-04-05 17:58:52,485][flwr][INFO] - app_fit: losses_centralized [(0, 182.24133133888245), (1, 9.009503138251603), (2, 5.964106432673361), (3, 4.871651856934477), (4, 4.518752717602183), (5, 4.075408279757539), (6, 3.7977161071821683), (7, 3.7319349231383967), (8, 3.4722438802864417), (9, 3.322871887027304), (10, 3.3896714268812502)]
[2024-04-05 17:58:52,486][flwr][INFO] - app_fit: metrics_centralized {'accuracy': [(0, 0.1088), (1, 0.9667), (2, 0.9787), (3, 0.982), (4, 0.9842), (5, 0.9857), (6, 0.9867), (7, 0.987), (8, 0.988), (9, 0.9889), (10, 0.988)]}
