[2023-11-23 09:42:41,738][flwr][INFO] - Starting Flower simulation, config: ServerConfig(num_rounds=100, round_timeout=None)
[2023-11-23 09:42:45,276][flwr][INFO] - Flower VCE: Ray initialized with resources: {'CPU': 32.0, 'GPU': 1.0, 'object_store_memory': 37683421593.0, 'node:127.0.0.1': 1.0, 'memory': 77927983719.0}
[2023-11-23 09:42:45,288][flwr][INFO] - Initializing global parameters
[2023-11-23 09:42:45,288][flwr][INFO] - Requesting initial parameters from one random client
[2023-11-23 09:42:48,860][flwr][ERROR] - [36mray::launch_and_get_parameters()[39m (pid=7052, ip=127.0.0.1)
  File "python\ray\_raylet.pyx", line 640, in ray._raylet.execute_task
  File "python\ray\_raylet.pyx", line 644, in ray._raylet.execute_task
  File "C:\Users\Admin\anaconda3\envs\flwrpytorch\lib\site-packages\flwr\simulation\ray_transport\ray_client_proxy.py", line 135, in launch_and_get_parameters
    client: Client = _create_client(client_fn, cid)
  File "C:\Users\Admin\anaconda3\envs\flwrpytorch\lib\site-packages\flwr\simulation\ray_transport\ray_client_proxy.py", line 168, in _create_client
    client_like: ClientLike = client_fn(cid)
  File "c:\Users\Admin\Desktop\Vipul\drive-download-20230927T134210Z-001\client.py", line 97, in client_fn
    return FlowerClient(
  File "c:\Users\Admin\Desktop\Vipul\drive-download-20230927T134210Z-001\client.py", line 22, in __init__
    self.model = Net(num_classes)
  File "c:\Users\Admin\Desktop\Vipul\drive-download-20230927T134210Z-001\model.py", line 88, in __init__
    self.weights_init()
  File "c:\Users\Admin\Desktop\Vipul\drive-download-20230927T134210Z-001\model.py", line 95, in weights_init
    m.weight.data.normal_(0, math.sqrt(2. / n))
NameError: name 'math' is not defined
