[2023-11-07 08:50:37,906][flwr][INFO] - Starting Flower simulation, config: ServerConfig(num_rounds=10, round_timeout=None)
[2023-11-07 08:50:41,759][flwr][INFO] - Flower VCE: Ray initialized with resources: {'CPU': 32.0, 'GPU': 1.0, 'memory': 77839731303.0, 'object_store_memory': 37645599129.0, 'node:127.0.0.1': 1.0}
[2023-11-07 08:50:41,775][flwr][INFO] - Initializing global parameters
[2023-11-07 08:50:41,775][flwr][INFO] - Requesting initial parameters from one random client
[2023-11-07 08:50:43,818][flwr][INFO] - Received initial parameters from one random client
[2023-11-07 08:50:43,818][flwr][INFO] - Evaluating initial parameters
[2023-11-07 08:50:52,001][flwr][INFO] - initial parameters (loss, other metrics): 181.88294386863708, {'accuracy': 0.1027}
[2023-11-07 08:50:52,001][flwr][INFO] - FL starting
[2023-11-07 08:50:52,001][flwr][DEBUG] - fit_round 1: strategy sampled 5 clients (out of 100)
[2023-11-07 08:51:04,732][flwr][DEBUG] - fit_round 1 received 5 results and 0 failures
[2023-11-07 08:51:04,750][flwr][WARNING] - No fit_metrics_aggregation_fn provided
[2023-11-07 08:51:07,885][flwr][INFO] - fit progress: (1, 178.4906530380249, {'accuracy': 0.2507}, 15.8868595)
[2023-11-07 08:51:07,885][flwr][DEBUG] - evaluate_round 1: strategy sampled 5 clients (out of 100)
[2023-11-07 08:51:12,199][flwr][DEBUG] - evaluate_round 1 received 5 results and 0 failures
[2023-11-07 08:51:12,199][flwr][WARNING] - No evaluate_metrics_aggregation_fn provided
[2023-11-07 08:51:12,199][flwr][DEBUG] - fit_round 2: strategy sampled 5 clients (out of 100)
[2023-11-07 08:51:16,760][flwr][DEBUG] - fit_round 2 received 5 results and 0 failures
[2023-11-07 08:51:19,982][flwr][INFO] - fit progress: (2, 157.62691450119019, {'accuracy': 0.4924}, 27.9835042)
[2023-11-07 08:51:19,982][flwr][DEBUG] - evaluate_round 2: strategy sampled 5 clients (out of 100)
[2023-11-07 08:51:24,440][flwr][DEBUG] - evaluate_round 2 received 5 results and 0 failures
[2023-11-07 08:51:24,440][flwr][DEBUG] - fit_round 3: strategy sampled 5 clients (out of 100)
[2023-11-07 08:51:29,013][flwr][DEBUG] - fit_round 3 received 5 results and 0 failures
[2023-11-07 08:51:31,856][flwr][INFO] - fit progress: (3, 77.318683385849, {'accuracy': 0.6609}, 39.8449045)
[2023-11-07 08:51:31,856][flwr][DEBUG] - evaluate_round 3: strategy sampled 5 clients (out of 100)
[2023-11-07 08:51:36,539][flwr][DEBUG] - evaluate_round 3 received 5 results and 0 failures
[2023-11-07 08:51:36,539][flwr][DEBUG] - fit_round 4: strategy sampled 5 clients (out of 100)
[2023-11-07 08:51:40,953][flwr][DEBUG] - fit_round 4 received 5 results and 0 failures
[2023-11-07 08:51:44,127][flwr][INFO] - fit progress: (4, 49.715106785297394, {'accuracy': 0.8216}, 52.130563800000004)
[2023-11-07 08:51:44,144][flwr][DEBUG] - evaluate_round 4: strategy sampled 5 clients (out of 100)
[2023-11-07 08:51:48,689][flwr][DEBUG] - evaluate_round 4 received 5 results and 0 failures
[2023-11-07 08:51:48,689][flwr][DEBUG] - fit_round 5: strategy sampled 5 clients (out of 100)
[2023-11-07 08:51:53,317][flwr][DEBUG] - fit_round 5 received 5 results and 0 failures
[2023-11-07 08:51:56,217][flwr][INFO] - fit progress: (5, 37.02395053207874, {'accuracy': 0.8677}, 64.2054401)
[2023-11-07 08:51:56,217][flwr][DEBUG] - evaluate_round 5: strategy sampled 5 clients (out of 100)
[2023-11-07 08:52:00,780][flwr][DEBUG] - evaluate_round 5 received 5 results and 0 failures
[2023-11-07 08:52:00,780][flwr][DEBUG] - fit_round 6: strategy sampled 5 clients (out of 100)
[2023-11-07 08:52:05,345][flwr][DEBUG] - fit_round 6 received 5 results and 0 failures
[2023-11-07 08:52:08,502][flwr][INFO] - fit progress: (6, 36.66349206864834, {'accuracy': 0.8641}, 76.5000563)
[2023-11-07 08:52:08,502][flwr][DEBUG] - evaluate_round 6: strategy sampled 5 clients (out of 100)
[2023-11-07 08:52:12,873][flwr][DEBUG] - evaluate_round 6 received 5 results and 0 failures
[2023-11-07 08:52:12,873][flwr][DEBUG] - fit_round 7: strategy sampled 5 clients (out of 100)
[2023-11-07 08:52:17,397][flwr][DEBUG] - fit_round 7 received 5 results and 0 failures
[2023-11-07 08:52:20,210][flwr][INFO] - fit progress: (7, 27.198172740638256, {'accuracy': 0.8959}, 88.2107597)
[2023-11-07 08:52:20,210][flwr][DEBUG] - evaluate_round 7: strategy sampled 5 clients (out of 100)
[2023-11-07 08:52:24,629][flwr][DEBUG] - evaluate_round 7 received 5 results and 0 failures
[2023-11-07 08:52:24,629][flwr][DEBUG] - fit_round 8: strategy sampled 5 clients (out of 100)
[2023-11-07 08:52:29,199][flwr][DEBUG] - fit_round 8 received 5 results and 0 failures
[2023-11-07 08:52:32,263][flwr][INFO] - fit progress: (8, 20.05268844217062, {'accuracy': 0.9216}, 100.2584353)
[2023-11-07 08:52:32,263][flwr][DEBUG] - evaluate_round 8: strategy sampled 5 clients (out of 100)
[2023-11-07 08:52:36,739][flwr][DEBUG] - evaluate_round 8 received 5 results and 0 failures
[2023-11-07 08:52:36,739][flwr][DEBUG] - fit_round 9: strategy sampled 5 clients (out of 100)
[2023-11-07 08:52:41,151][flwr][DEBUG] - fit_round 9 received 5 results and 0 failures
[2023-11-07 08:52:44,502][flwr][INFO] - fit progress: (9, 17.225973174907267, {'accuracy': 0.9323}, 112.495789)
[2023-11-07 08:52:44,502][flwr][DEBUG] - evaluate_round 9: strategy sampled 5 clients (out of 100)
[2023-11-07 08:52:48,838][flwr][DEBUG] - evaluate_round 9 received 5 results and 0 failures
[2023-11-07 08:52:48,838][flwr][DEBUG] - fit_round 10: strategy sampled 5 clients (out of 100)
[2023-11-07 08:52:53,346][flwr][DEBUG] - fit_round 10 received 5 results and 0 failures
[2023-11-07 08:52:56,336][flwr][INFO] - fit progress: (10, 16.978650679811835, {'accuracy': 0.9311}, 124.33521189999999)
[2023-11-07 08:52:56,336][flwr][DEBUG] - evaluate_round 10: strategy sampled 5 clients (out of 100)
[2023-11-07 08:53:00,767][flwr][DEBUG] - evaluate_round 10 received 5 results and 0 failures
[2023-11-07 08:53:00,767][flwr][INFO] - FL finished in 128.7630388
[2023-11-07 08:53:00,767][flwr][INFO] - app_fit: losses_distributed [(1, 6.791682338714599), (2, 5.995005702972412), (3, 3.0679756879806517), (4, 1.9580478966236115), (5, 1.3681418389081954), (6, 1.6654977649450302), (7, 1.2307458579540254), (8, 0.9852991610765457), (9, 0.7147324100136757), (10, 0.7430992215871811)]
[2023-11-07 08:53:00,767][flwr][INFO] - app_fit: metrics_distributed_fit {}
[2023-11-07 08:53:00,767][flwr][INFO] - app_fit: metrics_distributed {}
[2023-11-07 08:53:00,767][flwr][INFO] - app_fit: losses_centralized [(0, 181.88294386863708), (1, 178.4906530380249), (2, 157.62691450119019), (3, 77.318683385849), (4, 49.715106785297394), (5, 37.02395053207874), (6, 36.66349206864834), (7, 27.198172740638256), (8, 20.05268844217062), (9, 17.225973174907267), (10, 16.978650679811835)]
[2023-11-07 08:53:00,767][flwr][INFO] - app_fit: metrics_centralized {'accuracy': [(0, 0.1027), (1, 0.2507), (2, 0.4924), (3, 0.6609), (4, 0.8216), (5, 0.8677), (6, 0.8641), (7, 0.8959), (8, 0.9216), (9, 0.9323), (10, 0.9311)]}
