[2023-11-24 10:31:29,577][flwr][INFO] - Starting Flower simulation, config: ServerConfig(num_rounds=100, round_timeout=None)
[2023-11-24 10:31:33,186][flwr][INFO] - Flower VCE: Ray initialized with resources: {'node:127.0.0.1': 1.0, 'object_store_memory': 37622785228.0, 'GPU': 1.0, 'CPU': 32.0, 'memory': 77786498868.0}
[2023-11-24 10:31:33,186][flwr][INFO] - Initializing global parameters
[2023-11-24 10:31:33,186][flwr][INFO] - Requesting initial parameters from one random client
[2023-11-24 10:31:36,859][flwr][INFO] - Received initial parameters from one random client
[2023-11-24 10:31:36,859][flwr][INFO] - Evaluating initial parameters
[2023-11-24 10:31:45,506][flwr][INFO] - initial parameters (loss, other metrics): 115.19259357452393, {'accuracy': 0.1005}
[2023-11-24 10:31:45,506][flwr][INFO] - FL starting
[2023-11-24 10:31:45,506][flwr][DEBUG] - fit_round 1: strategy sampled 20 clients (out of 20)
[2023-11-24 10:38:19,860][flwr][DEBUG] - fit_round 1 received 20 results and 0 failures
[2023-11-24 10:38:19,945][flwr][WARNING] - No fit_metrics_aggregation_fn provided
[2023-11-24 10:38:23,457][flwr][INFO] - fit progress: (1, 115.17572069168091, {'accuracy': 0.1005}, 397.9505149)
[2023-11-24 10:38:23,457][flwr][INFO] - evaluate_round 1: no clients selected, cancel
[2023-11-24 10:38:23,466][flwr][DEBUG] - fit_round 2: strategy sampled 20 clients (out of 20)
[2023-11-24 10:44:45,812][flwr][DEBUG] - fit_round 2 received 20 results and 0 failures
[2023-11-24 10:44:49,267][flwr][INFO] - fit progress: (2, 115.15935802459717, {'accuracy': 0.1016}, 783.7580573)
[2023-11-24 10:44:49,267][flwr][INFO] - evaluate_round 2: no clients selected, cancel
[2023-11-24 10:44:49,267][flwr][DEBUG] - fit_round 3: strategy sampled 20 clients (out of 20)
[2023-11-24 10:51:12,185][flwr][DEBUG] - fit_round 3 received 20 results and 0 failures
[2023-11-24 10:51:15,393][flwr][INFO] - fit progress: (3, 115.14347982406616, {'accuracy': 0.1018}, 1169.8827274)
[2023-11-24 10:51:15,393][flwr][INFO] - evaluate_round 3: no clients selected, cancel
[2023-11-24 10:51:15,393][flwr][DEBUG] - fit_round 4: strategy sampled 20 clients (out of 20)
[2023-11-24 10:57:34,025][flwr][DEBUG] - fit_round 4 received 20 results and 0 failures
[2023-11-24 10:57:37,467][flwr][INFO] - fit progress: (4, 115.12790751457214, {'accuracy': 0.1018}, 1551.9609130000001)
[2023-11-24 10:57:37,467][flwr][INFO] - evaluate_round 4: no clients selected, cancel
[2023-11-24 10:57:37,467][flwr][DEBUG] - fit_round 5: strategy sampled 20 clients (out of 20)
[2023-11-24 11:04:00,735][flwr][DEBUG] - fit_round 5 received 20 results and 0 failures
[2023-11-24 11:04:04,353][flwr][INFO] - fit progress: (5, 115.11232566833496, {'accuracy': 0.1023}, 1938.8491065)
[2023-11-24 11:04:04,363][flwr][INFO] - evaluate_round 5: no clients selected, cancel
[2023-11-24 11:04:04,363][flwr][DEBUG] - fit_round 6: strategy sampled 20 clients (out of 20)
[2023-11-24 11:10:31,208][flwr][DEBUG] - fit_round 6 received 20 results and 0 failures
[2023-11-24 11:10:34,546][flwr][INFO] - fit progress: (6, 115.0963568687439, {'accuracy': 0.1031}, 2329.0381116999997)
[2023-11-24 11:10:34,546][flwr][INFO] - evaluate_round 6: no clients selected, cancel
[2023-11-24 11:10:34,546][flwr][DEBUG] - fit_round 7: strategy sampled 20 clients (out of 20)
[2023-11-24 11:16:56,537][flwr][DEBUG] - fit_round 7 received 20 results and 0 failures
[2023-11-24 11:17:00,259][flwr][INFO] - fit progress: (7, 115.08003401756287, {'accuracy': 0.1037}, 2714.7489859999996)
[2023-11-24 11:17:00,259][flwr][INFO] - evaluate_round 7: no clients selected, cancel
[2023-11-24 11:17:00,259][flwr][DEBUG] - fit_round 8: strategy sampled 20 clients (out of 20)
[2023-11-24 11:23:24,722][flwr][DEBUG] - fit_round 8 received 20 results and 0 failures
[2023-11-24 11:23:28,042][flwr][INFO] - fit progress: (8, 115.06310105323792, {'accuracy': 0.1042}, 3102.5321033)
[2023-11-24 11:23:28,042][flwr][INFO] - evaluate_round 8: no clients selected, cancel
[2023-11-24 11:23:28,042][flwr][DEBUG] - fit_round 9: strategy sampled 20 clients (out of 20)
[2023-11-24 11:29:47,928][flwr][DEBUG] - fit_round 9 received 20 results and 0 failures
[2023-11-24 11:29:51,584][flwr][INFO] - fit progress: (9, 115.04529452323914, {'accuracy': 0.1061}, 3486.0721357999996)
[2023-11-24 11:29:51,584][flwr][INFO] - evaluate_round 9: no clients selected, cancel
[2023-11-24 11:29:51,584][flwr][DEBUG] - fit_round 10: strategy sampled 20 clients (out of 20)
[2023-11-24 11:36:12,091][flwr][DEBUG] - fit_round 10 received 20 results and 0 failures
[2023-11-24 11:36:15,385][flwr][INFO] - fit progress: (10, 115.02635025978088, {'accuracy': 0.1074}, 3869.8770479)
[2023-11-24 11:36:15,385][flwr][INFO] - evaluate_round 10: no clients selected, cancel
[2023-11-24 11:36:15,385][flwr][DEBUG] - fit_round 11: strategy sampled 20 clients (out of 20)
[2023-11-24 11:42:38,556][flwr][DEBUG] - fit_round 11 received 20 results and 0 failures
[2023-11-24 11:42:41,855][flwr][INFO] - fit progress: (11, 115.0059084892273, {'accuracy': 0.1096}, 4256.3439586)
[2023-11-24 11:42:41,857][flwr][INFO] - evaluate_round 11: no clients selected, cancel
[2023-11-24 11:42:41,859][flwr][DEBUG] - fit_round 12: strategy sampled 20 clients (out of 20)
[2023-11-24 11:49:05,957][flwr][DEBUG] - fit_round 12 received 20 results and 0 failures
[2023-11-24 11:49:09,162][flwr][INFO] - fit progress: (12, 114.98368954658508, {'accuracy': 0.1124}, 4643.6548654)
[2023-11-24 11:49:09,162][flwr][INFO] - evaluate_round 12: no clients selected, cancel
[2023-11-24 11:49:09,162][flwr][DEBUG] - fit_round 13: strategy sampled 20 clients (out of 20)
[2023-11-24 11:55:27,945][flwr][DEBUG] - fit_round 13 received 20 results and 0 failures
[2023-11-24 11:55:30,956][flwr][INFO] - fit progress: (13, 114.95960354804993, {'accuracy': 0.1138}, 5025.4499671)
[2023-11-24 11:55:30,956][flwr][INFO] - evaluate_round 13: no clients selected, cancel
[2023-11-24 11:55:30,956][flwr][DEBUG] - fit_round 14: strategy sampled 20 clients (out of 20)
[2023-11-24 12:01:50,977][flwr][DEBUG] - fit_round 14 received 20 results and 0 failures
[2023-11-24 12:01:53,996][flwr][INFO] - fit progress: (14, 114.93326234817505, {'accuracy': 0.1161}, 5408.4895205)
[2023-11-24 12:01:53,996][flwr][INFO] - evaluate_round 14: no clients selected, cancel
[2023-11-24 12:01:53,996][flwr][DEBUG] - fit_round 15: strategy sampled 20 clients (out of 20)
[2023-11-24 12:08:25,579][flwr][DEBUG] - fit_round 15 received 20 results and 0 failures
[2023-11-24 12:08:28,704][flwr][INFO] - fit progress: (15, 114.90442633628845, {'accuracy': 0.1161}, 5803.197974000001)
[2023-11-24 12:08:28,704][flwr][INFO] - evaluate_round 15: no clients selected, cancel
[2023-11-24 12:08:28,713][flwr][DEBUG] - fit_round 16: strategy sampled 20 clients (out of 20)
[2023-11-24 12:14:54,476][flwr][DEBUG] - fit_round 16 received 20 results and 0 failures
[2023-11-24 12:14:57,584][flwr][INFO] - fit progress: (16, 114.87299942970276, {'accuracy': 0.1179}, 6192.0722232)
[2023-11-24 12:14:57,584][flwr][INFO] - evaluate_round 16: no clients selected, cancel
[2023-11-24 12:14:57,584][flwr][DEBUG] - fit_round 17: strategy sampled 20 clients (out of 20)
[2023-11-24 12:21:17,484][flwr][DEBUG] - fit_round 17 received 20 results and 0 failures
[2023-11-24 12:21:20,642][flwr][INFO] - fit progress: (17, 114.8386390209198, {'accuracy': 0.1184}, 6575.1388548)
[2023-11-24 12:21:20,652][flwr][INFO] - evaluate_round 17: no clients selected, cancel
[2023-11-24 12:21:20,652][flwr][DEBUG] - fit_round 18: strategy sampled 20 clients (out of 20)
[2023-11-24 12:27:48,381][flwr][DEBUG] - fit_round 18 received 20 results and 0 failures
[2023-11-24 12:27:52,019][flwr][INFO] - fit progress: (18, 114.8008964061737, {'accuracy': 0.1234}, 6966.5073271)
[2023-11-24 12:27:52,019][flwr][INFO] - evaluate_round 18: no clients selected, cancel
[2023-11-24 12:27:52,019][flwr][DEBUG] - fit_round 19: strategy sampled 20 clients (out of 20)
[2023-11-24 12:34:14,938][flwr][DEBUG] - fit_round 19 received 20 results and 0 failures
[2023-11-24 12:34:18,445][flwr][INFO] - fit progress: (19, 114.75913119316101, {'accuracy': 0.1301}, 7352.934058700001)
[2023-11-24 12:34:18,445][flwr][INFO] - evaluate_round 19: no clients selected, cancel
[2023-11-24 12:34:18,445][flwr][DEBUG] - fit_round 20: strategy sampled 20 clients (out of 20)
[2023-11-24 12:40:43,030][flwr][DEBUG] - fit_round 20 received 20 results and 0 failures
[2023-11-24 12:40:46,275][flwr][INFO] - fit progress: (20, 114.7122802734375, {'accuracy': 0.1396}, 7740.769491800001)
[2023-11-24 12:40:46,275][flwr][INFO] - evaluate_round 20: no clients selected, cancel
[2023-11-24 12:40:46,275][flwr][DEBUG] - fit_round 21: strategy sampled 20 clients (out of 20)
[2023-11-24 12:47:13,614][flwr][DEBUG] - fit_round 21 received 20 results and 0 failures
[2023-11-24 12:47:17,132][flwr][INFO] - fit progress: (21, 114.65880823135376, {'accuracy': 0.1505}, 8131.622491)
[2023-11-24 12:47:17,132][flwr][INFO] - evaluate_round 21: no clients selected, cancel
[2023-11-24 12:47:17,132][flwr][DEBUG] - fit_round 22: strategy sampled 20 clients (out of 20)
[2023-11-24 12:53:38,662][flwr][DEBUG] - fit_round 22 received 20 results and 0 failures
[2023-11-24 12:53:42,070][flwr][INFO] - fit progress: (22, 114.59680438041687, {'accuracy': 0.163}, 8516.566259700001)
[2023-11-24 12:53:42,070][flwr][INFO] - evaluate_round 22: no clients selected, cancel
[2023-11-24 12:53:42,080][flwr][DEBUG] - fit_round 23: strategy sampled 20 clients (out of 20)
[2023-11-24 13:00:06,805][flwr][DEBUG] - fit_round 23 received 20 results and 0 failures
[2023-11-24 13:00:09,838][flwr][INFO] - fit progress: (23, 114.52411818504333, {'accuracy': 0.1785}, 8904.3310894)
[2023-11-24 13:00:09,838][flwr][INFO] - evaluate_round 23: no clients selected, cancel
[2023-11-24 13:00:09,838][flwr][DEBUG] - fit_round 24: strategy sampled 20 clients (out of 20)
[2023-11-24 13:06:34,592][flwr][DEBUG] - fit_round 24 received 20 results and 0 failures
[2023-11-24 13:06:37,890][flwr][INFO] - fit progress: (24, 114.4375102519989, {'accuracy': 0.1928}, 9292.380036)
[2023-11-24 13:06:37,890][flwr][INFO] - evaluate_round 24: no clients selected, cancel
[2023-11-24 13:06:37,890][flwr][DEBUG] - fit_round 25: strategy sampled 20 clients (out of 20)
[2023-11-24 13:13:05,466][flwr][DEBUG] - fit_round 25 received 20 results and 0 failures
[2023-11-24 13:13:08,886][flwr][INFO] - fit progress: (25, 114.33264350891113, {'accuracy': 0.2059}, 9683.3734128)
[2023-11-24 13:13:08,886][flwr][INFO] - evaluate_round 25: no clients selected, cancel
[2023-11-24 13:13:08,886][flwr][DEBUG] - fit_round 26: strategy sampled 20 clients (out of 20)
[2023-11-24 13:19:26,835][flwr][DEBUG] - fit_round 26 received 20 results and 0 failures
[2023-11-24 13:19:30,107][flwr][INFO] - fit progress: (26, 114.2039532661438, {'accuracy': 0.2159}, 10064.597322900001)
[2023-11-24 13:19:30,107][flwr][INFO] - evaluate_round 26: no clients selected, cancel
[2023-11-24 13:19:30,107][flwr][DEBUG] - fit_round 27: strategy sampled 20 clients (out of 20)
[2023-11-24 13:25:49,375][flwr][DEBUG] - fit_round 27 received 20 results and 0 failures
[2023-11-24 13:25:52,730][flwr][INFO] - fit progress: (27, 114.04410648345947, {'accuracy': 0.2208}, 10447.2264695)
[2023-11-24 13:25:52,740][flwr][INFO] - evaluate_round 27: no clients selected, cancel
[2023-11-24 13:25:52,740][flwr][DEBUG] - fit_round 28: strategy sampled 20 clients (out of 20)
[2023-11-24 13:32:12,139][flwr][DEBUG] - fit_round 28 received 20 results and 0 failures
[2023-11-24 13:32:15,358][flwr][INFO] - fit progress: (28, 113.84432077407837, {'accuracy': 0.2238}, 10829.8491943)
[2023-11-24 13:32:15,358][flwr][INFO] - evaluate_round 28: no clients selected, cancel
[2023-11-24 13:32:15,358][flwr][DEBUG] - fit_round 29: strategy sampled 20 clients (out of 20)
[2023-11-24 13:38:29,402][flwr][DEBUG] - fit_round 29 received 20 results and 0 failures
[2023-11-24 13:38:32,671][flwr][INFO] - fit progress: (29, 113.5909366607666, {'accuracy': 0.2275}, 11207.160331500001)
[2023-11-24 13:38:32,671][flwr][INFO] - evaluate_round 29: no clients selected, cancel
[2023-11-24 13:38:32,671][flwr][DEBUG] - fit_round 30: strategy sampled 20 clients (out of 20)
[2023-11-24 13:44:52,678][flwr][DEBUG] - fit_round 30 received 20 results and 0 failures
[2023-11-24 13:44:56,029][flwr][INFO] - fit progress: (30, 113.26723337173462, {'accuracy': 0.2276}, 11590.516953)
[2023-11-24 13:44:56,030][flwr][INFO] - evaluate_round 30: no clients selected, cancel
[2023-11-24 13:44:56,032][flwr][DEBUG] - fit_round 31: strategy sampled 20 clients (out of 20)
[2023-11-24 13:51:16,232][flwr][DEBUG] - fit_round 31 received 20 results and 0 failures
[2023-11-24 13:51:19,685][flwr][INFO] - fit progress: (31, 112.8487057685852, {'accuracy': 0.2267}, 11974.1746654)
[2023-11-24 13:51:19,685][flwr][INFO] - evaluate_round 31: no clients selected, cancel
[2023-11-24 13:51:19,685][flwr][DEBUG] - fit_round 32: strategy sampled 20 clients (out of 20)
[2023-11-24 13:57:36,883][flwr][DEBUG] - fit_round 32 received 20 results and 0 failures
[2023-11-24 13:57:40,134][flwr][INFO] - fit progress: (32, 112.30298089981079, {'accuracy': 0.2282}, 12354.626275)
[2023-11-24 13:57:40,134][flwr][INFO] - evaluate_round 32: no clients selected, cancel
[2023-11-24 13:57:40,134][flwr][DEBUG] - fit_round 33: strategy sampled 20 clients (out of 20)
[2023-11-24 14:03:58,252][flwr][DEBUG] - fit_round 33 received 20 results and 0 failures
[2023-11-24 14:04:01,548][flwr][INFO] - fit progress: (33, 111.59256720542908, {'accuracy': 0.2307}, 12736.0461337)
[2023-11-24 14:04:01,558][flwr][INFO] - evaluate_round 33: no clients selected, cancel
[2023-11-24 14:04:01,558][flwr][DEBUG] - fit_round 34: strategy sampled 20 clients (out of 20)
[2023-11-24 14:10:25,300][flwr][DEBUG] - fit_round 34 received 20 results and 0 failures
[2023-11-24 14:10:28,465][flwr][INFO] - fit progress: (34, 110.66156196594238, {'accuracy': 0.2337}, 13122.9551278)
[2023-11-24 14:10:28,465][flwr][INFO] - evaluate_round 34: no clients selected, cancel
[2023-11-24 14:10:28,465][flwr][DEBUG] - fit_round 35: strategy sampled 20 clients (out of 20)
[2023-11-24 14:16:46,858][flwr][DEBUG] - fit_round 35 received 20 results and 0 failures
[2023-11-24 14:16:50,002][flwr][INFO] - fit progress: (35, 109.45525336265564, {'accuracy': 0.237}, 13504.496490200001)
[2023-11-24 14:16:50,002][flwr][INFO] - evaluate_round 35: no clients selected, cancel
[2023-11-24 14:16:50,002][flwr][DEBUG] - fit_round 36: strategy sampled 20 clients (out of 20)
[2023-11-24 14:23:08,683][flwr][DEBUG] - fit_round 36 received 20 results and 0 failures
[2023-11-24 14:23:12,101][flwr][INFO] - fit progress: (36, 107.94522094726562, {'accuracy': 0.2408}, 13886.5952017)
[2023-11-24 14:23:12,101][flwr][INFO] - evaluate_round 36: no clients selected, cancel
[2023-11-24 14:23:12,101][flwr][DEBUG] - fit_round 37: strategy sampled 20 clients (out of 20)
[2023-11-24 14:29:32,458][flwr][DEBUG] - fit_round 37 received 20 results and 0 failures
[2023-11-24 14:29:35,712][flwr][INFO] - fit progress: (37, 106.23942446708679, {'accuracy': 0.2503}, 14270.2035529)
[2023-11-24 14:29:35,712][flwr][INFO] - evaluate_round 37: no clients selected, cancel
[2023-11-24 14:29:35,712][flwr][DEBUG] - fit_round 38: strategy sampled 20 clients (out of 20)
[2023-11-24 14:35:54,072][flwr][DEBUG] - fit_round 38 received 20 results and 0 failures
[2023-11-24 14:35:57,687][flwr][INFO] - fit progress: (38, 104.60358786582947, {'accuracy': 0.2573}, 14652.1804367)
[2023-11-24 14:35:57,687][flwr][INFO] - evaluate_round 38: no clients selected, cancel
[2023-11-24 14:35:57,687][flwr][DEBUG] - fit_round 39: strategy sampled 20 clients (out of 20)
[2023-11-24 14:42:13,894][flwr][DEBUG] - fit_round 39 received 20 results and 0 failures
[2023-11-24 14:42:17,511][flwr][INFO] - fit progress: (39, 103.20120573043823, {'accuracy': 0.2653}, 15032.0081922)
[2023-11-24 14:42:17,521][flwr][INFO] - evaluate_round 39: no clients selected, cancel
[2023-11-24 14:42:17,521][flwr][DEBUG] - fit_round 40: strategy sampled 20 clients (out of 20)
[2023-11-24 14:48:31,519][flwr][DEBUG] - fit_round 40 received 20 results and 0 failures
[2023-11-24 14:48:34,739][flwr][INFO] - fit progress: (40, 102.00863015651703, {'accuracy': 0.2702}, 15409.2322255)
[2023-11-24 14:48:34,739][flwr][INFO] - evaluate_round 40: no clients selected, cancel
[2023-11-24 14:48:34,739][flwr][DEBUG] - fit_round 41: strategy sampled 20 clients (out of 20)
[2023-11-24 14:54:54,886][flwr][DEBUG] - fit_round 41 received 20 results and 0 failures
[2023-11-24 14:54:58,416][flwr][INFO] - fit progress: (41, 100.95935261249542, {'accuracy': 0.2774}, 15792.9111381)
[2023-11-24 14:54:58,416][flwr][INFO] - evaluate_round 41: no clients selected, cancel
[2023-11-24 14:54:58,426][flwr][DEBUG] - fit_round 42: strategy sampled 20 clients (out of 20)
[2023-11-24 15:01:15,349][flwr][DEBUG] - fit_round 42 received 20 results and 0 failures
[2023-11-24 15:01:18,960][flwr][INFO] - fit progress: (42, 100.06728005409241, {'accuracy': 0.2819}, 16173.4568751)
[2023-11-24 15:01:18,970][flwr][INFO] - evaluate_round 42: no clients selected, cancel
[2023-11-24 15:01:18,970][flwr][DEBUG] - fit_round 43: strategy sampled 20 clients (out of 20)
[2023-11-24 15:07:49,089][flwr][DEBUG] - fit_round 43 received 20 results and 0 failures
[2023-11-24 15:07:52,584][flwr][INFO] - fit progress: (43, 99.30504620075226, {'accuracy': 0.2849}, 16567.0786419)
[2023-11-24 15:07:52,584][flwr][INFO] - evaluate_round 43: no clients selected, cancel
[2023-11-24 15:07:52,584][flwr][DEBUG] - fit_round 44: strategy sampled 20 clients (out of 20)
[2023-11-24 15:14:15,901][flwr][DEBUG] - fit_round 44 received 20 results and 0 failures
[2023-11-24 15:14:19,128][flwr][INFO] - fit progress: (44, 98.64895439147949, {'accuracy': 0.2872}, 16953.625372799997)
[2023-11-24 15:14:19,138][flwr][INFO] - evaluate_round 44: no clients selected, cancel
[2023-11-24 15:14:19,138][flwr][DEBUG] - fit_round 45: strategy sampled 20 clients (out of 20)
[2023-11-24 15:20:38,720][flwr][DEBUG] - fit_round 45 received 20 results and 0 failures
[2023-11-24 15:20:42,133][flwr][INFO] - fit progress: (45, 98.07798230648041, {'accuracy': 0.2912}, 17336.6271686)
[2023-11-24 15:20:42,133][flwr][INFO] - evaluate_round 45: no clients selected, cancel
[2023-11-24 15:20:42,133][flwr][DEBUG] - fit_round 46: strategy sampled 20 clients (out of 20)
[2023-11-24 15:27:04,968][flwr][DEBUG] - fit_round 46 received 20 results and 0 failures
[2023-11-24 15:27:08,242][flwr][INFO] - fit progress: (46, 97.56951344013214, {'accuracy': 0.2932}, 17722.735404199997)
[2023-11-24 15:27:08,242][flwr][INFO] - evaluate_round 46: no clients selected, cancel
[2023-11-24 15:27:08,242][flwr][DEBUG] - fit_round 47: strategy sampled 20 clients (out of 20)
[2023-11-24 15:33:29,158][flwr][DEBUG] - fit_round 47 received 20 results and 0 failures
[2023-11-24 15:33:32,267][flwr][INFO] - fit progress: (47, 97.10498678684235, {'accuracy': 0.2957}, 18106.7566442)
[2023-11-24 15:33:32,267][flwr][INFO] - evaluate_round 47: no clients selected, cancel
[2023-11-24 15:33:32,267][flwr][DEBUG] - fit_round 48: strategy sampled 20 clients (out of 20)
[2023-11-24 15:39:56,737][flwr][DEBUG] - fit_round 48 received 20 results and 0 failures
[2023-11-24 15:40:00,119][flwr][INFO] - fit progress: (48, 96.6740790605545, {'accuracy': 0.2976}, 18494.608872499997)
[2023-11-24 15:40:00,119][flwr][INFO] - evaluate_round 48: no clients selected, cancel
[2023-11-24 15:40:00,119][flwr][DEBUG] - fit_round 49: strategy sampled 20 clients (out of 20)
[2023-11-24 15:46:23,804][flwr][DEBUG] - fit_round 49 received 20 results and 0 failures
[2023-11-24 15:46:27,344][flwr][INFO] - fit progress: (49, 96.27287530899048, {'accuracy': 0.3016}, 18881.836453599997)
[2023-11-24 15:46:27,344][flwr][INFO] - evaluate_round 49: no clients selected, cancel
[2023-11-24 15:46:27,344][flwr][DEBUG] - fit_round 50: strategy sampled 20 clients (out of 20)
[2023-11-24 15:52:44,806][flwr][DEBUG] - fit_round 50 received 20 results and 0 failures
[2023-11-24 15:52:48,036][flwr][INFO] - fit progress: (50, 95.88426911830902, {'accuracy': 0.3044}, 19262.530578299997)
[2023-11-24 15:52:48,036][flwr][INFO] - evaluate_round 50: no clients selected, cancel
[2023-11-24 15:52:48,036][flwr][DEBUG] - fit_round 51: strategy sampled 20 clients (out of 20)
[2023-11-24 15:59:09,354][flwr][DEBUG] - fit_round 51 received 20 results and 0 failures
[2023-11-24 15:59:12,657][flwr][INFO] - fit progress: (51, 95.51239693164825, {'accuracy': 0.3063}, 19647.146260399997)
[2023-11-24 15:59:12,657][flwr][INFO] - evaluate_round 51: no clients selected, cancel
[2023-11-24 15:59:12,657][flwr][DEBUG] - fit_round 52: strategy sampled 20 clients (out of 20)
[2023-11-24 16:05:32,224][flwr][DEBUG] - fit_round 52 received 20 results and 0 failures
[2023-11-24 16:05:35,454][flwr][INFO] - fit progress: (52, 95.14636373519897, {'accuracy': 0.3098}, 20029.945382899998)
[2023-11-24 16:05:35,454][flwr][INFO] - evaluate_round 52: no clients selected, cancel
[2023-11-24 16:05:35,454][flwr][DEBUG] - fit_round 53: strategy sampled 20 clients (out of 20)
[2023-11-24 16:11:54,569][flwr][DEBUG] - fit_round 53 received 20 results and 0 failures
[2023-11-24 16:11:57,658][flwr][INFO] - fit progress: (53, 94.77938270568848, {'accuracy': 0.3113}, 20412.150866099997)
[2023-11-24 16:11:57,658][flwr][INFO] - evaluate_round 53: no clients selected, cancel
[2023-11-24 16:11:57,658][flwr][DEBUG] - fit_round 54: strategy sampled 20 clients (out of 20)
[2023-11-24 16:18:18,652][flwr][DEBUG] - fit_round 54 received 20 results and 0 failures
[2023-11-24 16:18:22,130][flwr][INFO] - fit progress: (54, 94.4212384223938, {'accuracy': 0.3127}, 20796.6207997)
[2023-11-24 16:18:22,130][flwr][INFO] - evaluate_round 54: no clients selected, cancel
[2023-11-24 16:18:22,130][flwr][DEBUG] - fit_round 55: strategy sampled 20 clients (out of 20)
[2023-11-24 16:24:40,974][flwr][DEBUG] - fit_round 55 received 20 results and 0 failures
[2023-11-24 16:24:43,933][flwr][INFO] - fit progress: (55, 94.0567352771759, {'accuracy': 0.3154}, 21178.425179399997)
[2023-11-24 16:24:43,933][flwr][INFO] - evaluate_round 55: no clients selected, cancel
[2023-11-24 16:24:43,933][flwr][DEBUG] - fit_round 56: strategy sampled 20 clients (out of 20)
[2023-11-24 16:30:59,805][flwr][DEBUG] - fit_round 56 received 20 results and 0 failures
[2023-11-24 16:31:02,951][flwr][INFO] - fit progress: (56, 93.69324326515198, {'accuracy': 0.3177}, 21557.4422609)
[2023-11-24 16:31:02,951][flwr][INFO] - evaluate_round 56: no clients selected, cancel
[2023-11-24 16:31:02,951][flwr][DEBUG] - fit_round 57: strategy sampled 20 clients (out of 20)
[2023-11-24 16:37:23,381][flwr][DEBUG] - fit_round 57 received 20 results and 0 failures
[2023-11-24 16:37:26,959][flwr][INFO] - fit progress: (57, 93.32195508480072, {'accuracy': 0.3201}, 21941.454445199997)
[2023-11-24 16:37:26,959][flwr][INFO] - evaluate_round 57: no clients selected, cancel
[2023-11-24 16:37:26,969][flwr][DEBUG] - fit_round 58: strategy sampled 20 clients (out of 20)
[2023-11-24 16:43:50,750][flwr][DEBUG] - fit_round 58 received 20 results and 0 failures
[2023-11-24 16:43:53,915][flwr][INFO] - fit progress: (58, 92.94299638271332, {'accuracy': 0.3245}, 22328.4069111)
[2023-11-24 16:43:53,915][flwr][INFO] - evaluate_round 58: no clients selected, cancel
[2023-11-24 16:43:53,915][flwr][DEBUG] - fit_round 59: strategy sampled 20 clients (out of 20)
[2023-11-24 16:50:15,375][flwr][DEBUG] - fit_round 59 received 20 results and 0 failures
[2023-11-24 16:50:18,713][flwr][INFO] - fit progress: (59, 92.54734873771667, {'accuracy': 0.327}, 22713.2016466)
[2023-11-24 16:50:18,713][flwr][INFO] - evaluate_round 59: no clients selected, cancel
[2023-11-24 16:50:18,713][flwr][DEBUG] - fit_round 60: strategy sampled 20 clients (out of 20)
[2023-11-24 16:56:39,506][flwr][DEBUG] - fit_round 60 received 20 results and 0 failures
[2023-11-24 16:56:42,827][flwr][INFO] - fit progress: (60, 92.13785457611084, {'accuracy': 0.3296}, 23097.318223)
[2023-11-24 16:56:42,832][flwr][INFO] - evaluate_round 60: no clients selected, cancel
[2023-11-24 16:56:42,833][flwr][DEBUG] - fit_round 61: strategy sampled 20 clients (out of 20)
[2023-11-24 17:03:10,564][flwr][DEBUG] - fit_round 61 received 20 results and 0 failures
[2023-11-24 17:03:14,065][flwr][INFO] - fit progress: (61, 91.7097282409668, {'accuracy': 0.3316}, 23488.555684199997)
[2023-11-24 17:03:14,065][flwr][INFO] - evaluate_round 61: no clients selected, cancel
[2023-11-24 17:03:14,065][flwr][DEBUG] - fit_round 62: strategy sampled 20 clients (out of 20)
[2023-11-24 17:09:42,768][flwr][DEBUG] - fit_round 62 received 20 results and 0 failures
[2023-11-24 17:09:46,036][flwr][INFO] - fit progress: (62, 91.27031230926514, {'accuracy': 0.3345}, 23880.5276409)
[2023-11-24 17:09:46,036][flwr][INFO] - evaluate_round 62: no clients selected, cancel
[2023-11-24 17:09:46,036][flwr][DEBUG] - fit_round 63: strategy sampled 20 clients (out of 20)
[2023-11-24 17:16:05,796][flwr][DEBUG] - fit_round 63 received 20 results and 0 failures
[2023-11-24 17:16:09,323][flwr][INFO] - fit progress: (63, 90.81838011741638, {'accuracy': 0.3389}, 24263.8163728)
[2023-11-24 17:16:09,323][flwr][INFO] - evaluate_round 63: no clients selected, cancel
[2023-11-24 17:16:09,323][flwr][DEBUG] - fit_round 64: strategy sampled 20 clients (out of 20)
[2023-11-24 17:22:33,938][flwr][DEBUG] - fit_round 64 received 20 results and 0 failures
[2023-11-24 17:22:37,306][flwr][INFO] - fit progress: (64, 90.34177255630493, {'accuracy': 0.3401}, 24651.7967257)
[2023-11-24 17:22:37,306][flwr][INFO] - evaluate_round 64: no clients selected, cancel
[2023-11-24 17:22:37,306][flwr][DEBUG] - fit_round 65: strategy sampled 20 clients (out of 20)
[2023-11-24 17:29:00,032][flwr][DEBUG] - fit_round 65 received 20 results and 0 failures
[2023-11-24 17:29:03,209][flwr][INFO] - fit progress: (65, 89.84727334976196, {'accuracy': 0.344}, 25037.704505499998)
[2023-11-24 17:29:03,209][flwr][INFO] - evaluate_round 65: no clients selected, cancel
[2023-11-24 17:29:03,219][flwr][DEBUG] - fit_round 66: strategy sampled 20 clients (out of 20)
[2023-11-24 17:35:23,576][flwr][DEBUG] - fit_round 66 received 20 results and 0 failures
[2023-11-24 17:35:27,014][flwr][INFO] - fit progress: (66, 89.34874629974365, {'accuracy': 0.3485}, 25421.506325799997)
[2023-11-24 17:35:27,014][flwr][INFO] - evaluate_round 66: no clients selected, cancel
[2023-11-24 17:35:27,014][flwr][DEBUG] - fit_round 67: strategy sampled 20 clients (out of 20)
[2023-11-24 17:41:55,470][flwr][DEBUG] - fit_round 67 received 20 results and 0 failures
[2023-11-24 17:41:59,045][flwr][INFO] - fit progress: (67, 88.82575035095215, {'accuracy': 0.353}, 25813.5336879)
[2023-11-24 17:41:59,045][flwr][INFO] - evaluate_round 67: no clients selected, cancel
[2023-11-24 17:41:59,045][flwr][DEBUG] - fit_round 68: strategy sampled 20 clients (out of 20)
[2023-11-24 17:48:26,557][flwr][DEBUG] - fit_round 68 received 20 results and 0 failures
[2023-11-24 17:48:29,632][flwr][INFO] - fit progress: (68, 88.29968893527985, {'accuracy': 0.3572}, 26204.1278077)
[2023-11-24 17:48:29,632][flwr][INFO] - evaluate_round 68: no clients selected, cancel
[2023-11-24 17:48:29,642][flwr][DEBUG] - fit_round 69: strategy sampled 20 clients (out of 20)
[2023-11-24 17:54:52,613][flwr][DEBUG] - fit_round 69 received 20 results and 0 failures
[2023-11-24 17:54:55,974][flwr][INFO] - fit progress: (69, 87.77504575252533, {'accuracy': 0.3596}, 26590.4641995)
[2023-11-24 17:54:55,974][flwr][INFO] - evaluate_round 69: no clients selected, cancel
[2023-11-24 17:54:55,974][flwr][DEBUG] - fit_round 70: strategy sampled 20 clients (out of 20)
[2023-11-24 18:01:17,768][flwr][DEBUG] - fit_round 70 received 20 results and 0 failures
[2023-11-24 18:01:20,923][flwr][INFO] - fit progress: (70, 87.25393402576447, {'accuracy': 0.3633}, 26975.4123786)
[2023-11-24 18:01:20,923][flwr][INFO] - evaluate_round 70: no clients selected, cancel
[2023-11-24 18:01:20,923][flwr][DEBUG] - fit_round 71: strategy sampled 20 clients (out of 20)
[2023-11-24 18:07:46,955][flwr][DEBUG] - fit_round 71 received 20 results and 0 failures
[2023-11-24 18:07:50,313][flwr][INFO] - fit progress: (71, 86.7461324930191, {'accuracy': 0.3685}, 27364.8014907)
[2023-11-24 18:07:50,313][flwr][INFO] - evaluate_round 71: no clients selected, cancel
[2023-11-24 18:07:50,313][flwr][DEBUG] - fit_round 72: strategy sampled 20 clients (out of 20)
[2023-11-24 18:14:19,209][flwr][DEBUG] - fit_round 72 received 20 results and 0 failures
[2023-11-24 18:14:22,699][flwr][INFO] - fit progress: (72, 86.24642646312714, {'accuracy': 0.369}, 27757.191366799998)
[2023-11-24 18:14:22,699][flwr][INFO] - evaluate_round 72: no clients selected, cancel
[2023-11-24 18:14:22,699][flwr][DEBUG] - fit_round 73: strategy sampled 20 clients (out of 20)
[2023-11-24 18:20:41,123][flwr][DEBUG] - fit_round 73 received 20 results and 0 failures
[2023-11-24 18:20:44,951][flwr][INFO] - fit progress: (73, 85.75860512256622, {'accuracy': 0.3709}, 28139.4403836)
[2023-11-24 18:20:44,951][flwr][INFO] - evaluate_round 73: no clients selected, cancel
[2023-11-24 18:20:44,951][flwr][DEBUG] - fit_round 74: strategy sampled 20 clients (out of 20)
[2023-11-24 18:27:02,983][flwr][DEBUG] - fit_round 74 received 20 results and 0 failures
[2023-11-24 18:27:06,184][flwr][INFO] - fit progress: (74, 85.29892635345459, {'accuracy': 0.3749}, 28520.6785841)
[2023-11-24 18:27:06,184][flwr][INFO] - evaluate_round 74: no clients selected, cancel
[2023-11-24 18:27:06,184][flwr][DEBUG] - fit_round 75: strategy sampled 20 clients (out of 20)
[2023-11-24 18:33:21,816][flwr][DEBUG] - fit_round 75 received 20 results and 0 failures
[2023-11-24 18:33:24,937][flwr][INFO] - fit progress: (75, 84.84448909759521, {'accuracy': 0.3772}, 28899.428500299997)
[2023-11-24 18:33:24,937][flwr][INFO] - evaluate_round 75: no clients selected, cancel
[2023-11-24 18:33:24,937][flwr][DEBUG] - fit_round 76: strategy sampled 20 clients (out of 20)
[2023-11-24 18:39:44,061][flwr][DEBUG] - fit_round 76 received 20 results and 0 failures
[2023-11-24 18:39:47,276][flwr][INFO] - fit progress: (76, 84.41687786579132, {'accuracy': 0.3806}, 29281.768183)
[2023-11-24 18:39:47,276][flwr][INFO] - evaluate_round 76: no clients selected, cancel
[2023-11-24 18:39:47,276][flwr][DEBUG] - fit_round 77: strategy sampled 20 clients (out of 20)
[2023-11-24 18:46:06,074][flwr][DEBUG] - fit_round 77 received 20 results and 0 failures
[2023-11-24 18:46:09,390][flwr][INFO] - fit progress: (77, 83.99840033054352, {'accuracy': 0.3841}, 29663.8786592)
[2023-11-24 18:46:09,390][flwr][INFO] - evaluate_round 77: no clients selected, cancel
[2023-11-24 18:46:09,390][flwr][DEBUG] - fit_round 78: strategy sampled 20 clients (out of 20)
[2023-11-24 18:52:30,122][flwr][DEBUG] - fit_round 78 received 20 results and 0 failures
[2023-11-24 18:52:33,741][flwr][INFO] - fit progress: (78, 83.60048627853394, {'accuracy': 0.386}, 30048.2339311)
[2023-11-24 18:52:33,741][flwr][INFO] - evaluate_round 78: no clients selected, cancel
[2023-11-24 18:52:33,741][flwr][DEBUG] - fit_round 79: strategy sampled 20 clients (out of 20)
[2023-11-24 18:58:55,370][flwr][DEBUG] - fit_round 79 received 20 results and 0 failures
[2023-11-24 18:58:58,444][flwr][INFO] - fit progress: (79, 83.21471095085144, {'accuracy': 0.3905}, 30432.9347528)
[2023-11-24 18:58:58,444][flwr][INFO] - evaluate_round 79: no clients selected, cancel
[2023-11-24 18:58:58,444][flwr][DEBUG] - fit_round 80: strategy sampled 20 clients (out of 20)
[2023-11-24 19:05:24,883][flwr][DEBUG] - fit_round 80 received 20 results and 0 failures
[2023-11-24 19:05:28,422][flwr][INFO] - fit progress: (80, 82.83815038204193, {'accuracy': 0.393}, 30822.9148311)
[2023-11-24 19:05:28,422][flwr][INFO] - evaluate_round 80: no clients selected, cancel
[2023-11-24 19:05:28,422][flwr][DEBUG] - fit_round 81: strategy sampled 20 clients (out of 20)
[2023-11-24 19:11:44,482][flwr][DEBUG] - fit_round 81 received 20 results and 0 failures
[2023-11-24 19:11:47,906][flwr][INFO] - fit progress: (81, 82.47399353981018, {'accuracy': 0.3953}, 31202.3942305)
[2023-11-24 19:11:47,906][flwr][INFO] - evaluate_round 81: no clients selected, cancel
[2023-11-24 19:11:47,906][flwr][DEBUG] - fit_round 82: strategy sampled 20 clients (out of 20)
[2023-11-24 19:18:04,321][flwr][DEBUG] - fit_round 82 received 20 results and 0 failures
[2023-11-24 19:18:07,545][flwr][INFO] - fit progress: (82, 82.11523056030273, {'accuracy': 0.3991}, 31582.033790999998)
[2023-11-24 19:18:07,545][flwr][INFO] - evaluate_round 82: no clients selected, cancel
[2023-11-24 19:18:07,545][flwr][DEBUG] - fit_round 83: strategy sampled 20 clients (out of 20)
[2023-11-24 19:24:24,392][flwr][DEBUG] - fit_round 83 received 20 results and 0 failures
[2023-11-24 19:24:27,617][flwr][INFO] - fit progress: (83, 81.76966321468353, {'accuracy': 0.4008}, 31962.104650499998)
[2023-11-24 19:24:27,618][flwr][INFO] - evaluate_round 83: no clients selected, cancel
[2023-11-24 19:24:27,619][flwr][DEBUG] - fit_round 84: strategy sampled 20 clients (out of 20)
[2023-11-24 19:30:43,400][flwr][DEBUG] - fit_round 84 received 20 results and 0 failures
[2023-11-24 19:30:46,347][flwr][INFO] - fit progress: (84, 81.43076205253601, {'accuracy': 0.4039}, 32340.8402217)
[2023-11-24 19:30:46,347][flwr][INFO] - evaluate_round 84: no clients selected, cancel
[2023-11-24 19:30:46,347][flwr][DEBUG] - fit_round 85: strategy sampled 20 clients (out of 20)
[2023-11-24 19:37:08,074][flwr][DEBUG] - fit_round 85 received 20 results and 0 failures
[2023-11-24 19:37:11,293][flwr][INFO] - fit progress: (85, 81.09385013580322, {'accuracy': 0.4076}, 32725.7857519)
[2023-11-24 19:37:11,293][flwr][INFO] - evaluate_round 85: no clients selected, cancel
[2023-11-24 19:37:11,293][flwr][DEBUG] - fit_round 86: strategy sampled 20 clients (out of 20)
[2023-11-24 19:43:34,425][flwr][DEBUG] - fit_round 86 received 20 results and 0 failures
[2023-11-24 19:43:37,874][flwr][INFO] - fit progress: (86, 80.77933323383331, {'accuracy': 0.4095}, 33112.3661851)
[2023-11-24 19:43:37,874][flwr][INFO] - evaluate_round 86: no clients selected, cancel
[2023-11-24 19:43:37,874][flwr][DEBUG] - fit_round 87: strategy sampled 20 clients (out of 20)
[2023-11-24 19:49:59,916][flwr][DEBUG] - fit_round 87 received 20 results and 0 failures
[2023-11-24 19:50:03,182][flwr][INFO] - fit progress: (87, 80.45377743244171, {'accuracy': 0.4126}, 33497.6744486)
[2023-11-24 19:50:03,182][flwr][INFO] - evaluate_round 87: no clients selected, cancel
[2023-11-24 19:50:03,182][flwr][DEBUG] - fit_round 88: strategy sampled 20 clients (out of 20)
[2023-11-24 19:56:19,670][flwr][DEBUG] - fit_round 88 received 20 results and 0 failures
[2023-11-24 19:56:22,869][flwr][INFO] - fit progress: (88, 80.14301180839539, {'accuracy': 0.4157}, 33877.364329)
[2023-11-24 19:56:22,869][flwr][INFO] - evaluate_round 88: no clients selected, cancel
[2023-11-24 19:56:22,869][flwr][DEBUG] - fit_round 89: strategy sampled 20 clients (out of 20)
[2023-11-24 20:02:40,529][flwr][DEBUG] - fit_round 89 received 20 results and 0 failures
[2023-11-24 20:02:44,019][flwr][INFO] - fit progress: (89, 79.8301237821579, {'accuracy': 0.4174}, 34258.513588500005)
[2023-11-24 20:02:44,019][flwr][INFO] - evaluate_round 89: no clients selected, cancel
[2023-11-24 20:02:44,019][flwr][DEBUG] - fit_round 90: strategy sampled 20 clients (out of 20)
[2023-11-24 20:09:03,924][flwr][DEBUG] - fit_round 90 received 20 results and 0 failures
[2023-11-24 20:09:07,175][flwr][INFO] - fit progress: (90, 79.53870236873627, {'accuracy': 0.4207}, 34641.6669807)
[2023-11-24 20:09:07,175][flwr][INFO] - evaluate_round 90: no clients selected, cancel
[2023-11-24 20:09:07,175][flwr][DEBUG] - fit_round 91: strategy sampled 20 clients (out of 20)
[2023-11-24 20:15:30,388][flwr][DEBUG] - fit_round 91 received 20 results and 0 failures
[2023-11-24 20:15:33,492][flwr][INFO] - fit progress: (91, 79.24837112426758, {'accuracy': 0.4225}, 35027.9896086)
[2023-11-24 20:15:33,502][flwr][INFO] - evaluate_round 91: no clients selected, cancel
[2023-11-24 20:15:33,502][flwr][DEBUG] - fit_round 92: strategy sampled 20 clients (out of 20)
[2023-11-24 20:21:56,881][flwr][DEBUG] - fit_round 92 received 20 results and 0 failures
[2023-11-24 20:22:00,011][flwr][INFO] - fit progress: (92, 78.94736921787262, {'accuracy': 0.4242}, 35414.5006096)
[2023-11-24 20:22:00,011][flwr][INFO] - evaluate_round 92: no clients selected, cancel
[2023-11-24 20:22:00,011][flwr][DEBUG] - fit_round 93: strategy sampled 20 clients (out of 20)
[2023-11-24 20:28:21,938][flwr][DEBUG] - fit_round 93 received 20 results and 0 failures
[2023-11-24 20:28:25,198][flwr][INFO] - fit progress: (93, 78.66652929782867, {'accuracy': 0.4277}, 35799.693933200004)
[2023-11-24 20:28:25,198][flwr][INFO] - evaluate_round 93: no clients selected, cancel
[2023-11-24 20:28:25,208][flwr][DEBUG] - fit_round 94: strategy sampled 20 clients (out of 20)
[2023-11-24 20:34:43,592][flwr][DEBUG] - fit_round 94 received 20 results and 0 failures
[2023-11-24 20:34:46,792][flwr][INFO] - fit progress: (94, 78.38004767894745, {'accuracy': 0.4292}, 36181.287920400006)
[2023-11-24 20:34:46,792][flwr][INFO] - evaluate_round 94: no clients selected, cancel
[2023-11-24 20:34:46,802][flwr][DEBUG] - fit_round 95: strategy sampled 20 clients (out of 20)
[2023-11-24 20:41:05,411][flwr][DEBUG] - fit_round 95 received 20 results and 0 failures
[2023-11-24 20:41:08,621][flwr][INFO] - fit progress: (95, 78.11451506614685, {'accuracy': 0.4315}, 36563.1087912)
[2023-11-24 20:41:08,621][flwr][INFO] - evaluate_round 95: no clients selected, cancel
[2023-11-24 20:41:08,621][flwr][DEBUG] - fit_round 96: strategy sampled 20 clients (out of 20)
[2023-11-24 20:47:28,656][flwr][DEBUG] - fit_round 96 received 20 results and 0 failures
[2023-11-24 20:47:32,026][flwr][INFO] - fit progress: (96, 77.83584833145142, {'accuracy': 0.4332}, 36946.5220291)
[2023-11-24 20:47:32,026][flwr][INFO] - evaluate_round 96: no clients selected, cancel
[2023-11-24 20:47:32,036][flwr][DEBUG] - fit_round 97: strategy sampled 20 clients (out of 20)
[2023-11-24 20:53:53,798][flwr][DEBUG] - fit_round 97 received 20 results and 0 failures
[2023-11-24 20:53:57,286][flwr][INFO] - fit progress: (97, 77.56308114528656, {'accuracy': 0.4338}, 37331.7758601)
[2023-11-24 20:53:57,286][flwr][INFO] - evaluate_round 97: no clients selected, cancel
[2023-11-24 20:53:57,286][flwr][DEBUG] - fit_round 98: strategy sampled 20 clients (out of 20)
[2023-11-24 21:00:16,763][flwr][DEBUG] - fit_round 98 received 20 results and 0 failures
[2023-11-24 21:00:20,163][flwr][INFO] - fit progress: (98, 77.30510294437408, {'accuracy': 0.436}, 37714.6525208)
[2023-11-24 21:00:20,163][flwr][INFO] - evaluate_round 98: no clients selected, cancel
[2023-11-24 21:00:20,163][flwr][DEBUG] - fit_round 99: strategy sampled 20 clients (out of 20)
[2023-11-24 21:06:36,946][flwr][DEBUG] - fit_round 99 received 20 results and 0 failures
[2023-11-24 21:06:40,156][flwr][INFO] - fit progress: (99, 77.04557454586029, {'accuracy': 0.4364}, 38094.6439045)
[2023-11-24 21:06:40,156][flwr][INFO] - evaluate_round 99: no clients selected, cancel
[2023-11-24 21:06:40,156][flwr][DEBUG] - fit_round 100: strategy sampled 20 clients (out of 20)
[2023-11-24 21:13:02,266][flwr][DEBUG] - fit_round 100 received 20 results and 0 failures
[2023-11-24 21:13:05,621][flwr][INFO] - fit progress: (100, 76.79733884334564, {'accuracy': 0.4414}, 38480.1180937)
[2023-11-24 21:13:05,631][flwr][INFO] - evaluate_round 100: no clients selected, cancel
[2023-11-24 21:13:05,631][flwr][INFO] - FL finished in 38480.1204086
[2023-11-24 21:13:05,631][flwr][INFO] - app_fit: losses_distributed []
[2023-11-24 21:13:05,631][flwr][INFO] - app_fit: metrics_distributed_fit {}
[2023-11-24 21:13:05,631][flwr][INFO] - app_fit: metrics_distributed {}
[2023-11-24 21:13:05,631][flwr][INFO] - app_fit: losses_centralized [(0, 115.19259357452393), (1, 115.17572069168091), (2, 115.15935802459717), (3, 115.14347982406616), (4, 115.12790751457214), (5, 115.11232566833496), (6, 115.0963568687439), (7, 115.08003401756287), (8, 115.06310105323792), (9, 115.04529452323914), (10, 115.02635025978088), (11, 115.0059084892273), (12, 114.98368954658508), (13, 114.95960354804993), (14, 114.93326234817505), (15, 114.90442633628845), (16, 114.87299942970276), (17, 114.8386390209198), (18, 114.8008964061737), (19, 114.75913119316101), (20, 114.7122802734375), (21, 114.65880823135376), (22, 114.59680438041687), (23, 114.52411818504333), (24, 114.4375102519989), (25, 114.33264350891113), (26, 114.2039532661438), (27, 114.04410648345947), (28, 113.84432077407837), (29, 113.5909366607666), (30, 113.26723337173462), (31, 112.8487057685852), (32, 112.30298089981079), (33, 111.59256720542908), (34, 110.66156196594238), (35, 109.45525336265564), (36, 107.94522094726562), (37, 106.23942446708679), (38, 104.60358786582947), (39, 103.20120573043823), (40, 102.00863015651703), (41, 100.95935261249542), (42, 100.06728005409241), (43, 99.30504620075226), (44, 98.64895439147949), (45, 98.07798230648041), (46, 97.56951344013214), (47, 97.10498678684235), (48, 96.6740790605545), (49, 96.27287530899048), (50, 95.88426911830902), (51, 95.51239693164825), (52, 95.14636373519897), (53, 94.77938270568848), (54, 94.4212384223938), (55, 94.0567352771759), (56, 93.69324326515198), (57, 93.32195508480072), (58, 92.94299638271332), (59, 92.54734873771667), (60, 92.13785457611084), (61, 91.7097282409668), (62, 91.27031230926514), (63, 90.81838011741638), (64, 90.34177255630493), (65, 89.84727334976196), (66, 89.34874629974365), (67, 88.82575035095215), (68, 88.29968893527985), (69, 87.77504575252533), (70, 87.25393402576447), (71, 86.7461324930191), (72, 86.24642646312714), (73, 85.75860512256622), (74, 85.29892635345459), (75, 84.84448909759521), (76, 84.41687786579132), (77, 83.99840033054352), (78, 83.60048627853394), (79, 83.21471095085144), (80, 82.83815038204193), (81, 82.47399353981018), (82, 82.11523056030273), (83, 81.76966321468353), (84, 81.43076205253601), (85, 81.09385013580322), (86, 80.77933323383331), (87, 80.45377743244171), (88, 80.14301180839539), (89, 79.8301237821579), (90, 79.53870236873627), (91, 79.24837112426758), (92, 78.94736921787262), (93, 78.66652929782867), (94, 78.38004767894745), (95, 78.11451506614685), (96, 77.83584833145142), (97, 77.56308114528656), (98, 77.30510294437408), (99, 77.04557454586029), (100, 76.79733884334564)]
[2023-11-24 21:13:05,642][flwr][INFO] - app_fit: metrics_centralized {'accuracy': [(0, 0.1005), (1, 0.1005), (2, 0.1016), (3, 0.1018), (4, 0.1018), (5, 0.1023), (6, 0.1031), (7, 0.1037), (8, 0.1042), (9, 0.1061), (10, 0.1074), (11, 0.1096), (12, 0.1124), (13, 0.1138), (14, 0.1161), (15, 0.1161), (16, 0.1179), (17, 0.1184), (18, 0.1234), (19, 0.1301), (20, 0.1396), (21, 0.1505), (22, 0.163), (23, 0.1785), (24, 0.1928), (25, 0.2059), (26, 0.2159), (27, 0.2208), (28, 0.2238), (29, 0.2275), (30, 0.2276), (31, 0.2267), (32, 0.2282), (33, 0.2307), (34, 0.2337), (35, 0.237), (36, 0.2408), (37, 0.2503), (38, 0.2573), (39, 0.2653), (40, 0.2702), (41, 0.2774), (42, 0.2819), (43, 0.2849), (44, 0.2872), (45, 0.2912), (46, 0.2932), (47, 0.2957), (48, 0.2976), (49, 0.3016), (50, 0.3044), (51, 0.3063), (52, 0.3098), (53, 0.3113), (54, 0.3127), (55, 0.3154), (56, 0.3177), (57, 0.3201), (58, 0.3245), (59, 0.327), (60, 0.3296), (61, 0.3316), (62, 0.3345), (63, 0.3389), (64, 0.3401), (65, 0.344), (66, 0.3485), (67, 0.353), (68, 0.3572), (69, 0.3596), (70, 0.3633), (71, 0.3685), (72, 0.369), (73, 0.3709), (74, 0.3749), (75, 0.3772), (76, 0.3806), (77, 0.3841), (78, 0.386), (79, 0.3905), (80, 0.393), (81, 0.3953), (82, 0.3991), (83, 0.4008), (84, 0.4039), (85, 0.4076), (86, 0.4095), (87, 0.4126), (88, 0.4157), (89, 0.4174), (90, 0.4207), (91, 0.4225), (92, 0.4242), (93, 0.4277), (94, 0.4292), (95, 0.4315), (96, 0.4332), (97, 0.4338), (98, 0.436), (99, 0.4364), (100, 0.4414)]}
