[2023-11-21 16:20:48,096][flwr][INFO] - Starting Flower simulation, config: ServerConfig(num_rounds=100, round_timeout=None)
[2023-11-21 16:20:51,870][flwr][INFO] - Flower VCE: Ray initialized with resources: {'CPU': 32.0, 'node:127.0.0.1': 1.0, 'object_store_memory': 37756906291.0, 'GPU': 1.0, 'memory': 78099448013.0}
[2023-11-21 16:20:51,880][flwr][INFO] - Initializing global parameters
[2023-11-21 16:20:51,880][flwr][INFO] - Requesting initial parameters from one random client
[2023-11-21 16:20:55,339][flwr][INFO] - Received initial parameters from one random client
[2023-11-21 16:20:55,339][flwr][INFO] - Evaluating initial parameters
[2023-11-21 16:21:03,465][flwr][INFO] - initial parameters (loss, other metrics): 115.26593708992004, {'accuracy': 0.1}
[2023-11-21 16:21:03,465][flwr][INFO] - FL starting
[2023-11-21 16:21:03,465][flwr][DEBUG] - fit_round 1: strategy sampled 20 clients (out of 20)
[2023-11-21 16:24:27,733][flwr][DEBUG] - fit_round 1 received 20 results and 0 failures
[2023-11-21 16:24:27,798][flwr][WARNING] - No fit_metrics_aggregation_fn provided
[2023-11-21 16:24:31,041][flwr][INFO] - fit progress: (1, 115.03533601760864, {'accuracy': 0.1041}, 207.57865700000002)
[2023-11-21 16:24:31,051][flwr][DEBUG] - evaluate_round 1: strategy sampled 20 clients (out of 20)
[2023-11-21 16:25:19,711][flwr][DEBUG] - evaluate_round 1 received 20 results and 0 failures
[2023-11-21 16:25:19,711][flwr][WARNING] - No evaluate_metrics_aggregation_fn provided
[2023-11-21 16:25:19,711][flwr][DEBUG] - fit_round 2: strategy sampled 20 clients (out of 20)
[2023-11-21 16:28:31,105][flwr][DEBUG] - fit_round 2 received 20 results and 0 failures
[2023-11-21 16:28:34,190][flwr][INFO] - fit progress: (2, 114.54172253608704, {'accuracy': 0.1113}, 450.7217776)
[2023-11-21 16:28:34,190][flwr][DEBUG] - evaluate_round 2: strategy sampled 20 clients (out of 20)
[2023-11-21 16:29:26,148][flwr][DEBUG] - evaluate_round 2 received 20 results and 0 failures
[2023-11-21 16:29:26,148][flwr][DEBUG] - fit_round 3: strategy sampled 20 clients (out of 20)
[2023-11-21 16:32:37,108][flwr][DEBUG] - fit_round 3 received 20 results and 0 failures
[2023-11-21 16:32:40,420][flwr][INFO] - fit progress: (3, 112.94842314720154, {'accuracy': 0.1415}, 696.9508800000001)
[2023-11-21 16:32:40,420][flwr][DEBUG] - evaluate_round 3: strategy sampled 20 clients (out of 20)
[2023-11-21 16:33:27,069][flwr][DEBUG] - evaluate_round 3 received 20 results and 0 failures
[2023-11-21 16:33:27,069][flwr][DEBUG] - fit_round 4: strategy sampled 20 clients (out of 20)
[2023-11-21 16:36:42,381][flwr][DEBUG] - fit_round 4 received 20 results and 0 failures
[2023-11-21 16:36:45,639][flwr][INFO] - fit progress: (4, 106.07453989982605, {'accuracy': 0.2309}, 942.1748784)
[2023-11-21 16:36:45,639][flwr][DEBUG] - evaluate_round 4: strategy sampled 20 clients (out of 20)
[2023-11-21 16:37:33,719][flwr][DEBUG] - evaluate_round 4 received 20 results and 0 failures
[2023-11-21 16:37:33,719][flwr][DEBUG] - fit_round 5: strategy sampled 20 clients (out of 20)
[2023-11-21 16:40:45,996][flwr][DEBUG] - fit_round 5 received 20 results and 0 failures
[2023-11-21 16:40:49,001][flwr][INFO] - fit progress: (5, 100.95584404468536, {'accuracy': 0.2629}, 1185.535547)
[2023-11-21 16:40:49,001][flwr][DEBUG] - evaluate_round 5: strategy sampled 20 clients (out of 20)
[2023-11-21 16:41:36,758][flwr][DEBUG] - evaluate_round 5 received 20 results and 0 failures
[2023-11-21 16:41:36,768][flwr][DEBUG] - fit_round 6: strategy sampled 20 clients (out of 20)
[2023-11-21 16:44:50,856][flwr][DEBUG] - fit_round 6 received 20 results and 0 failures
[2023-11-21 16:44:54,151][flwr][INFO] - fit progress: (6, 99.0520179271698, {'accuracy': 0.2749}, 1430.6794877)
[2023-11-21 16:44:54,153][flwr][DEBUG] - evaluate_round 6: strategy sampled 20 clients (out of 20)
[2023-11-21 16:45:41,931][flwr][DEBUG] - evaluate_round 6 received 20 results and 0 failures
[2023-11-21 16:45:41,941][flwr][DEBUG] - fit_round 7: strategy sampled 20 clients (out of 20)
[2023-11-21 16:48:54,218][flwr][DEBUG] - fit_round 7 received 20 results and 0 failures
[2023-11-21 16:48:57,456][flwr][INFO] - fit progress: (7, 97.35857617855072, {'accuracy': 0.2993}, 1673.9887224000001)
[2023-11-21 16:48:57,456][flwr][DEBUG] - evaluate_round 7: strategy sampled 20 clients (out of 20)
[2023-11-21 16:49:42,365][flwr][DEBUG] - evaluate_round 7 received 20 results and 0 failures
[2023-11-21 16:49:42,365][flwr][DEBUG] - fit_round 8: strategy sampled 20 clients (out of 20)
[2023-11-21 16:52:55,983][flwr][DEBUG] - fit_round 8 received 20 results and 0 failures
[2023-11-21 16:52:59,268][flwr][INFO] - fit progress: (8, 95.27175629138947, {'accuracy': 0.315}, 1915.7964668)
[2023-11-21 16:52:59,268][flwr][DEBUG] - evaluate_round 8: strategy sampled 20 clients (out of 20)
[2023-11-21 16:53:46,774][flwr][DEBUG] - evaluate_round 8 received 20 results and 0 failures
[2023-11-21 16:53:46,774][flwr][DEBUG] - fit_round 9: strategy sampled 20 clients (out of 20)
[2023-11-21 16:57:04,036][flwr][DEBUG] - fit_round 9 received 20 results and 0 failures
[2023-11-21 16:57:07,274][flwr][INFO] - fit progress: (9, 92.559406042099, {'accuracy': 0.3455}, 2163.8037508)
[2023-11-21 16:57:07,274][flwr][DEBUG] - evaluate_round 9: strategy sampled 20 clients (out of 20)
[2023-11-21 16:57:56,128][flwr][DEBUG] - evaluate_round 9 received 20 results and 0 failures
[2023-11-21 16:57:56,138][flwr][DEBUG] - fit_round 10: strategy sampled 20 clients (out of 20)
[2023-11-21 17:01:12,787][flwr][DEBUG] - fit_round 10 received 20 results and 0 failures
[2023-11-21 17:01:15,841][flwr][INFO] - fit progress: (10, 89.91972231864929, {'accuracy': 0.3617}, 2412.3710762)
[2023-11-21 17:01:15,841][flwr][DEBUG] - evaluate_round 10: strategy sampled 20 clients (out of 20)
[2023-11-21 17:02:04,042][flwr][DEBUG] - evaluate_round 10 received 20 results and 0 failures
[2023-11-21 17:02:04,042][flwr][DEBUG] - fit_round 11: strategy sampled 20 clients (out of 20)
[2023-11-21 17:05:23,325][flwr][DEBUG] - fit_round 11 received 20 results and 0 failures
[2023-11-21 17:05:26,550][flwr][INFO] - fit progress: (11, 87.84286725521088, {'accuracy': 0.3756}, 2663.0868452)
[2023-11-21 17:05:26,560][flwr][DEBUG] - evaluate_round 11: strategy sampled 20 clients (out of 20)
[2023-11-21 17:06:14,196][flwr][DEBUG] - evaluate_round 11 received 20 results and 0 failures
[2023-11-21 17:06:14,196][flwr][DEBUG] - fit_round 12: strategy sampled 20 clients (out of 20)
[2023-11-21 17:09:26,174][flwr][DEBUG] - fit_round 12 received 20 results and 0 failures
[2023-11-21 17:09:29,602][flwr][INFO] - fit progress: (12, 85.65772593021393, {'accuracy': 0.388}, 2906.1348946)
[2023-11-21 17:09:29,602][flwr][DEBUG] - evaluate_round 12: strategy sampled 20 clients (out of 20)
[2023-11-21 17:10:14,151][flwr][DEBUG] - evaluate_round 12 received 20 results and 0 failures
[2023-11-21 17:10:14,151][flwr][DEBUG] - fit_round 13: strategy sampled 20 clients (out of 20)
