[2023-10-12 16:42:56,806][flwr][INFO] - Starting Flower simulation, config: ServerConfig(num_rounds=10, round_timeout=None)
[2023-10-12 16:43:00,791][flwr][INFO] - Flower VCE: Ray initialized with resources: {'GPU': 1.0, 'object_store_memory': 37098410803.0, 'CPU': 32.0, 'memory': 76562958541.0, 'node:127.0.0.1': 1.0}
[2023-10-12 16:43:00,807][flwr][INFO] - Initializing global parameters
[2023-10-12 16:43:00,807][flwr][INFO] - Requesting initial parameters from one random client
[2023-10-12 16:43:03,008][flwr][INFO] - Received initial parameters from one random client
[2023-10-12 16:43:03,008][flwr][INFO] - Evaluating initial parameters
[2023-10-12 16:43:11,109][flwr][INFO] - initial parameters (loss, other metrics): 182.4929473400116, {'accuracy': 0.0929}
[2023-10-12 16:43:11,109][flwr][INFO] - FL starting
[2023-10-12 16:43:11,109][flwr][DEBUG] - fit_round 1: strategy sampled 50 clients (out of 100)
[2023-10-12 16:44:11,831][flwr][DEBUG] - fit_round 1 received 50 results and 0 failures
[2023-10-12 16:44:11,989][flwr][WARNING] - No fit_metrics_aggregation_fn provided
[2023-10-12 16:44:14,896][flwr][INFO] - fit progress: (1, 178.5953631401062, {'accuracy': 0.2693}, 63.780726599999994)
[2023-10-12 16:44:14,896][flwr][DEBUG] - evaluate_round 1: strategy sampled 50 clients (out of 100)
[2023-10-12 16:45:03,488][flwr][DEBUG] - evaluate_round 1 received 50 results and 0 failures
[2023-10-12 16:45:03,488][flwr][WARNING] - No evaluate_metrics_aggregation_fn provided
[2023-10-12 16:45:03,488][flwr][DEBUG] - fit_round 2: strategy sampled 50 clients (out of 100)
[2023-10-12 16:45:56,272][flwr][DEBUG] - fit_round 2 received 50 results and 0 failures
[2023-10-12 16:45:59,322][flwr][INFO] - fit progress: (2, 149.28177404403687, {'accuracy': 0.5522}, 168.20825390000002)
[2023-10-12 16:45:59,322][flwr][DEBUG] - evaluate_round 2: strategy sampled 50 clients (out of 100)
[2023-10-12 16:46:48,055][flwr][DEBUG] - evaluate_round 2 received 50 results and 0 failures
[2023-10-12 16:46:48,055][flwr][DEBUG] - fit_round 3: strategy sampled 50 clients (out of 100)
[2023-10-12 16:47:42,397][flwr][DEBUG] - fit_round 3 received 50 results and 0 failures
[2023-10-12 16:47:45,379][flwr][INFO] - fit progress: (3, 56.19875207543373, {'accuracy': 0.7928}, 274.26836610000004)
[2023-10-12 16:47:45,379][flwr][DEBUG] - evaluate_round 3: strategy sampled 50 clients (out of 100)
[2023-10-12 16:48:34,430][flwr][DEBUG] - evaluate_round 3 received 50 results and 0 failures
[2023-10-12 16:48:34,430][flwr][DEBUG] - fit_round 4: strategy sampled 50 clients (out of 100)
[2023-10-12 16:49:29,649][flwr][DEBUG] - fit_round 4 received 50 results and 0 failures
[2023-10-12 16:49:32,586][flwr][INFO] - fit progress: (4, 47.34041836857796, {'accuracy': 0.8496}, 381.4710401)
[2023-10-12 16:49:32,586][flwr][DEBUG] - evaluate_round 4: strategy sampled 50 clients (out of 100)
[2023-10-12 16:50:21,998][flwr][DEBUG] - evaluate_round 4 received 50 results and 0 failures
[2023-10-12 16:50:21,998][flwr][DEBUG] - fit_round 5: strategy sampled 50 clients (out of 100)
[2023-10-12 16:51:16,824][flwr][DEBUG] - fit_round 5 received 50 results and 0 failures
[2023-10-12 16:51:19,919][flwr][INFO] - fit progress: (5, 37.55703645944595, {'accuracy': 0.875}, 488.8048002)
[2023-10-12 16:51:19,919][flwr][DEBUG] - evaluate_round 5: strategy sampled 50 clients (out of 100)
[2023-10-12 16:52:08,319][flwr][DEBUG] - evaluate_round 5 received 50 results and 0 failures
[2023-10-12 16:52:08,319][flwr][DEBUG] - fit_round 6: strategy sampled 50 clients (out of 100)
[2023-10-12 16:53:03,780][flwr][DEBUG] - fit_round 6 received 50 results and 0 failures
[2023-10-12 16:53:06,751][flwr][INFO] - fit progress: (6, 29.056500107049942, {'accuracy': 0.8993}, 595.6480723999999)
[2023-10-12 16:53:06,767][flwr][DEBUG] - evaluate_round 6: strategy sampled 50 clients (out of 100)
[2023-10-12 16:53:56,032][flwr][DEBUG] - evaluate_round 6 received 50 results and 0 failures
[2023-10-12 16:53:56,032][flwr][DEBUG] - fit_round 7: strategy sampled 50 clients (out of 100)
[2023-10-12 16:54:48,505][flwr][DEBUG] - fit_round 7 received 50 results and 0 failures
[2023-10-12 16:54:51,929][flwr][INFO] - fit progress: (7, 21.567627988755703, {'accuracy': 0.9225}, 700.8189265999999)
[2023-10-12 16:54:51,929][flwr][DEBUG] - evaluate_round 7: strategy sampled 50 clients (out of 100)
[2023-10-12 16:55:41,887][flwr][DEBUG] - evaluate_round 7 received 50 results and 0 failures
[2023-10-12 16:55:41,887][flwr][DEBUG] - fit_round 8: strategy sampled 50 clients (out of 100)
[2023-10-12 16:56:35,915][flwr][DEBUG] - fit_round 8 received 50 results and 0 failures
[2023-10-12 16:56:39,072][flwr][INFO] - fit progress: (8, 18.35746105015278, {'accuracy': 0.9318}, 807.9593278)
[2023-10-12 16:56:39,072][flwr][DEBUG] - evaluate_round 8: strategy sampled 50 clients (out of 100)
[2023-10-12 16:57:27,318][flwr][DEBUG] - evaluate_round 8 received 50 results and 0 failures
[2023-10-12 16:57:27,318][flwr][DEBUG] - fit_round 9: strategy sampled 50 clients (out of 100)
[2023-10-12 16:58:20,372][flwr][DEBUG] - fit_round 9 received 50 results and 0 failures
[2023-10-12 16:58:23,591][flwr][INFO] - fit progress: (9, 16.092757837846875, {'accuracy': 0.9392}, 912.4748303)
[2023-10-12 16:58:23,591][flwr][DEBUG] - evaluate_round 9: strategy sampled 50 clients (out of 100)
[2023-10-12 16:59:12,152][flwr][DEBUG] - evaluate_round 9 received 50 results and 0 failures
[2023-10-12 16:59:12,152][flwr][DEBUG] - fit_round 10: strategy sampled 50 clients (out of 100)
[2023-10-12 17:00:05,186][flwr][DEBUG] - fit_round 10 received 50 results and 0 failures
[2023-10-12 17:00:08,238][flwr][INFO] - fit progress: (10, 14.634288418106735, {'accuracy': 0.946}, 1017.1271414)
[2023-10-12 17:00:08,238][flwr][DEBUG] - evaluate_round 10: strategy sampled 50 clients (out of 100)
[2023-10-12 17:00:56,796][flwr][DEBUG] - evaluate_round 10 received 50 results and 0 failures
[2023-10-12 17:00:56,796][flwr][INFO] - FL finished in 1065.6917259
[2023-10-12 17:00:56,796][flwr][INFO] - app_fit: losses_distributed [(1, 6.784282898902893), (2, 5.671968314647675), (3, 2.1872603940963744), (4, 1.9053727173805237), (5, 1.4568323311209679), (6, 1.2067341446876525), (7, 0.8984147855639457), (8, 0.7298574247211218), (9, 0.6652443855628372), (10, 0.6480348471179604)]
[2023-10-12 17:00:56,796][flwr][INFO] - app_fit: metrics_distributed_fit {}
[2023-10-12 17:00:56,812][flwr][INFO] - app_fit: metrics_distributed {}
[2023-10-12 17:00:56,812][flwr][INFO] - app_fit: losses_centralized [(0, 182.4929473400116), (1, 178.5953631401062), (2, 149.28177404403687), (3, 56.19875207543373), (4, 47.34041836857796), (5, 37.55703645944595), (6, 29.056500107049942), (7, 21.567627988755703), (8, 18.35746105015278), (9, 16.092757837846875), (10, 14.634288418106735)]
[2023-10-12 17:00:56,812][flwr][INFO] - app_fit: metrics_centralized {'accuracy': [(0, 0.0929), (1, 0.2693), (2, 0.5522), (3, 0.7928), (4, 0.8496), (5, 0.875), (6, 0.8993), (7, 0.9225), (8, 0.9318), (9, 0.9392), (10, 0.946)]}
