[2023-11-16 07:34:04,619][flwr][INFO] - Starting Flower simulation, config: ServerConfig(num_rounds=10, round_timeout=None)
[2023-11-16 07:34:08,296][flwr][INFO] - Flower VCE: Ray initialized with resources: {'node:127.0.0.1': 1.0, 'object_store_memory': 38251777228.0, 'CPU': 32.0, 'memory': 79254146868.0, 'GPU': 1.0}
[2023-11-16 07:34:08,300][flwr][INFO] - Initializing global parameters
[2023-11-16 07:34:08,301][flwr][INFO] - Requesting initial parameters from one random client
[2023-11-16 07:34:11,617][flwr][INFO] - Received initial parameters from one random client
[2023-11-16 07:34:11,618][flwr][INFO] - Evaluating initial parameters
[2023-11-16 07:34:19,595][flwr][INFO] - initial parameters (loss, other metrics): 115.18561673164368, {'accuracy': 0.1052}
[2023-11-16 07:34:19,595][flwr][INFO] - FL starting
[2023-11-16 07:34:19,595][flwr][DEBUG] - fit_round 1: strategy sampled 5 clients (out of 100)
[2023-11-16 07:34:41,683][flwr][DEBUG] - fit_round 1 received 5 results and 0 failures
[2023-11-16 07:34:41,696][flwr][WARNING] - No fit_metrics_aggregation_fn provided
[2023-11-16 07:34:45,142][flwr][INFO] - fit progress: (1, 114.94071459770203, {'accuracy': 0.1222}, 25.544571500000004)
[2023-11-16 07:34:45,142][flwr][DEBUG] - evaluate_round 1: strategy sampled 5 clients (out of 100)
[2023-11-16 07:34:59,516][flwr][DEBUG] - evaluate_round 1 received 5 results and 0 failures
[2023-11-16 07:34:59,516][flwr][WARNING] - No evaluate_metrics_aggregation_fn provided
[2023-11-16 07:34:59,516][flwr][DEBUG] - fit_round 2: strategy sampled 5 clients (out of 100)
[2023-11-16 07:35:13,843][flwr][DEBUG] - fit_round 2 received 5 results and 0 failures
[2023-11-16 07:35:17,002][flwr][INFO] - fit progress: (2, 114.58081984519958, {'accuracy': 0.1111}, 57.400011199999994)
[2023-11-16 07:35:17,002][flwr][DEBUG] - evaluate_round 2: strategy sampled 5 clients (out of 100)
[2023-11-16 07:35:30,731][flwr][DEBUG] - evaluate_round 2 received 5 results and 0 failures
[2023-11-16 07:35:30,731][flwr][DEBUG] - fit_round 3: strategy sampled 5 clients (out of 100)
[2023-11-16 07:35:44,998][flwr][DEBUG] - fit_round 3 received 5 results and 0 failures
[2023-11-16 07:35:48,996][flwr][INFO] - fit progress: (3, 113.95530986785889, {'accuracy': 0.1327}, 89.3931598)
[2023-11-16 07:35:48,996][flwr][DEBUG] - evaluate_round 3: strategy sampled 5 clients (out of 100)
[2023-11-16 07:36:03,813][flwr][DEBUG] - evaluate_round 3 received 5 results and 0 failures
[2023-11-16 07:36:03,829][flwr][DEBUG] - fit_round 4: strategy sampled 5 clients (out of 100)
[2023-11-16 07:36:18,068][flwr][DEBUG] - fit_round 4 received 5 results and 0 failures
[2023-11-16 07:36:22,156][flwr][INFO] - fit progress: (4, 112.40984630584717, {'accuracy': 0.1694}, 122.56468229999999)
[2023-11-16 07:36:22,156][flwr][DEBUG] - evaluate_round 4: strategy sampled 5 clients (out of 100)
[2023-11-16 07:36:36,686][flwr][DEBUG] - evaluate_round 4 received 5 results and 0 failures
[2023-11-16 07:36:36,686][flwr][DEBUG] - fit_round 5: strategy sampled 5 clients (out of 100)
[2023-11-16 07:36:50,443][flwr][DEBUG] - fit_round 5 received 5 results and 0 failures
[2023-11-16 07:36:54,231][flwr][INFO] - fit progress: (5, 108.85483479499817, {'accuracy': 0.1777}, 154.6357515)
[2023-11-16 07:36:54,231][flwr][DEBUG] - evaluate_round 5: strategy sampled 5 clients (out of 100)
[2023-11-16 07:37:08,050][flwr][DEBUG] - evaluate_round 5 received 5 results and 0 failures
[2023-11-16 07:37:08,050][flwr][DEBUG] - fit_round 6: strategy sampled 5 clients (out of 100)
[2023-11-16 07:37:22,173][flwr][DEBUG] - fit_round 6 received 5 results and 0 failures
[2023-11-16 07:37:25,949][flwr][INFO] - fit progress: (6, 105.61952257156372, {'accuracy': 0.2294}, 186.3574493)
[2023-11-16 07:37:25,949][flwr][DEBUG] - evaluate_round 6: strategy sampled 5 clients (out of 100)
[2023-11-16 07:37:40,114][flwr][DEBUG] - evaluate_round 6 received 5 results and 0 failures
[2023-11-16 07:37:40,114][flwr][DEBUG] - fit_round 7: strategy sampled 5 clients (out of 100)
[2023-11-16 07:37:54,797][flwr][DEBUG] - fit_round 7 received 5 results and 0 failures
[2023-11-16 07:37:58,262][flwr][INFO] - fit progress: (7, 110.18423986434937, {'accuracy': 0.1768}, 218.6651186)
[2023-11-16 07:37:58,262][flwr][DEBUG] - evaluate_round 7: strategy sampled 5 clients (out of 100)
[2023-11-16 07:38:11,715][flwr][DEBUG] - evaluate_round 7 received 5 results and 0 failures
[2023-11-16 07:38:11,715][flwr][DEBUG] - fit_round 8: strategy sampled 5 clients (out of 100)
[2023-11-16 07:38:26,105][flwr][DEBUG] - fit_round 8 received 5 results and 0 failures
[2023-11-16 07:38:29,684][flwr][INFO] - fit progress: (8, 101.23323404788971, {'accuracy': 0.2429}, 250.0868834)
[2023-11-16 07:38:29,684][flwr][DEBUG] - evaluate_round 8: strategy sampled 5 clients (out of 100)
[2023-11-15 19:11:29,151][flwr][DEBUG] - evaluate_round 8 received 5 results and 0 failures
[2023-11-15 19:11:29,151][flwr][DEBUG] - fit_round 9: strategy sampled 5 clients (out of 100)
[2023-11-15 19:11:43,778][flwr][DEBUG] - fit_round 9 received 5 results and 0 failures
[2023-11-15 19:11:46,809][flwr][INFO] - fit progress: (9, 101.46465110778809, {'accuracy': 0.2511}, 282.6726029)
[2023-11-15 19:11:46,809][flwr][DEBUG] - evaluate_round 9: strategy sampled 5 clients (out of 100)
[2023-11-15 19:12:00,933][flwr][DEBUG] - evaluate_round 9 received 5 results and 0 failures
[2023-11-15 19:12:00,933][flwr][DEBUG] - fit_round 10: strategy sampled 5 clients (out of 100)
[2023-11-15 19:12:15,511][flwr][DEBUG] - fit_round 10 received 5 results and 0 failures
[2023-11-15 19:12:18,716][flwr][INFO] - fit progress: (10, 98.8361028432846, {'accuracy': 0.2897}, 314.5853797)
[2023-11-15 19:12:18,732][flwr][DEBUG] - evaluate_round 10: strategy sampled 5 clients (out of 100)
[2023-11-15 19:12:32,731][flwr][DEBUG] - evaluate_round 10 received 5 results and 0 failures
[2023-11-15 19:12:32,731][flwr][INFO] - FL finished in 328.59627220000004
[2023-11-15 19:12:32,731][flwr][INFO] - app_fit: losses_distributed [(1, 6.907783555984497), (2, 6.880677652359009), (3, 6.782290649414063), (4, 6.741388988494873), (5, 6.585355138778686), (6, 6.266986942291259), (7, 6.580119037628174), (8, 6.20119149684906), (9, 6.182520890235901), (10, 5.743510627746582)]
[2023-11-15 19:12:32,731][flwr][INFO] - app_fit: metrics_distributed_fit {}
[2023-11-15 19:12:32,731][flwr][INFO] - app_fit: metrics_distributed {}
[2023-11-15 19:12:32,731][flwr][INFO] - app_fit: losses_centralized [(0, 115.18561673164368), (1, 114.94071459770203), (2, 114.58081984519958), (3, 113.95530986785889), (4, 112.40984630584717), (5, 108.85483479499817), (6, 105.61952257156372), (7, 110.18423986434937), (8, 101.23323404788971), (9, 101.46465110778809), (10, 98.8361028432846)]
[2023-11-15 19:12:32,747][flwr][INFO] - app_fit: metrics_centralized {'accuracy': [(0, 0.1052), (1, 0.1222), (2, 0.1111), (3, 0.1327), (4, 0.1694), (5, 0.1777), (6, 0.2294), (7, 0.1768), (8, 0.2429), (9, 0.2511), (10, 0.2897)]}
