[2023-11-16 08:45:56,522][flwr][INFO] - Starting Flower simulation, config: ServerConfig(num_rounds=100, round_timeout=None)
[2023-11-16 08:46:00,079][flwr][INFO] - Flower VCE: Ray initialized with resources: {'memory': 79193207399.0, 'object_store_memory': 38225660313.0, 'CPU': 32.0, 'GPU': 1.0, 'node:127.0.0.1': 1.0}
[2023-11-16 08:46:00,079][flwr][INFO] - Initializing global parameters
[2023-11-16 08:46:00,095][flwr][INFO] - Requesting initial parameters from one random client
[2023-11-16 08:46:03,570][flwr][INFO] - Received initial parameters from one random client
[2023-11-16 08:46:03,570][flwr][INFO] - Evaluating initial parameters
[2023-11-16 08:46:12,466][flwr][INFO] - initial parameters (loss, other metrics): 115.3201231956482, {'accuracy': 0.1}
[2023-11-16 08:46:12,466][flwr][INFO] - FL starting
[2023-11-16 08:46:12,466][flwr][DEBUG] - fit_round 1: strategy sampled 5 clients (out of 100)
[2023-11-16 08:46:39,095][flwr][DEBUG] - fit_round 1 received 5 results and 0 failures
[2023-11-16 08:46:39,124][flwr][WARNING] - No fit_metrics_aggregation_fn provided
[2023-11-16 08:46:42,601][flwr][INFO] - fit progress: (1, 115.18747854232788, {'accuracy': 0.1}, 30.131619699999998)
[2023-11-16 08:46:42,601][flwr][DEBUG] - evaluate_round 1: strategy sampled 5 clients (out of 100)
[2023-11-16 08:46:59,939][flwr][DEBUG] - evaluate_round 1 received 5 results and 0 failures
[2023-11-16 08:46:59,939][flwr][WARNING] - No evaluate_metrics_aggregation_fn provided
[2023-11-16 08:46:59,939][flwr][DEBUG] - fit_round 2: strategy sampled 5 clients (out of 100)
[2023-11-16 08:47:20,221][flwr][DEBUG] - fit_round 2 received 5 results and 0 failures
[2023-11-16 08:47:23,315][flwr][INFO] - fit progress: (2, 115.01385378837585, {'accuracy': 0.1008}, 70.8561553)
[2023-11-16 08:47:23,315][flwr][DEBUG] - evaluate_round 2: strategy sampled 5 clients (out of 100)
[2023-11-16 08:47:42,549][flwr][DEBUG] - evaluate_round 2 received 5 results and 0 failures
[2023-11-16 08:47:42,549][flwr][DEBUG] - fit_round 3: strategy sampled 5 clients (out of 100)
[2023-11-16 08:48:01,541][flwr][DEBUG] - fit_round 3 received 5 results and 0 failures
[2023-11-16 08:48:04,874][flwr][INFO] - fit progress: (3, 114.82155990600586, {'accuracy': 0.1661}, 112.4058206)
[2023-11-16 08:48:04,874][flwr][DEBUG] - evaluate_round 3: strategy sampled 5 clients (out of 100)
[2023-11-16 08:48:23,474][flwr][DEBUG] - evaluate_round 3 received 5 results and 0 failures
[2023-11-16 08:48:23,474][flwr][DEBUG] - fit_round 4: strategy sampled 5 clients (out of 100)
[2023-11-16 08:48:42,352][flwr][DEBUG] - fit_round 4 received 5 results and 0 failures
[2023-11-16 08:48:45,608][flwr][INFO] - fit progress: (4, 114.4732096195221, {'accuracy': 0.1391}, 153.1451509)
[2023-11-16 08:48:45,608][flwr][DEBUG] - evaluate_round 4: strategy sampled 5 clients (out of 100)
[2023-11-16 08:49:05,910][flwr][DEBUG] - evaluate_round 4 received 5 results and 0 failures
[2023-11-16 08:49:05,926][flwr][DEBUG] - fit_round 5: strategy sampled 5 clients (out of 100)
[2023-11-16 08:49:26,723][flwr][DEBUG] - fit_round 5 received 5 results and 0 failures
[2023-11-16 08:49:29,843][flwr][INFO] - fit progress: (5, 113.663743019104, {'accuracy': 0.125}, 197.38009689999998)
[2023-11-16 08:49:29,843][flwr][DEBUG] - evaluate_round 5: strategy sampled 5 clients (out of 100)
[2023-11-16 08:49:49,557][flwr][DEBUG] - evaluate_round 5 received 5 results and 0 failures
[2023-11-16 08:49:49,557][flwr][DEBUG] - fit_round 6: strategy sampled 5 clients (out of 100)
[2023-11-16 08:50:08,999][flwr][DEBUG] - fit_round 6 received 5 results and 0 failures
[2023-11-16 08:50:12,315][flwr][INFO] - fit progress: (6, 112.1172239780426, {'accuracy': 0.1387}, 239.84467030000002)
[2023-11-16 08:50:12,315][flwr][DEBUG] - evaluate_round 6: strategy sampled 5 clients (out of 100)
[2023-11-16 08:50:32,465][flwr][DEBUG] - evaluate_round 6 received 5 results and 0 failures
[2023-11-16 08:50:32,465][flwr][DEBUG] - fit_round 7: strategy sampled 5 clients (out of 100)
[2023-11-16 08:50:53,013][flwr][DEBUG] - fit_round 7 received 5 results and 0 failures
[2023-11-16 08:50:56,692][flwr][INFO] - fit progress: (7, 109.62808752059937, {'accuracy': 0.2018}, 284.2204804)
[2023-11-16 08:50:56,692][flwr][DEBUG] - evaluate_round 7: strategy sampled 5 clients (out of 100)
[2023-11-16 08:51:15,622][flwr][DEBUG] - evaluate_round 7 received 5 results and 0 failures
[2023-11-16 08:51:15,622][flwr][DEBUG] - fit_round 8: strategy sampled 5 clients (out of 100)
[2023-11-16 08:51:36,232][flwr][DEBUG] - fit_round 8 received 5 results and 0 failures
[2023-11-16 08:51:39,573][flwr][INFO] - fit progress: (8, 107.5980474948883, {'accuracy': 0.2179}, 327.1036911)
[2023-11-16 08:51:39,573][flwr][DEBUG] - evaluate_round 8: strategy sampled 5 clients (out of 100)
[2023-11-16 08:51:59,488][flwr][DEBUG] - evaluate_round 8 received 5 results and 0 failures
[2023-11-16 08:51:59,488][flwr][DEBUG] - fit_round 9: strategy sampled 5 clients (out of 100)
[2023-11-16 08:52:19,593][flwr][DEBUG] - fit_round 9 received 5 results and 0 failures
[2023-11-16 08:52:22,763][flwr][INFO] - fit progress: (9, 111.9952929019928, {'accuracy': 0.1736}, 370.2989884)
[2023-11-16 08:52:22,763][flwr][DEBUG] - evaluate_round 9: strategy sampled 5 clients (out of 100)
[2023-11-16 08:52:43,159][flwr][DEBUG] - evaluate_round 9 received 5 results and 0 failures
[2023-11-16 08:52:43,159][flwr][DEBUG] - fit_round 10: strategy sampled 5 clients (out of 100)
[2023-11-16 08:53:03,317][flwr][DEBUG] - fit_round 10 received 5 results and 0 failures
[2023-11-16 08:53:06,712][flwr][INFO] - fit progress: (10, 103.72228908538818, {'accuracy': 0.2254}, 414.2460735)
[2023-11-16 08:53:06,712][flwr][DEBUG] - evaluate_round 10: strategy sampled 5 clients (out of 100)
[2023-11-16 08:53:26,766][flwr][DEBUG] - evaluate_round 10 received 5 results and 0 failures
[2023-11-16 08:53:26,782][flwr][DEBUG] - fit_round 11: strategy sampled 5 clients (out of 100)
[2023-11-16 08:53:46,756][flwr][DEBUG] - fit_round 11 received 5 results and 0 failures
[2023-11-16 08:53:49,882][flwr][INFO] - fit progress: (11, 103.19854617118835, {'accuracy': 0.2583}, 457.4242665)
[2023-11-16 08:53:49,882][flwr][DEBUG] - evaluate_round 11: strategy sampled 5 clients (out of 100)
[2023-11-16 08:54:09,718][flwr][DEBUG] - evaluate_round 11 received 5 results and 0 failures
[2023-11-16 08:54:09,718][flwr][DEBUG] - fit_round 12: strategy sampled 5 clients (out of 100)
[2023-11-16 08:54:28,653][flwr][DEBUG] - fit_round 12 received 5 results and 0 failures
[2023-11-16 08:54:31,931][flwr][INFO] - fit progress: (12, 104.20304369926453, {'accuracy': 0.2656}, 499.46207100000004)
[2023-11-16 08:54:31,931][flwr][DEBUG] - evaluate_round 12: strategy sampled 5 clients (out of 100)
[2023-11-16 08:54:50,498][flwr][DEBUG] - evaluate_round 12 received 5 results and 0 failures
[2023-11-16 08:54:50,498][flwr][DEBUG] - fit_round 13: strategy sampled 5 clients (out of 100)
[2023-11-16 08:55:11,113][flwr][DEBUG] - fit_round 13 received 5 results and 0 failures
[2023-11-16 08:55:14,214][flwr][INFO] - fit progress: (13, 100.06240713596344, {'accuracy': 0.2646}, 541.7442231)
[2023-11-16 08:55:14,214][flwr][DEBUG] - evaluate_round 13: strategy sampled 5 clients (out of 100)
[2023-11-16 08:55:33,970][flwr][DEBUG] - evaluate_round 13 received 5 results and 0 failures
[2023-11-16 08:55:33,970][flwr][DEBUG] - fit_round 14: strategy sampled 5 clients (out of 100)
[2023-11-16 08:55:54,200][flwr][DEBUG] - fit_round 14 received 5 results and 0 failures
[2023-11-16 08:55:57,547][flwr][INFO] - fit progress: (14, 100.06015741825104, {'accuracy': 0.2735}, 585.0802968)
[2023-11-16 08:55:57,547][flwr][DEBUG] - evaluate_round 14: strategy sampled 5 clients (out of 100)
[2023-11-16 08:56:17,583][flwr][DEBUG] - evaluate_round 14 received 5 results and 0 failures
[2023-11-16 08:56:17,583][flwr][DEBUG] - fit_round 15: strategy sampled 5 clients (out of 100)
[2023-11-16 08:56:37,887][flwr][DEBUG] - fit_round 15 received 5 results and 0 failures
[2023-11-16 08:56:41,069][flwr][INFO] - fit progress: (15, 99.41809129714966, {'accuracy': 0.2934}, 628.6021941)
[2023-11-16 08:56:41,069][flwr][DEBUG] - evaluate_round 15: strategy sampled 5 clients (out of 100)
[2023-11-16 08:56:59,933][flwr][DEBUG] - evaluate_round 15 received 5 results and 0 failures
[2023-11-16 08:56:59,933][flwr][DEBUG] - fit_round 16: strategy sampled 5 clients (out of 100)
[2023-11-16 08:57:17,644][flwr][DEBUG] - fit_round 16 received 5 results and 0 failures
[2023-11-16 08:57:21,071][flwr][INFO] - fit progress: (16, 101.6154955625534, {'accuracy': 0.2698}, 668.6096116)
[2023-11-16 08:57:21,071][flwr][DEBUG] - evaluate_round 16: strategy sampled 5 clients (out of 100)
[2023-11-16 08:57:41,307][flwr][DEBUG] - evaluate_round 16 received 5 results and 0 failures
[2023-11-16 08:57:41,307][flwr][DEBUG] - fit_round 17: strategy sampled 5 clients (out of 100)
[2023-11-16 08:58:01,365][flwr][DEBUG] - fit_round 17 received 5 results and 0 failures
[2023-11-16 08:58:04,822][flwr][INFO] - fit progress: (17, 97.66319465637207, {'accuracy': 0.292}, 712.3518068)
[2023-11-16 08:58:04,822][flwr][DEBUG] - evaluate_round 17: strategy sampled 5 clients (out of 100)
[2023-11-16 08:58:23,196][flwr][DEBUG] - evaluate_round 17 received 5 results and 0 failures
[2023-11-16 08:58:23,196][flwr][DEBUG] - fit_round 18: strategy sampled 5 clients (out of 100)
[2023-11-16 08:58:43,930][flwr][DEBUG] - fit_round 18 received 5 results and 0 failures
[2023-11-16 08:58:47,072][flwr][INFO] - fit progress: (18, 96.5056084394455, {'accuracy': 0.2977}, 754.6086564)
[2023-11-16 08:58:47,072][flwr][DEBUG] - evaluate_round 18: strategy sampled 5 clients (out of 100)
[2023-11-16 08:59:07,982][flwr][DEBUG] - evaluate_round 18 received 5 results and 0 failures
[2023-11-16 08:59:07,982][flwr][DEBUG] - fit_round 19: strategy sampled 5 clients (out of 100)
[2023-11-16 08:59:28,113][flwr][DEBUG] - fit_round 19 received 5 results and 0 failures
[2023-11-16 08:59:31,666][flwr][INFO] - fit progress: (19, 96.35310578346252, {'accuracy': 0.3109}, 799.203727)
[2023-11-16 08:59:31,666][flwr][DEBUG] - evaluate_round 19: strategy sampled 5 clients (out of 100)
[2023-11-16 08:59:52,522][flwr][DEBUG] - evaluate_round 19 received 5 results and 0 failures
[2023-11-16 08:59:52,522][flwr][DEBUG] - fit_round 20: strategy sampled 5 clients (out of 100)
[2023-11-16 09:00:12,594][flwr][DEBUG] - fit_round 20 received 5 results and 0 failures
[2023-11-16 09:00:15,680][flwr][INFO] - fit progress: (20, 92.9802017211914, {'accuracy': 0.338}, 843.2200352)
[2023-11-16 09:00:15,680][flwr][DEBUG] - evaluate_round 20: strategy sampled 5 clients (out of 100)
[2023-11-16 09:00:34,850][flwr][DEBUG] - evaluate_round 20 received 5 results and 0 failures
[2023-11-16 09:00:34,850][flwr][DEBUG] - fit_round 21: strategy sampled 5 clients (out of 100)
[2023-11-16 09:00:55,107][flwr][DEBUG] - fit_round 21 received 5 results and 0 failures
[2023-11-16 09:00:58,230][flwr][INFO] - fit progress: (21, 97.79933178424835, {'accuracy': 0.3176}, 885.76416)
[2023-11-16 09:00:58,230][flwr][DEBUG] - evaluate_round 21: strategy sampled 5 clients (out of 100)
[2023-11-16 09:01:17,025][flwr][DEBUG] - evaluate_round 21 received 5 results and 0 failures
[2023-11-16 09:01:17,025][flwr][DEBUG] - fit_round 22: strategy sampled 5 clients (out of 100)
[2023-11-16 09:01:37,312][flwr][DEBUG] - fit_round 22 received 5 results and 0 failures
[2023-11-16 09:01:40,588][flwr][INFO] - fit progress: (22, 92.29431438446045, {'accuracy': 0.3292}, 928.1254309)
[2023-11-16 09:01:40,588][flwr][DEBUG] - evaluate_round 22: strategy sampled 5 clients (out of 100)
[2023-11-16 09:02:00,496][flwr][DEBUG] - evaluate_round 22 received 5 results and 0 failures
[2023-11-16 09:02:00,496][flwr][DEBUG] - fit_round 23: strategy sampled 5 clients (out of 100)
[2023-11-16 09:02:18,245][flwr][DEBUG] - fit_round 23 received 5 results and 0 failures
[2023-11-16 09:02:21,288][flwr][INFO] - fit progress: (23, 91.82398402690887, {'accuracy': 0.3505}, 968.8202704)
[2023-11-16 09:02:21,288][flwr][DEBUG] - evaluate_round 23: strategy sampled 5 clients (out of 100)
[2023-11-16 09:02:37,565][flwr][DEBUG] - evaluate_round 23 received 5 results and 0 failures
[2023-11-16 09:02:37,565][flwr][DEBUG] - fit_round 24: strategy sampled 5 clients (out of 100)
[2023-11-16 09:02:56,907][flwr][DEBUG] - fit_round 24 received 5 results and 0 failures
[2023-11-16 09:03:00,227][flwr][INFO] - fit progress: (24, 92.38316488265991, {'accuracy': 0.3508}, 1007.7667245)
[2023-11-16 09:03:00,227][flwr][DEBUG] - evaluate_round 24: strategy sampled 5 clients (out of 100)
[2023-11-16 09:03:19,823][flwr][DEBUG] - evaluate_round 24 received 5 results and 0 failures
[2023-11-16 09:03:19,823][flwr][DEBUG] - fit_round 25: strategy sampled 5 clients (out of 100)
[2023-11-16 09:03:40,142][flwr][DEBUG] - fit_round 25 received 5 results and 0 failures
[2023-11-16 09:03:43,516][flwr][INFO] - fit progress: (25, 89.23122823238373, {'accuracy': 0.3698}, 1051.054763)
[2023-11-16 09:03:43,516][flwr][DEBUG] - evaluate_round 25: strategy sampled 5 clients (out of 100)
[2023-11-16 09:04:03,262][flwr][DEBUG] - evaluate_round 25 received 5 results and 0 failures
[2023-11-16 09:04:03,262][flwr][DEBUG] - fit_round 26: strategy sampled 5 clients (out of 100)
[2023-11-16 09:04:22,181][flwr][DEBUG] - fit_round 26 received 5 results and 0 failures
[2023-11-16 09:04:25,554][flwr][INFO] - fit progress: (26, 89.51041877269745, {'accuracy': 0.3593}, 1093.0941936)
[2023-11-16 09:04:25,554][flwr][DEBUG] - evaluate_round 26: strategy sampled 5 clients (out of 100)
[2023-11-16 09:04:42,819][flwr][DEBUG] - evaluate_round 26 received 5 results and 0 failures
[2023-11-16 09:04:42,819][flwr][DEBUG] - fit_round 27: strategy sampled 5 clients (out of 100)
[2023-11-16 09:05:03,042][flwr][DEBUG] - fit_round 27 received 5 results and 0 failures
[2023-11-16 09:05:06,003][flwr][INFO] - fit progress: (27, 90.34043800830841, {'accuracy': 0.3557}, 1133.5410768)
[2023-11-16 09:05:06,003][flwr][DEBUG] - evaluate_round 27: strategy sampled 5 clients (out of 100)
[2023-11-16 09:05:25,852][flwr][DEBUG] - evaluate_round 27 received 5 results and 0 failures
[2023-11-16 09:05:25,852][flwr][DEBUG] - fit_round 28: strategy sampled 5 clients (out of 100)
[2023-11-16 09:05:46,478][flwr][DEBUG] - fit_round 28 received 5 results and 0 failures
[2023-11-16 09:05:49,664][flwr][INFO] - fit progress: (28, 89.87394964694977, {'accuracy': 0.3698}, 1177.2004949)
[2023-11-16 09:05:49,664][flwr][DEBUG] - evaluate_round 28: strategy sampled 5 clients (out of 100)
[2023-11-16 09:06:07,568][flwr][DEBUG] - evaluate_round 28 received 5 results and 0 failures
[2023-11-16 09:06:07,568][flwr][DEBUG] - fit_round 29: strategy sampled 5 clients (out of 100)
[2023-11-16 09:06:28,131][flwr][DEBUG] - fit_round 29 received 5 results and 0 failures
[2023-11-16 09:06:31,316][flwr][INFO] - fit progress: (29, 86.4624754190445, {'accuracy': 0.3792}, 1218.8446785)
[2023-11-16 09:06:31,316][flwr][DEBUG] - evaluate_round 29: strategy sampled 5 clients (out of 100)
[2023-11-16 09:06:51,305][flwr][DEBUG] - evaluate_round 29 received 5 results and 0 failures
[2023-11-16 09:06:51,305][flwr][DEBUG] - fit_round 30: strategy sampled 5 clients (out of 100)
[2023-11-16 09:07:09,351][flwr][DEBUG] - fit_round 30 received 5 results and 0 failures
[2023-11-16 09:07:12,892][flwr][INFO] - fit progress: (30, 88.06874167919159, {'accuracy': 0.368}, 1260.424554)
[2023-11-16 09:07:12,892][flwr][DEBUG] - evaluate_round 30: strategy sampled 5 clients (out of 100)
[2023-11-16 09:07:29,334][flwr][DEBUG] - evaluate_round 30 received 5 results and 0 failures
[2023-11-16 09:07:29,334][flwr][DEBUG] - fit_round 31: strategy sampled 5 clients (out of 100)
[2023-11-16 09:07:49,787][flwr][DEBUG] - fit_round 31 received 5 results and 0 failures
[2023-11-16 09:07:53,130][flwr][INFO] - fit progress: (31, 88.4212715625763, {'accuracy': 0.3934}, 1300.6643666)
[2023-11-16 09:07:53,130][flwr][DEBUG] - evaluate_round 31: strategy sampled 5 clients (out of 100)
[2023-11-16 09:08:12,572][flwr][DEBUG] - evaluate_round 31 received 5 results and 0 failures
[2023-11-16 09:08:12,572][flwr][DEBUG] - fit_round 32: strategy sampled 5 clients (out of 100)
[2023-11-16 09:08:30,602][flwr][DEBUG] - fit_round 32 received 5 results and 0 failures
[2023-11-16 09:08:33,801][flwr][INFO] - fit progress: (32, 83.66622734069824, {'accuracy': 0.3969}, 1341.3431321)
[2023-11-16 09:08:33,817][flwr][DEBUG] - evaluate_round 32: strategy sampled 5 clients (out of 100)
[2023-11-16 09:08:52,518][flwr][DEBUG] - evaluate_round 32 received 5 results and 0 failures
[2023-11-16 09:08:52,518][flwr][DEBUG] - fit_round 33: strategy sampled 5 clients (out of 100)
[2023-11-16 09:09:12,627][flwr][DEBUG] - fit_round 33 received 5 results and 0 failures
[2023-11-16 09:09:16,441][flwr][INFO] - fit progress: (33, 85.00894916057587, {'accuracy': 0.3917}, 1383.9816436)
[2023-11-16 09:09:16,441][flwr][DEBUG] - evaluate_round 33: strategy sampled 5 clients (out of 100)
[2023-11-16 09:09:32,440][flwr][DEBUG] - evaluate_round 33 received 5 results and 0 failures
[2023-11-16 09:09:32,440][flwr][DEBUG] - fit_round 34: strategy sampled 5 clients (out of 100)
[2023-11-16 09:09:52,880][flwr][DEBUG] - fit_round 34 received 5 results and 0 failures
[2023-11-16 09:09:56,146][flwr][INFO] - fit progress: (34, 85.48164319992065, {'accuracy': 0.391}, 1423.6827119)
[2023-11-16 09:09:56,146][flwr][DEBUG] - evaluate_round 34: strategy sampled 5 clients (out of 100)
[2023-11-16 09:10:15,775][flwr][DEBUG] - evaluate_round 34 received 5 results and 0 failures
[2023-11-16 09:10:15,775][flwr][DEBUG] - fit_round 35: strategy sampled 5 clients (out of 100)
[2023-11-16 09:10:34,757][flwr][DEBUG] - fit_round 35 received 5 results and 0 failures
[2023-11-16 09:10:37,939][flwr][INFO] - fit progress: (35, 86.91703915596008, {'accuracy': 0.3825}, 1465.4673283)
[2023-11-16 09:10:37,939][flwr][DEBUG] - evaluate_round 35: strategy sampled 5 clients (out of 100)
[2023-11-16 09:10:55,235][flwr][DEBUG] - evaluate_round 35 received 5 results and 0 failures
[2023-11-16 09:10:55,235][flwr][DEBUG] - fit_round 36: strategy sampled 5 clients (out of 100)
[2023-11-16 09:11:15,386][flwr][DEBUG] - fit_round 36 received 5 results and 0 failures
[2023-11-16 09:11:18,676][flwr][INFO] - fit progress: (36, 83.03437983989716, {'accuracy': 0.4009}, 1506.2119895)
[2023-11-16 09:11:18,676][flwr][DEBUG] - evaluate_round 36: strategy sampled 5 clients (out of 100)
[2023-11-16 09:11:38,390][flwr][DEBUG] - evaluate_round 36 received 5 results and 0 failures
[2023-11-16 09:11:38,390][flwr][DEBUG] - fit_round 37: strategy sampled 5 clients (out of 100)
[2023-11-16 09:11:58,426][flwr][DEBUG] - fit_round 37 received 5 results and 0 failures
[2023-11-16 09:12:01,386][flwr][INFO] - fit progress: (37, 80.83859312534332, {'accuracy': 0.4199}, 1548.928703)
[2023-11-16 09:12:01,402][flwr][DEBUG] - evaluate_round 37: strategy sampled 5 clients (out of 100)
[2023-11-16 09:12:20,269][flwr][DEBUG] - evaluate_round 37 received 5 results and 0 failures
[2023-11-16 09:12:20,269][flwr][DEBUG] - fit_round 38: strategy sampled 5 clients (out of 100)
[2023-11-16 09:12:41,195][flwr][DEBUG] - fit_round 38 received 5 results and 0 failures
[2023-11-16 09:12:44,354][flwr][INFO] - fit progress: (38, 80.51721346378326, {'accuracy': 0.4175}, 1591.891518)
[2023-11-16 09:12:44,354][flwr][DEBUG] - evaluate_round 38: strategy sampled 5 clients (out of 100)
[2023-11-16 09:13:04,106][flwr][DEBUG] - evaluate_round 38 received 5 results and 0 failures
[2023-11-16 09:13:04,106][flwr][DEBUG] - fit_round 39: strategy sampled 5 clients (out of 100)
[2023-11-16 09:13:22,818][flwr][DEBUG] - fit_round 39 received 5 results and 0 failures
[2023-11-16 09:13:26,185][flwr][INFO] - fit progress: (39, 82.43597173690796, {'accuracy': 0.4163}, 1633.7146864)
[2023-11-16 09:13:26,185][flwr][DEBUG] - evaluate_round 39: strategy sampled 5 clients (out of 100)
[2023-11-16 09:13:46,403][flwr][DEBUG] - evaluate_round 39 received 5 results and 0 failures
[2023-11-16 09:13:46,403][flwr][DEBUG] - fit_round 40: strategy sampled 5 clients (out of 100)
[2023-11-16 09:14:06,640][flwr][DEBUG] - fit_round 40 received 5 results and 0 failures
[2023-11-16 09:14:09,995][flwr][INFO] - fit progress: (40, 83.7417860031128, {'accuracy': 0.4169}, 1677.5332596)
[2023-11-16 09:14:09,995][flwr][DEBUG] - evaluate_round 40: strategy sampled 5 clients (out of 100)
[2023-11-16 09:14:29,047][flwr][DEBUG] - evaluate_round 40 received 5 results and 0 failures
[2023-11-16 09:14:29,047][flwr][DEBUG] - fit_round 41: strategy sampled 5 clients (out of 100)
[2023-11-16 09:14:49,821][flwr][DEBUG] - fit_round 41 received 5 results and 0 failures
[2023-11-16 09:14:52,903][flwr][INFO] - fit progress: (41, 79.9399836063385, {'accuracy': 0.4214}, 1720.4361653)
[2023-11-16 09:14:52,903][flwr][DEBUG] - evaluate_round 41: strategy sampled 5 clients (out of 100)
[2023-11-16 09:15:11,706][flwr][DEBUG] - evaluate_round 41 received 5 results and 0 failures
[2023-11-16 09:15:11,706][flwr][DEBUG] - fit_round 42: strategy sampled 5 clients (out of 100)
[2023-11-16 09:15:31,955][flwr][DEBUG] - fit_round 42 received 5 results and 0 failures
[2023-11-16 09:15:35,318][flwr][INFO] - fit progress: (42, 81.31360995769501, {'accuracy': 0.4089}, 1762.8492444)
[2023-11-16 09:15:35,318][flwr][DEBUG] - evaluate_round 42: strategy sampled 5 clients (out of 100)
[2023-11-16 09:15:55,137][flwr][DEBUG] - evaluate_round 42 received 5 results and 0 failures
[2023-11-16 09:15:55,152][flwr][DEBUG] - fit_round 43: strategy sampled 5 clients (out of 100)
[2023-11-16 09:16:15,710][flwr][DEBUG] - fit_round 43 received 5 results and 0 failures
[2023-11-16 09:16:19,024][flwr][INFO] - fit progress: (43, 80.47779512405396, {'accuracy': 0.4153}, 1806.561325)
[2023-11-16 09:16:19,024][flwr][DEBUG] - evaluate_round 43: strategy sampled 5 clients (out of 100)
[2023-11-16 09:16:37,610][flwr][DEBUG] - evaluate_round 43 received 5 results and 0 failures
[2023-11-16 09:16:37,610][flwr][DEBUG] - fit_round 44: strategy sampled 5 clients (out of 100)
[2023-11-16 09:16:58,009][flwr][DEBUG] - fit_round 44 received 5 results and 0 failures
[2023-11-16 09:17:01,580][flwr][INFO] - fit progress: (44, 78.79141342639923, {'accuracy': 0.4317}, 1849.113902)
[2023-11-16 09:17:01,580][flwr][DEBUG] - evaluate_round 44: strategy sampled 5 clients (out of 100)
[2023-11-16 09:17:21,907][flwr][DEBUG] - evaluate_round 44 received 5 results and 0 failures
[2023-11-16 09:17:21,907][flwr][DEBUG] - fit_round 45: strategy sampled 5 clients (out of 100)
[2023-11-16 09:17:41,258][flwr][DEBUG] - fit_round 45 received 5 results and 0 failures
[2023-11-16 09:17:44,446][flwr][INFO] - fit progress: (45, 81.58339512348175, {'accuracy': 0.4268}, 1891.9867303)
[2023-11-16 09:17:44,446][flwr][DEBUG] - evaluate_round 45: strategy sampled 5 clients (out of 100)
[2023-11-16 09:18:04,398][flwr][DEBUG] - evaluate_round 45 received 5 results and 0 failures
[2023-11-16 09:18:04,398][flwr][DEBUG] - fit_round 46: strategy sampled 5 clients (out of 100)
[2023-11-16 09:18:24,564][flwr][DEBUG] - fit_round 46 received 5 results and 0 failures
[2023-11-16 09:18:28,082][flwr][INFO] - fit progress: (46, 80.70764243602753, {'accuracy': 0.4333}, 1935.6225488)
[2023-11-16 09:18:28,082][flwr][DEBUG] - evaluate_round 46: strategy sampled 5 clients (out of 100)
[2023-11-16 09:18:47,964][flwr][DEBUG] - evaluate_round 46 received 5 results and 0 failures
[2023-11-16 09:18:47,964][flwr][DEBUG] - fit_round 47: strategy sampled 5 clients (out of 100)
[2023-11-16 09:19:05,794][flwr][DEBUG] - fit_round 47 received 5 results and 0 failures
[2023-11-16 09:19:09,015][flwr][INFO] - fit progress: (47, 82.78546559810638, {'accuracy': 0.4156}, 1976.5590372)
[2023-11-16 09:19:09,031][flwr][DEBUG] - evaluate_round 47: strategy sampled 5 clients (out of 100)
[2023-11-16 09:19:28,962][flwr][DEBUG] - evaluate_round 47 received 5 results and 0 failures
[2023-11-16 09:19:28,962][flwr][DEBUG] - fit_round 48: strategy sampled 5 clients (out of 100)
[2023-11-16 09:19:47,704][flwr][DEBUG] - fit_round 48 received 5 results and 0 failures
[2023-11-16 09:19:51,124][flwr][INFO] - fit progress: (48, 77.44576728343964, {'accuracy': 0.4418}, 2018.6539488)
[2023-11-16 09:19:51,124][flwr][DEBUG] - evaluate_round 48: strategy sampled 5 clients (out of 100)
[2023-11-16 09:20:11,103][flwr][DEBUG] - evaluate_round 48 received 5 results and 0 failures
[2023-11-16 09:20:11,103][flwr][DEBUG] - fit_round 49: strategy sampled 5 clients (out of 100)
[2023-11-16 09:20:30,155][flwr][DEBUG] - fit_round 49 received 5 results and 0 failures
[2023-11-16 09:20:33,565][flwr][INFO] - fit progress: (49, 77.54823231697083, {'accuracy': 0.431}, 2061.1081000000004)
[2023-11-16 09:20:33,580][flwr][DEBUG] - evaluate_round 49: strategy sampled 5 clients (out of 100)
[2023-11-16 09:20:53,182][flwr][DEBUG] - evaluate_round 49 received 5 results and 0 failures
[2023-11-16 09:20:53,182][flwr][DEBUG] - fit_round 50: strategy sampled 5 clients (out of 100)
[2023-11-16 09:21:13,171][flwr][DEBUG] - fit_round 50 received 5 results and 0 failures
[2023-11-16 09:21:16,655][flwr][INFO] - fit progress: (50, 76.91940975189209, {'accuracy': 0.4397}, 2104.1943404000003)
[2023-11-16 09:21:16,655][flwr][DEBUG] - evaluate_round 50: strategy sampled 5 clients (out of 100)
[2023-11-16 09:21:36,732][flwr][DEBUG] - evaluate_round 50 received 5 results and 0 failures
[2023-11-16 09:21:36,732][flwr][DEBUG] - fit_round 51: strategy sampled 5 clients (out of 100)
[2023-11-16 09:21:55,645][flwr][DEBUG] - fit_round 51 received 5 results and 0 failures
[2023-11-16 09:21:58,673][flwr][INFO] - fit progress: (51, 76.51346373558044, {'accuracy': 0.451}, 2146.2024329)
[2023-11-16 09:21:58,673][flwr][DEBUG] - evaluate_round 51: strategy sampled 5 clients (out of 100)
[2023-11-16 09:22:18,279][flwr][DEBUG] - evaluate_round 51 received 5 results and 0 failures
[2023-11-16 09:22:18,279][flwr][DEBUG] - fit_round 52: strategy sampled 5 clients (out of 100)
[2023-11-16 09:22:38,361][flwr][DEBUG] - fit_round 52 received 5 results and 0 failures
[2023-11-16 09:22:41,523][flwr][INFO] - fit progress: (52, 77.67067325115204, {'accuracy': 0.4469}, 2189.0655839)
[2023-11-16 09:22:41,539][flwr][DEBUG] - evaluate_round 52: strategy sampled 5 clients (out of 100)
[2023-11-16 09:22:58,819][flwr][DEBUG] - evaluate_round 52 received 5 results and 0 failures
[2023-11-16 09:22:58,819][flwr][DEBUG] - fit_round 53: strategy sampled 5 clients (out of 100)
[2023-11-16 09:23:17,988][flwr][DEBUG] - fit_round 53 received 5 results and 0 failures
[2023-11-16 09:23:21,553][flwr][INFO] - fit progress: (53, 78.08985352516174, {'accuracy': 0.4435}, 2229.0943606)
[2023-11-16 09:23:21,553][flwr][DEBUG] - evaluate_round 53: strategy sampled 5 clients (out of 100)
[2023-11-16 09:23:38,785][flwr][DEBUG] - evaluate_round 53 received 5 results and 0 failures
[2023-11-16 09:23:38,785][flwr][DEBUG] - fit_round 54: strategy sampled 5 clients (out of 100)
[2023-11-16 09:23:57,667][flwr][DEBUG] - fit_round 54 received 5 results and 0 failures
[2023-11-16 09:24:00,877][flwr][INFO] - fit progress: (54, 76.83534300327301, {'accuracy': 0.4438}, 2268.4055763)
[2023-11-16 09:24:00,877][flwr][DEBUG] - evaluate_round 54: strategy sampled 5 clients (out of 100)
[2023-11-16 09:24:19,653][flwr][DEBUG] - evaluate_round 54 received 5 results and 0 failures
[2023-11-16 09:24:19,653][flwr][DEBUG] - fit_round 55: strategy sampled 5 clients (out of 100)
[2023-11-16 09:24:38,765][flwr][DEBUG] - fit_round 55 received 5 results and 0 failures
[2023-11-16 09:24:41,935][flwr][INFO] - fit progress: (55, 77.67653560638428, {'accuracy': 0.4335}, 2309.469446)
[2023-11-16 09:24:41,935][flwr][DEBUG] - evaluate_round 55: strategy sampled 5 clients (out of 100)
[2023-11-16 09:25:01,661][flwr][DEBUG] - evaluate_round 55 received 5 results and 0 failures
[2023-11-16 09:25:01,661][flwr][DEBUG] - fit_round 56: strategy sampled 5 clients (out of 100)
[2023-11-16 09:25:20,036][flwr][DEBUG] - fit_round 56 received 5 results and 0 failures
[2023-11-16 09:25:23,127][flwr][INFO] - fit progress: (56, 75.53239047527313, {'accuracy': 0.451}, 2350.6627882000003)
[2023-11-16 09:25:23,127][flwr][DEBUG] - evaluate_round 56: strategy sampled 5 clients (out of 100)
[2023-11-16 09:25:41,516][flwr][DEBUG] - evaluate_round 56 received 5 results and 0 failures
[2023-11-16 09:25:41,516][flwr][DEBUG] - fit_round 57: strategy sampled 5 clients (out of 100)
[2023-11-16 09:26:01,681][flwr][DEBUG] - fit_round 57 received 5 results and 0 failures
[2023-11-16 09:26:04,924][flwr][INFO] - fit progress: (57, 75.24876379966736, {'accuracy': 0.4589}, 2392.4583817000002)
[2023-11-16 09:26:04,924][flwr][DEBUG] - evaluate_round 57: strategy sampled 5 clients (out of 100)
[2023-11-16 09:26:22,757][flwr][DEBUG] - evaluate_round 57 received 5 results and 0 failures
[2023-11-16 09:26:22,757][flwr][DEBUG] - fit_round 58: strategy sampled 5 clients (out of 100)
[2023-11-16 09:26:42,045][flwr][DEBUG] - fit_round 58 received 5 results and 0 failures
[2023-11-16 09:26:45,528][flwr][INFO] - fit progress: (58, 75.31662952899933, {'accuracy': 0.4558}, 2433.0646127)
[2023-11-16 09:26:45,528][flwr][DEBUG] - evaluate_round 58: strategy sampled 5 clients (out of 100)
[2023-11-16 09:27:02,809][flwr][DEBUG] - evaluate_round 58 received 5 results and 0 failures
[2023-11-16 09:27:02,809][flwr][DEBUG] - fit_round 59: strategy sampled 5 clients (out of 100)
[2023-11-16 09:27:22,891][flwr][DEBUG] - fit_round 59 received 5 results and 0 failures
[2023-11-16 09:27:26,200][flwr][INFO] - fit progress: (59, 74.52595794200897, {'accuracy': 0.4631}, 2473.7317951)
[2023-11-16 09:27:26,200][flwr][DEBUG] - evaluate_round 59: strategy sampled 5 clients (out of 100)
[2023-11-16 09:27:45,900][flwr][DEBUG] - evaluate_round 59 received 5 results and 0 failures
[2023-11-16 09:27:45,900][flwr][DEBUG] - fit_round 60: strategy sampled 5 clients (out of 100)
[2023-11-16 09:28:04,066][flwr][DEBUG] - fit_round 60 received 5 results and 0 failures
[2023-11-16 09:28:07,694][flwr][INFO] - fit progress: (60, 74.39575147628784, {'accuracy': 0.4613}, 2515.2372954)
[2023-11-16 09:28:07,709][flwr][DEBUG] - evaluate_round 60: strategy sampled 5 clients (out of 100)
[2023-11-16 09:28:27,627][flwr][DEBUG] - evaluate_round 60 received 5 results and 0 failures
[2023-11-16 09:28:27,643][flwr][DEBUG] - fit_round 61: strategy sampled 5 clients (out of 100)
[2023-11-16 09:28:47,967][flwr][DEBUG] - fit_round 61 received 5 results and 0 failures
[2023-11-16 09:28:51,272][flwr][INFO] - fit progress: (61, 74.91903460025787, {'accuracy': 0.4694}, 2558.8053693)
[2023-11-16 09:28:51,272][flwr][DEBUG] - evaluate_round 61: strategy sampled 5 clients (out of 100)
[2023-11-16 09:29:11,267][flwr][DEBUG] - evaluate_round 61 received 5 results and 0 failures
[2023-11-16 09:29:11,267][flwr][DEBUG] - fit_round 62: strategy sampled 5 clients (out of 100)
[2023-11-16 09:29:31,287][flwr][DEBUG] - fit_round 62 received 5 results and 0 failures
[2023-11-16 09:29:34,795][flwr][INFO] - fit progress: (62, 74.82351303100586, {'accuracy': 0.4543}, 2602.3238643000004)
[2023-11-16 09:29:34,795][flwr][DEBUG] - evaluate_round 62: strategy sampled 5 clients (out of 100)
[2023-11-16 09:29:54,419][flwr][DEBUG] - evaluate_round 62 received 5 results and 0 failures
[2023-11-16 09:29:54,419][flwr][DEBUG] - fit_round 63: strategy sampled 5 clients (out of 100)
[2023-11-16 09:30:11,990][flwr][DEBUG] - fit_round 63 received 5 results and 0 failures
[2023-11-16 09:30:15,280][flwr][INFO] - fit progress: (63, 75.27396178245544, {'accuracy': 0.4641}, 2642.8150229000003)
[2023-11-16 09:30:15,280][flwr][DEBUG] - evaluate_round 63: strategy sampled 5 clients (out of 100)
[2023-11-16 09:30:33,890][flwr][DEBUG] - evaluate_round 63 received 5 results and 0 failures
[2023-11-16 09:30:33,906][flwr][DEBUG] - fit_round 64: strategy sampled 5 clients (out of 100)
[2023-11-16 09:30:53,005][flwr][DEBUG] - fit_round 64 received 5 results and 0 failures
[2023-11-16 09:30:56,407][flwr][INFO] - fit progress: (64, 73.59642553329468, {'accuracy': 0.4711}, 2683.9448394)
[2023-11-16 09:30:56,407][flwr][DEBUG] - evaluate_round 64: strategy sampled 5 clients (out of 100)
[2023-11-16 09:31:16,449][flwr][DEBUG] - evaluate_round 64 received 5 results and 0 failures
[2023-11-16 09:31:16,449][flwr][DEBUG] - fit_round 65: strategy sampled 5 clients (out of 100)
[2023-11-16 09:31:35,787][flwr][DEBUG] - fit_round 65 received 5 results and 0 failures
[2023-11-16 09:31:38,810][flwr][INFO] - fit progress: (65, 72.01451766490936, {'accuracy': 0.4829}, 2726.3440213000003)
[2023-11-16 09:31:38,810][flwr][DEBUG] - evaluate_round 65: strategy sampled 5 clients (out of 100)
[2023-11-16 09:31:58,373][flwr][DEBUG] - evaluate_round 65 received 5 results and 0 failures
[2023-11-16 09:31:58,373][flwr][DEBUG] - fit_round 66: strategy sampled 5 clients (out of 100)
[2023-11-16 09:32:19,006][flwr][DEBUG] - fit_round 66 received 5 results and 0 failures
[2023-11-16 09:32:22,426][flwr][INFO] - fit progress: (66, 73.39857721328735, {'accuracy': 0.4737}, 2769.9575817000004)
[2023-11-16 09:32:22,426][flwr][DEBUG] - evaluate_round 66: strategy sampled 5 clients (out of 100)
[2023-11-16 09:32:41,905][flwr][DEBUG] - evaluate_round 66 received 5 results and 0 failures
[2023-11-16 09:32:41,905][flwr][DEBUG] - fit_round 67: strategy sampled 5 clients (out of 100)
[2023-11-16 09:33:02,042][flwr][DEBUG] - fit_round 67 received 5 results and 0 failures
[2023-11-16 09:33:05,299][flwr][INFO] - fit progress: (67, 73.57481789588928, {'accuracy': 0.4792}, 2812.8320988)
[2023-11-16 09:33:05,299][flwr][DEBUG] - evaluate_round 67: strategy sampled 5 clients (out of 100)
[2023-11-16 09:33:25,367][flwr][DEBUG] - evaluate_round 67 received 5 results and 0 failures
[2023-11-16 09:33:25,367][flwr][DEBUG] - fit_round 68: strategy sampled 5 clients (out of 100)
[2023-11-16 09:33:45,633][flwr][DEBUG] - fit_round 68 received 5 results and 0 failures
[2023-11-16 09:33:49,076][flwr][INFO] - fit progress: (68, 71.28725099563599, {'accuracy': 0.4845}, 2856.6062648)
[2023-11-16 09:33:49,076][flwr][DEBUG] - evaluate_round 68: strategy sampled 5 clients (out of 100)
[2023-11-16 09:34:07,748][flwr][DEBUG] - evaluate_round 68 received 5 results and 0 failures
[2023-11-16 09:34:07,748][flwr][DEBUG] - fit_round 69: strategy sampled 5 clients (out of 100)
[2023-11-16 09:34:28,072][flwr][DEBUG] - fit_round 69 received 5 results and 0 failures
[2023-11-16 09:34:31,470][flwr][INFO] - fit progress: (69, 72.86867260932922, {'accuracy': 0.482}, 2899.0042854000003)
[2023-11-16 09:34:31,470][flwr][DEBUG] - evaluate_round 69: strategy sampled 5 clients (out of 100)
[2023-11-16 09:34:51,576][flwr][DEBUG] - evaluate_round 69 received 5 results and 0 failures
[2023-11-16 09:34:51,576][flwr][DEBUG] - fit_round 70: strategy sampled 5 clients (out of 100)
[2023-11-16 09:35:11,463][flwr][DEBUG] - fit_round 70 received 5 results and 0 failures
[2023-11-16 09:35:14,561][flwr][INFO] - fit progress: (70, 74.38102495670319, {'accuracy': 0.4708}, 2942.0902241000003)
[2023-11-16 09:35:14,561][flwr][DEBUG] - evaluate_round 70: strategy sampled 5 clients (out of 100)
[2023-11-16 09:35:34,517][flwr][DEBUG] - evaluate_round 70 received 5 results and 0 failures
[2023-11-16 09:35:34,517][flwr][DEBUG] - fit_round 71: strategy sampled 5 clients (out of 100)
[2023-11-16 09:35:53,449][flwr][DEBUG] - fit_round 71 received 5 results and 0 failures
[2023-11-16 09:35:56,614][flwr][INFO] - fit progress: (71, 73.61640059947968, {'accuracy': 0.4772}, 2984.1432701000003)
[2023-11-16 09:35:56,614][flwr][DEBUG] - evaluate_round 71: strategy sampled 5 clients (out of 100)
[2023-11-16 09:36:16,478][flwr][DEBUG] - evaluate_round 71 received 5 results and 0 failures
[2023-11-16 09:36:16,478][flwr][DEBUG] - fit_round 72: strategy sampled 5 clients (out of 100)
[2023-11-16 09:36:36,814][flwr][DEBUG] - fit_round 72 received 5 results and 0 failures
[2023-11-16 09:36:40,301][flwr][INFO] - fit progress: (72, 72.47648477554321, {'accuracy': 0.4746}, 3027.835461)
[2023-11-16 09:36:40,301][flwr][DEBUG] - evaluate_round 72: strategy sampled 5 clients (out of 100)
[2023-11-16 09:36:59,754][flwr][DEBUG] - evaluate_round 72 received 5 results and 0 failures
[2023-11-16 09:36:59,754][flwr][DEBUG] - fit_round 73: strategy sampled 5 clients (out of 100)
[2023-11-16 09:37:19,925][flwr][DEBUG] - fit_round 73 received 5 results and 0 failures
[2023-11-16 09:37:23,334][flwr][INFO] - fit progress: (73, 73.375213265419, {'accuracy': 0.4753}, 3070.8763223)
[2023-11-16 09:37:23,349][flwr][DEBUG] - evaluate_round 73: strategy sampled 5 clients (out of 100)
[2023-11-16 09:37:43,075][flwr][DEBUG] - evaluate_round 73 received 5 results and 0 failures
[2023-11-16 09:37:43,075][flwr][DEBUG] - fit_round 74: strategy sampled 5 clients (out of 100)
[2023-11-16 09:38:01,938][flwr][DEBUG] - fit_round 74 received 5 results and 0 failures
[2023-11-16 09:38:05,252][flwr][INFO] - fit progress: (74, 73.24112284183502, {'accuracy': 0.4766}, 3112.7914204000003)
[2023-11-16 09:38:05,252][flwr][DEBUG] - evaluate_round 74: strategy sampled 5 clients (out of 100)
[2023-11-16 09:38:25,323][flwr][DEBUG] - evaluate_round 74 received 5 results and 0 failures
[2023-11-16 09:38:25,323][flwr][DEBUG] - fit_round 75: strategy sampled 5 clients (out of 100)
[2023-11-16 09:38:43,777][flwr][DEBUG] - fit_round 75 received 5 results and 0 failures
[2023-11-16 09:38:46,690][flwr][INFO] - fit progress: (75, 73.4542133808136, {'accuracy': 0.4821}, 3154.2291268000004)
[2023-11-16 09:38:46,690][flwr][DEBUG] - evaluate_round 75: strategy sampled 5 clients (out of 100)
[2023-11-16 09:39:06,452][flwr][DEBUG] - evaluate_round 75 received 5 results and 0 failures
[2023-11-16 09:39:06,452][flwr][DEBUG] - fit_round 76: strategy sampled 5 clients (out of 100)
[2023-11-16 09:39:24,346][flwr][DEBUG] - fit_round 76 received 5 results and 0 failures
[2023-11-16 09:39:27,498][flwr][INFO] - fit progress: (76, 70.403355717659, {'accuracy': 0.487}, 3195.0263385000003)
[2023-11-16 09:39:27,498][flwr][DEBUG] - evaluate_round 76: strategy sampled 5 clients (out of 100)
[2023-11-16 09:39:47,224][flwr][DEBUG] - evaluate_round 76 received 5 results and 0 failures
[2023-11-16 09:39:47,224][flwr][DEBUG] - fit_round 77: strategy sampled 5 clients (out of 100)
[2023-11-16 09:40:07,351][flwr][DEBUG] - fit_round 77 received 5 results and 0 failures
[2023-11-16 09:40:10,404][flwr][INFO] - fit progress: (77, 71.43522047996521, {'accuracy': 0.4891}, 3237.9450129)
[2023-11-16 09:40:10,404][flwr][DEBUG] - evaluate_round 77: strategy sampled 5 clients (out of 100)
[2023-11-16 09:40:30,896][flwr][DEBUG] - evaluate_round 77 received 5 results and 0 failures
[2023-11-16 09:40:30,911][flwr][DEBUG] - fit_round 78: strategy sampled 5 clients (out of 100)
[2023-11-16 09:40:49,695][flwr][DEBUG] - fit_round 78 received 5 results and 0 failures
[2023-11-16 09:40:53,080][flwr][INFO] - fit progress: (78, 70.41684556007385, {'accuracy': 0.4904}, 3280.617372)
[2023-11-16 09:40:53,080][flwr][DEBUG] - evaluate_round 78: strategy sampled 5 clients (out of 100)
[2023-11-16 09:41:13,187][flwr][DEBUG] - evaluate_round 78 received 5 results and 0 failures
[2023-11-16 09:41:13,202][flwr][DEBUG] - fit_round 79: strategy sampled 5 clients (out of 100)
[2023-11-16 09:41:32,526][flwr][DEBUG] - fit_round 79 received 5 results and 0 failures
[2023-11-16 09:41:35,708][flwr][INFO] - fit progress: (79, 70.76732325553894, {'accuracy': 0.486}, 3323.2425303)
[2023-11-16 09:41:35,708][flwr][DEBUG] - evaluate_round 79: strategy sampled 5 clients (out of 100)
[2023-11-16 09:41:55,440][flwr][DEBUG] - evaluate_round 79 received 5 results and 0 failures
[2023-11-16 09:41:55,440][flwr][DEBUG] - fit_round 80: strategy sampled 5 clients (out of 100)
[2023-11-16 09:42:15,726][flwr][DEBUG] - fit_round 80 received 5 results and 0 failures
[2023-11-16 09:42:19,112][flwr][INFO] - fit progress: (80, 71.70186567306519, {'accuracy': 0.4907}, 3366.6444404000003)
[2023-11-16 09:42:19,112][flwr][DEBUG] - evaluate_round 80: strategy sampled 5 clients (out of 100)
[2023-11-16 09:42:38,381][flwr][DEBUG] - evaluate_round 80 received 5 results and 0 failures
[2023-11-16 09:42:38,381][flwr][DEBUG] - fit_round 81: strategy sampled 5 clients (out of 100)
[2023-11-16 09:42:58,969][flwr][DEBUG] - fit_round 81 received 5 results and 0 failures
[2023-11-16 09:43:02,386][flwr][INFO] - fit progress: (81, 73.76784431934357, {'accuracy': 0.4812}, 3409.9203511)
[2023-11-16 09:43:02,386][flwr][DEBUG] - evaluate_round 81: strategy sampled 5 clients (out of 100)
[2023-11-16 09:43:21,876][flwr][DEBUG] - evaluate_round 81 received 5 results and 0 failures
[2023-11-16 09:43:21,876][flwr][DEBUG] - fit_round 82: strategy sampled 5 clients (out of 100)
[2023-11-16 09:43:40,667][flwr][DEBUG] - fit_round 82 received 5 results and 0 failures
[2023-11-16 09:43:43,716][flwr][INFO] - fit progress: (82, 73.34342312812805, {'accuracy': 0.4831}, 3451.2579517000004)
[2023-11-16 09:43:43,716][flwr][DEBUG] - evaluate_round 82: strategy sampled 5 clients (out of 100)
[2023-11-16 09:44:03,570][flwr][DEBUG] - evaluate_round 82 received 5 results and 0 failures
[2023-11-16 09:44:03,570][flwr][DEBUG] - fit_round 83: strategy sampled 5 clients (out of 100)
[2023-11-16 09:44:21,159][flwr][DEBUG] - fit_round 83 received 5 results and 0 failures
[2023-11-16 09:44:24,215][flwr][INFO] - fit progress: (83, 73.21627104282379, {'accuracy': 0.4729}, 3491.7510523)
[2023-11-16 09:44:24,215][flwr][DEBUG] - evaluate_round 83: strategy sampled 5 clients (out of 100)
[2023-11-16 09:44:43,596][flwr][DEBUG] - evaluate_round 83 received 5 results and 0 failures
[2023-11-16 09:44:43,596][flwr][DEBUG] - fit_round 84: strategy sampled 5 clients (out of 100)
[2023-11-16 09:45:03,873][flwr][DEBUG] - fit_round 84 received 5 results and 0 failures
[2023-11-16 09:45:07,187][flwr][INFO] - fit progress: (84, 70.36803078651428, {'accuracy': 0.496}, 3534.7155553000002)
[2023-11-16 09:45:07,187][flwr][DEBUG] - evaluate_round 84: strategy sampled 5 clients (out of 100)
[2023-11-16 09:45:24,541][flwr][DEBUG] - evaluate_round 84 received 5 results and 0 failures
[2023-11-16 09:45:24,557][flwr][DEBUG] - fit_round 85: strategy sampled 5 clients (out of 100)
[2023-11-16 09:45:43,131][flwr][DEBUG] - fit_round 85 received 5 results and 0 failures
[2023-11-16 09:45:46,533][flwr][INFO] - fit progress: (85, 70.46689176559448, {'accuracy': 0.5002}, 3574.0676459)
[2023-11-16 09:45:46,533][flwr][DEBUG] - evaluate_round 85: strategy sampled 5 clients (out of 100)
[2023-11-16 09:46:05,092][flwr][DEBUG] - evaluate_round 85 received 5 results and 0 failures
[2023-11-16 09:46:05,092][flwr][DEBUG] - fit_round 86: strategy sampled 5 clients (out of 100)
[2023-11-16 09:46:25,312][flwr][DEBUG] - fit_round 86 received 5 results and 0 failures
[2023-11-16 09:46:28,944][flwr][INFO] - fit progress: (86, 70.33140933513641, {'accuracy': 0.4951}, 3616.4849903000004)
[2023-11-16 09:46:28,944][flwr][DEBUG] - evaluate_round 86: strategy sampled 5 clients (out of 100)
[2023-11-16 09:46:48,754][flwr][DEBUG] - evaluate_round 86 received 5 results and 0 failures
[2023-11-16 09:46:48,754][flwr][DEBUG] - fit_round 87: strategy sampled 5 clients (out of 100)
[2023-11-16 09:47:07,491][flwr][DEBUG] - fit_round 87 received 5 results and 0 failures
[2023-11-16 09:47:10,708][flwr][INFO] - fit progress: (87, 70.45365607738495, {'accuracy': 0.4981}, 3658.2461741)
[2023-11-16 09:47:10,708][flwr][DEBUG] - evaluate_round 87: strategy sampled 5 clients (out of 100)
[2023-11-16 09:47:30,469][flwr][DEBUG] - evaluate_round 87 received 5 results and 0 failures
[2023-11-16 09:47:30,469][flwr][DEBUG] - fit_round 88: strategy sampled 5 clients (out of 100)
[2023-11-16 09:47:50,531][flwr][DEBUG] - fit_round 88 received 5 results and 0 failures
[2023-11-16 09:47:53,811][flwr][INFO] - fit progress: (88, 70.3729989528656, {'accuracy': 0.5027}, 3701.3494631000003)
[2023-11-16 09:47:53,811][flwr][DEBUG] - evaluate_round 88: strategy sampled 5 clients (out of 100)
[2023-11-16 09:48:13,528][flwr][DEBUG] - evaluate_round 88 received 5 results and 0 failures
[2023-11-16 09:48:13,528][flwr][DEBUG] - fit_round 89: strategy sampled 5 clients (out of 100)
[2023-11-16 09:48:33,727][flwr][DEBUG] - fit_round 89 received 5 results and 0 failures
[2023-11-16 09:48:36,866][flwr][INFO] - fit progress: (89, 69.08789789676666, {'accuracy': 0.4965}, 3744.4032807000003)
[2023-11-16 09:48:36,866][flwr][DEBUG] - evaluate_round 89: strategy sampled 5 clients (out of 100)
[2023-11-16 09:48:55,208][flwr][DEBUG] - evaluate_round 89 received 5 results and 0 failures
[2023-11-16 09:48:55,224][flwr][DEBUG] - fit_round 90: strategy sampled 5 clients (out of 100)
[2023-11-16 09:49:11,328][flwr][DEBUG] - fit_round 90 received 5 results and 0 failures
[2023-11-16 09:49:14,623][flwr][INFO] - fit progress: (90, 70.73883271217346, {'accuracy': 0.491}, 3782.1601802)
[2023-11-16 09:49:14,623][flwr][DEBUG] - evaluate_round 90: strategy sampled 5 clients (out of 100)
[2023-11-16 09:49:34,449][flwr][DEBUG] - evaluate_round 90 received 5 results and 0 failures
[2023-11-16 09:49:34,449][flwr][DEBUG] - fit_round 91: strategy sampled 5 clients (out of 100)
[2023-11-16 09:49:53,351][flwr][DEBUG] - fit_round 91 received 5 results and 0 failures
[2023-11-16 09:49:56,506][flwr][INFO] - fit progress: (91, 72.06327104568481, {'accuracy': 0.4925}, 3824.0431636000003)
[2023-11-16 09:49:56,506][flwr][DEBUG] - evaluate_round 91: strategy sampled 5 clients (out of 100)
[2023-11-16 09:50:16,192][flwr][DEBUG] - evaluate_round 91 received 5 results and 0 failures
[2023-11-16 09:50:16,192][flwr][DEBUG] - fit_round 92: strategy sampled 5 clients (out of 100)
[2023-11-16 09:50:36,282][flwr][DEBUG] - fit_round 92 received 5 results and 0 failures
[2023-11-16 09:50:39,219][flwr][INFO] - fit progress: (92, 69.3710949420929, {'accuracy': 0.5024}, 3866.755126)
[2023-11-16 09:50:39,219][flwr][DEBUG] - evaluate_round 92: strategy sampled 5 clients (out of 100)
[2023-11-16 09:50:56,498][flwr][DEBUG] - evaluate_round 92 received 5 results and 0 failures
[2023-11-16 09:50:56,498][flwr][DEBUG] - fit_round 93: strategy sampled 5 clients (out of 100)
[2023-11-16 09:51:16,763][flwr][DEBUG] - fit_round 93 received 5 results and 0 failures
[2023-11-16 09:51:19,856][flwr][INFO] - fit progress: (93, 70.08838975429535, {'accuracy': 0.5067}, 3907.3949912000003)
[2023-11-16 09:51:19,856][flwr][DEBUG] - evaluate_round 93: strategy sampled 5 clients (out of 100)
[2023-11-16 09:51:39,229][flwr][DEBUG] - evaluate_round 93 received 5 results and 0 failures
[2023-11-16 09:51:39,229][flwr][DEBUG] - fit_round 94: strategy sampled 5 clients (out of 100)
[2023-11-16 09:51:58,195][flwr][DEBUG] - fit_round 94 received 5 results and 0 failures
[2023-11-16 09:52:01,606][flwr][INFO] - fit progress: (94, 70.39458215236664, {'accuracy': 0.4984}, 3949.1398819)
[2023-11-16 09:52:01,606][flwr][DEBUG] - evaluate_round 94: strategy sampled 5 clients (out of 100)
[2023-11-16 09:52:21,362][flwr][DEBUG] - evaluate_round 94 received 5 results and 0 failures
[2023-11-16 09:52:21,362][flwr][DEBUG] - fit_round 95: strategy sampled 5 clients (out of 100)
[2023-11-16 09:52:40,738][flwr][DEBUG] - fit_round 95 received 5 results and 0 failures
[2023-11-16 09:52:43,849][flwr][INFO] - fit progress: (95, 70.0083156824112, {'accuracy': 0.4992}, 3991.3773958)
[2023-11-16 09:52:43,849][flwr][DEBUG] - evaluate_round 95: strategy sampled 5 clients (out of 100)
[2023-11-16 09:53:03,491][flwr][DEBUG] - evaluate_round 95 received 5 results and 0 failures
[2023-11-16 09:53:03,491][flwr][DEBUG] - fit_round 96: strategy sampled 5 clients (out of 100)
[2023-11-16 09:53:23,592][flwr][DEBUG] - fit_round 96 received 5 results and 0 failures
[2023-11-16 09:53:26,806][flwr][INFO] - fit progress: (96, 71.21604681015015, {'accuracy': 0.498}, 4034.3368956000004)
[2023-11-16 09:53:26,806][flwr][DEBUG] - evaluate_round 96: strategy sampled 5 clients (out of 100)
[2023-11-16 09:53:45,883][flwr][DEBUG] - evaluate_round 96 received 5 results and 0 failures
[2023-11-16 09:53:45,883][flwr][DEBUG] - fit_round 97: strategy sampled 5 clients (out of 100)
[2023-11-16 09:54:06,533][flwr][DEBUG] - fit_round 97 received 5 results and 0 failures
[2023-11-16 09:54:09,774][flwr][INFO] - fit progress: (97, 69.23221588134766, {'accuracy': 0.5039}, 4077.3028340000005)
[2023-11-16 09:54:09,774][flwr][DEBUG] - evaluate_round 97: strategy sampled 5 clients (out of 100)
[2023-11-16 09:54:28,645][flwr][DEBUG] - evaluate_round 97 received 5 results and 0 failures
[2023-11-16 09:54:28,645][flwr][DEBUG] - fit_round 98: strategy sampled 5 clients (out of 100)
[2023-11-16 09:54:47,270][flwr][DEBUG] - fit_round 98 received 5 results and 0 failures
[2023-11-16 09:54:50,460][flwr][INFO] - fit progress: (98, 70.01272797584534, {'accuracy': 0.5028}, 4118.0005322)
[2023-11-16 09:54:50,460][flwr][DEBUG] - evaluate_round 98: strategy sampled 5 clients (out of 100)
[2023-11-16 09:55:10,245][flwr][DEBUG] - evaluate_round 98 received 5 results and 0 failures
[2023-11-16 09:55:10,245][flwr][DEBUG] - fit_round 99: strategy sampled 5 clients (out of 100)
[2023-11-16 09:55:27,148][flwr][DEBUG] - fit_round 99 received 5 results and 0 failures
[2023-11-16 09:55:30,709][flwr][INFO] - fit progress: (99, 68.58259642124176, {'accuracy': 0.5069}, 4158.2392668)
[2023-11-16 09:55:30,709][flwr][DEBUG] - evaluate_round 99: strategy sampled 5 clients (out of 100)
[2023-11-16 09:55:50,425][flwr][DEBUG] - evaluate_round 99 received 5 results and 0 failures
[2023-11-16 09:55:50,425][flwr][DEBUG] - fit_round 100: strategy sampled 5 clients (out of 100)
[2023-11-16 09:56:10,686][flwr][DEBUG] - fit_round 100 received 5 results and 0 failures
[2023-11-16 09:56:14,095][flwr][INFO] - fit progress: (100, 68.3878606557846, {'accuracy': 0.5153}, 4201.6324549)
[2023-11-16 09:56:14,095][flwr][DEBUG] - evaluate_round 100: strategy sampled 5 clients (out of 100)
[2023-11-16 09:56:32,416][flwr][DEBUG] - evaluate_round 100 received 5 results and 0 failures
[2023-11-16 09:56:32,432][flwr][INFO] - FL finished in 4219.9613056
[2023-11-16 09:56:32,432][flwr][INFO] - app_fit: losses_distributed [(1, 6.918689346313476), (2, 6.899797677993774), (3, 6.87874321937561), (4, 6.865919589996338), (5, 6.818156433105469), (6, 6.649213981628418), (7, 6.604088401794433), (8, 6.352476906776428), (9, 6.743975257873535), (10, 6.236920762062073), (11, 6.146654081344605), (12, 6.213975620269776), (13, 5.757022523880005), (14, 5.898741412162781), (15, 5.984468841552735), (16, 6.017833518981933), (17, 5.849445462226868), (18, 5.798126864433288), (19, 5.831143450737), (20, 5.4758559465408325), (21, 5.901234149932861), (22, 5.628078317642212), (23, 5.480544090270996), (24, 5.426786589622497), (25, 5.436578321456909), (26, 5.295456528663635), (27, 5.65506899356842), (28, 5.436798810958862), (29, 5.231185722351074), (30, 5.137367987632752), (31, 5.007662916183472), (32, 5.102339076995849), (33, 5.123331618309021), (34, 5.051078152656555), (35, 5.26083288192749), (36, 5.031689167022705), (37, 4.814219832420349), (38, 4.75355327129364), (39, 5.044800853729248), (40, 4.850943589210511), (41, 4.950092816352845), (42, 4.716926717758179), (43, 4.372959852218628), (44, 4.738498568534851), (45, 4.8069429159164425), (46, 4.667573761940003), (47, 4.825719285011291), (48, 4.069372081756592), (49, 4.575259113311768), (50, 4.719924592971802), (51, 4.6277672290802006), (52, 4.61965765953064), (53, 4.439882040023804), (54, 4.398156237602234), (55, 4.859405589103699), (56, 4.3252260208129885), (57, 4.6554385900497435), (58, 4.361148643493652), (59, 4.242094457149506), (60, 4.62668743133545), (61, 4.401922059059143), (62, 4.4364304661750795), (63, 4.782811641693115), (64, 4.3332627534866335), (65, 4.757232403755188), (66, 4.737298476696014), (67, 4.6972791194915775), (68, 4.191154265403748), (69, 4.202223515510559), (70, 4.424755549430847), (71, 4.372394371032715), (72, 4.194351387023926), (73, 4.500603461265564), (74, 4.344044017791748), (75, 4.485512328147888), (76, 4.353830122947693), (77, 4.122707545757294), (78, 4.53099650144577), (79, 4.038703536987304), (80, 4.0828604936599735), (81, 4.555024719238281), (82, 4.591393399238586), (83, 4.312671232223511), (84, 4.267867994308472), (85, 4.0303614139556885), (86, 4.094638633728027), (87, 4.058644795417786), (88, 4.2900231122970585), (89, 4.634287285804748), (90, 4.131878757476807), (91, 4.365379881858826), (92, 4.16378002166748), (93, 4.5318766117095945), (94, 4.449124228954315), (95, 4.2848056077957155), (96, 4.071493709087372), (97, 4.123906946182251), (98, 4.280774879455566), (99, 4.0321685671806335), (100, 4.231992411613464)]
[2023-11-16 09:56:32,440][flwr][INFO] - app_fit: metrics_distributed_fit {}
[2023-11-16 09:56:32,441][flwr][INFO] - app_fit: metrics_distributed {}
[2023-11-16 09:56:32,442][flwr][INFO] - app_fit: losses_centralized [(0, 115.3201231956482), (1, 115.18747854232788), (2, 115.01385378837585), (3, 114.82155990600586), (4, 114.4732096195221), (5, 113.663743019104), (6, 112.1172239780426), (7, 109.62808752059937), (8, 107.5980474948883), (9, 111.9952929019928), (10, 103.72228908538818), (11, 103.19854617118835), (12, 104.20304369926453), (13, 100.06240713596344), (14, 100.06015741825104), (15, 99.41809129714966), (16, 101.6154955625534), (17, 97.66319465637207), (18, 96.5056084394455), (19, 96.35310578346252), (20, 92.9802017211914), (21, 97.79933178424835), (22, 92.29431438446045), (23, 91.82398402690887), (24, 92.38316488265991), (25, 89.23122823238373), (26, 89.51041877269745), (27, 90.34043800830841), (28, 89.87394964694977), (29, 86.4624754190445), (30, 88.06874167919159), (31, 88.4212715625763), (32, 83.66622734069824), (33, 85.00894916057587), (34, 85.48164319992065), (35, 86.91703915596008), (36, 83.03437983989716), (37, 80.83859312534332), (38, 80.51721346378326), (39, 82.43597173690796), (40, 83.7417860031128), (41, 79.9399836063385), (42, 81.31360995769501), (43, 80.47779512405396), (44, 78.79141342639923), (45, 81.58339512348175), (46, 80.70764243602753), (47, 82.78546559810638), (48, 77.44576728343964), (49, 77.54823231697083), (50, 76.91940975189209), (51, 76.51346373558044), (52, 77.67067325115204), (53, 78.08985352516174), (54, 76.83534300327301), (55, 77.67653560638428), (56, 75.53239047527313), (57, 75.24876379966736), (58, 75.31662952899933), (59, 74.52595794200897), (60, 74.39575147628784), (61, 74.91903460025787), (62, 74.82351303100586), (63, 75.27396178245544), (64, 73.59642553329468), (65, 72.01451766490936), (66, 73.39857721328735), (67, 73.57481789588928), (68, 71.28725099563599), (69, 72.86867260932922), (70, 74.38102495670319), (71, 73.61640059947968), (72, 72.47648477554321), (73, 73.375213265419), (74, 73.24112284183502), (75, 73.4542133808136), (76, 70.403355717659), (77, 71.43522047996521), (78, 70.41684556007385), (79, 70.76732325553894), (80, 71.70186567306519), (81, 73.76784431934357), (82, 73.34342312812805), (83, 73.21627104282379), (84, 70.36803078651428), (85, 70.46689176559448), (86, 70.33140933513641), (87, 70.45365607738495), (88, 70.3729989528656), (89, 69.08789789676666), (90, 70.73883271217346), (91, 72.06327104568481), (92, 69.3710949420929), (93, 70.08838975429535), (94, 70.39458215236664), (95, 70.0083156824112), (96, 71.21604681015015), (97, 69.23221588134766), (98, 70.01272797584534), (99, 68.58259642124176), (100, 68.3878606557846)]
[2023-11-16 09:56:32,450][flwr][INFO] - app_fit: metrics_centralized {'accuracy': [(0, 0.1), (1, 0.1), (2, 0.1008), (3, 0.1661), (4, 0.1391), (5, 0.125), (6, 0.1387), (7, 0.2018), (8, 0.2179), (9, 0.1736), (10, 0.2254), (11, 0.2583), (12, 0.2656), (13, 0.2646), (14, 0.2735), (15, 0.2934), (16, 0.2698), (17, 0.292), (18, 0.2977), (19, 0.3109), (20, 0.338), (21, 0.3176), (22, 0.3292), (23, 0.3505), (24, 0.3508), (25, 0.3698), (26, 0.3593), (27, 0.3557), (28, 0.3698), (29, 0.3792), (30, 0.368), (31, 0.3934), (32, 0.3969), (33, 0.3917), (34, 0.391), (35, 0.3825), (36, 0.4009), (37, 0.4199), (38, 0.4175), (39, 0.4163), (40, 0.4169), (41, 0.4214), (42, 0.4089), (43, 0.4153), (44, 0.4317), (45, 0.4268), (46, 0.4333), (47, 0.4156), (48, 0.4418), (49, 0.431), (50, 0.4397), (51, 0.451), (52, 0.4469), (53, 0.4435), (54, 0.4438), (55, 0.4335), (56, 0.451), (57, 0.4589), (58, 0.4558), (59, 0.4631), (60, 0.4613), (61, 0.4694), (62, 0.4543), (63, 0.4641), (64, 0.4711), (65, 0.4829), (66, 0.4737), (67, 0.4792), (68, 0.4845), (69, 0.482), (70, 0.4708), (71, 0.4772), (72, 0.4746), (73, 0.4753), (74, 0.4766), (75, 0.4821), (76, 0.487), (77, 0.4891), (78, 0.4904), (79, 0.486), (80, 0.4907), (81, 0.4812), (82, 0.4831), (83, 0.4729), (84, 0.496), (85, 0.5002), (86, 0.4951), (87, 0.4981), (88, 0.5027), (89, 0.4965), (90, 0.491), (91, 0.4925), (92, 0.5024), (93, 0.5067), (94, 0.4984), (95, 0.4992), (96, 0.498), (97, 0.5039), (98, 0.5028), (99, 0.5069), (100, 0.5153)]}
