[2024-04-05 18:07:47,589][flwr][INFO] - Starting Flower simulation, config: ServerConfig(num_rounds=10, round_timeout=None)
[2024-04-05 18:08:02,369][flwr][INFO] - Flower VCE: Ray initialized with resources: {'CPU': 32.0, 'node:127.0.0.1': 1.0, 'object_store_memory': 37001470771.0, 'GPU': 1.0, 'memory': 76336765133.0}
[2024-04-05 18:08:02,371][flwr][INFO] - Initializing global parameters
[2024-04-05 18:08:02,372][flwr][INFO] - Using initial parameters provided by strategy
[2024-04-05 18:08:02,373][flwr][INFO] - Evaluating initial parameters
[2024-04-05 18:08:11,549][flwr][INFO] - initial parameters (loss, other metrics): 182.15265727043152, {'accuracy': 0.0996}
[2024-04-05 18:08:11,550][flwr][INFO] - FL starting
[2024-04-05 18:08:11,552][flwr][DEBUG] - fit_round 1: strategy sampled 8 clients (out of 25)
[2024-04-05 18:09:20,947][flwr][DEBUG] - fit_round 1 received 8 results and 0 failures
[2024-04-05 18:09:20,971][flwr][WARNING] - No fit_metrics_aggregation_fn provided
[2024-04-05 18:09:23,880][flwr][INFO] - fit progress: (1, 172.63264393806458, {'accuracy': 0.3025}, 72.3281937)
[2024-04-05 18:09:23,881][flwr][DEBUG] - evaluate_round 1: strategy sampled 8 clients (out of 25)
[2024-04-05 18:09:32,504][flwr][DEBUG] - evaluate_round 1 received 8 results and 0 failures
[2024-04-05 18:09:32,506][flwr][WARNING] - No evaluate_metrics_aggregation_fn provided
[2024-04-05 18:09:32,507][flwr][DEBUG] - fit_round 2: strategy sampled 8 clients (out of 25)
[2024-04-05 18:10:29,285][flwr][DEBUG] - fit_round 2 received 8 results and 0 failures
[2024-04-05 18:10:31,939][flwr][INFO] - fit progress: (2, 109.41793990135193, {'accuracy': 0.9309}, 140.38750689999998)
[2024-04-05 18:10:31,940][flwr][DEBUG] - evaluate_round 2: strategy sampled 8 clients (out of 25)
[2024-04-05 18:10:40,601][flwr][DEBUG] - evaluate_round 2 received 8 results and 0 failures
[2024-04-05 18:10:40,602][flwr][DEBUG] - fit_round 3: strategy sampled 8 clients (out of 25)
[2024-04-05 18:11:38,513][flwr][DEBUG] - fit_round 3 received 8 results and 0 failures
[2024-04-05 18:11:41,382][flwr][INFO] - fit progress: (3, 13.482164895161986, {'accuracy': 0.964}, 209.83026139999998)
[2024-04-05 18:11:41,384][flwr][DEBUG] - evaluate_round 3: strategy sampled 8 clients (out of 25)
[2024-04-05 18:11:49,651][flwr][DEBUG] - evaluate_round 3 received 8 results and 0 failures
[2024-04-05 18:11:49,653][flwr][DEBUG] - fit_round 4: strategy sampled 8 clients (out of 25)
[2024-04-05 18:12:47,545][flwr][DEBUG] - fit_round 4 received 8 results and 0 failures
