[2024-04-05 17:40:41,256][flwr][INFO] - Starting Flower simulation, config: ServerConfig(num_rounds=10, round_timeout=None)
[2024-04-05 17:40:55,989][flwr][INFO] - Flower VCE: Ray initialized with resources: {'object_store_memory': 37043630899.0, 'CPU': 32.0, 'node:127.0.0.1': 1.0, 'memory': 76435138765.0, 'GPU': 1.0}
[2024-04-05 17:40:55,991][flwr][INFO] - Initializing global parameters
[2024-04-05 17:40:55,993][flwr][INFO] - Requesting initial parameters from one random client
[2024-04-05 17:40:58,518][flwr][INFO] - Received initial parameters from one random client
[2024-04-05 17:40:58,520][flwr][INFO] - Evaluating initial parameters
[2024-04-05 17:41:08,196][flwr][INFO] - initial parameters (loss, other metrics): 181.97667694091797, {'accuracy': 0.0796}
[2024-04-05 17:41:08,198][flwr][INFO] - FL starting
[2024-04-05 17:41:08,199][flwr][DEBUG] - fit_round 1: strategy sampled 5 clients (out of 25)
[2024-04-05 17:41:26,380][flwr][DEBUG] - fit_round 1 received 5 results and 0 failures
[2024-04-05 17:41:26,397][flwr][WARNING] - No fit_metrics_aggregation_fn provided
[2024-04-05 17:41:29,527][flwr][INFO] - fit progress: (1, 32.45332409441471, {'accuracy': 0.88}, 21.328452900000002)
[2024-04-05 17:41:29,529][flwr][DEBUG] - evaluate_round 1: strategy sampled 5 clients (out of 25)
[2024-04-05 17:41:34,491][flwr][DEBUG] - evaluate_round 1 received 5 results and 0 failures
[2024-04-05 17:41:34,492][flwr][WARNING] - No evaluate_metrics_aggregation_fn provided
[2024-04-05 17:41:34,493][flwr][DEBUG] - fit_round 2: strategy sampled 5 clients (out of 25)
[2024-04-05 17:41:41,375][flwr][DEBUG] - fit_round 2 received 5 results and 0 failures
[2024-04-05 17:41:44,421][flwr][INFO] - fit progress: (2, 14.98551975004375, {'accuracy': 0.9422}, 36.22295640000001)
[2024-04-05 17:41:44,423][flwr][DEBUG] - evaluate_round 2: strategy sampled 5 clients (out of 25)
[2024-04-05 17:41:49,293][flwr][DEBUG] - evaluate_round 2 received 5 results and 0 failures
[2024-04-05 17:41:49,294][flwr][DEBUG] - fit_round 3: strategy sampled 5 clients (out of 25)
[2024-04-05 17:41:55,787][flwr][DEBUG] - fit_round 3 received 5 results and 0 failures
[2024-04-05 17:41:58,963][flwr][INFO] - fit progress: (3, 11.467798942700028, {'accuracy': 0.9562}, 50.763894900000004)
[2024-04-05 17:41:58,965][flwr][DEBUG] - evaluate_round 3: strategy sampled 5 clients (out of 25)
[2024-04-05 17:42:03,862][flwr][DEBUG] - evaluate_round 3 received 5 results and 0 failures
[2024-04-05 17:42:03,863][flwr][DEBUG] - fit_round 4: strategy sampled 5 clients (out of 25)
[2024-04-05 17:42:10,942][flwr][DEBUG] - fit_round 4 received 5 results and 0 failures
[2024-04-05 17:42:13,927][flwr][INFO] - fit progress: (4, 10.254098650068045, {'accuracy': 0.9583}, 65.7278044)
[2024-04-05 17:42:13,928][flwr][DEBUG] - evaluate_round 4: strategy sampled 5 clients (out of 25)
[2024-04-05 17:42:19,049][flwr][DEBUG] - evaluate_round 4 received 5 results and 0 failures
[2024-04-05 17:42:19,050][flwr][DEBUG] - fit_round 5: strategy sampled 5 clients (out of 25)
[2024-04-05 17:42:26,280][flwr][DEBUG] - fit_round 5 received 5 results and 0 failures
[2024-04-05 17:42:29,075][flwr][INFO] - fit progress: (5, 7.725288568995893, {'accuracy': 0.9686}, 80.8758028)
[2024-04-05 17:42:29,076][flwr][DEBUG] - evaluate_round 5: strategy sampled 5 clients (out of 25)
[2024-04-05 17:42:34,041][flwr][DEBUG] - evaluate_round 5 received 5 results and 0 failures
[2024-04-05 17:42:34,042][flwr][DEBUG] - fit_round 6: strategy sampled 5 clients (out of 25)
[2024-04-05 17:42:41,077][flwr][DEBUG] - fit_round 6 received 5 results and 0 failures
[2024-04-05 17:42:44,191][flwr][INFO] - fit progress: (6, 6.9458985473029315, {'accuracy': 0.9727}, 95.9928495)
[2024-04-05 17:42:44,193][flwr][DEBUG] - evaluate_round 6: strategy sampled 5 clients (out of 25)
[2024-04-05 17:42:49,050][flwr][DEBUG] - evaluate_round 6 received 5 results and 0 failures
[2024-04-05 17:42:49,051][flwr][DEBUG] - fit_round 7: strategy sampled 5 clients (out of 25)
[2024-04-05 17:42:56,137][flwr][DEBUG] - fit_round 7 received 5 results and 0 failures
[2024-04-05 17:42:59,260][flwr][INFO] - fit progress: (7, 7.273404038976878, {'accuracy': 0.9697}, 111.06131930000001)
[2024-04-05 17:42:59,262][flwr][DEBUG] - evaluate_round 7: strategy sampled 5 clients (out of 25)
[2024-04-05 17:43:04,258][flwr][DEBUG] - evaluate_round 7 received 5 results and 0 failures
[2024-04-05 17:43:04,260][flwr][DEBUG] - fit_round 8: strategy sampled 5 clients (out of 25)
[2024-04-05 17:43:10,769][flwr][DEBUG] - fit_round 8 received 5 results and 0 failures
[2024-04-05 17:43:13,781][flwr][INFO] - fit progress: (8, 5.930527324788272, {'accuracy': 0.975}, 125.58179139999999)
[2024-04-05 17:43:13,782][flwr][DEBUG] - evaluate_round 8: strategy sampled 5 clients (out of 25)
[2024-04-05 17:43:18,821][flwr][DEBUG] - evaluate_round 8 received 5 results and 0 failures
[2024-04-05 17:43:18,822][flwr][DEBUG] - fit_round 9: strategy sampled 5 clients (out of 25)
[2024-04-05 17:43:25,709][flwr][DEBUG] - fit_round 9 received 5 results and 0 failures
[2024-04-05 17:43:28,750][flwr][INFO] - fit progress: (9, 5.217143751884578, {'accuracy': 0.9789}, 140.55144869999998)
[2024-04-05 17:43:28,752][flwr][DEBUG] - evaluate_round 9: strategy sampled 5 clients (out of 25)
[2024-04-05 17:43:33,805][flwr][DEBUG] - evaluate_round 9 received 5 results and 0 failures
[2024-04-05 17:43:33,806][flwr][DEBUG] - fit_round 10: strategy sampled 5 clients (out of 25)
[2024-04-05 17:43:40,542][flwr][DEBUG] - fit_round 10 received 5 results and 0 failures
[2024-04-05 17:43:43,369][flwr][INFO] - fit progress: (10, 5.420818322105333, {'accuracy': 0.9778}, 155.16998619999998)
[2024-04-05 17:43:43,370][flwr][DEBUG] - evaluate_round 10: strategy sampled 5 clients (out of 25)
[2024-04-05 17:43:48,204][flwr][DEBUG] - evaluate_round 10 received 5 results and 0 failures
[2024-04-05 17:43:48,205][flwr][INFO] - FL finished in 160.0065822
[2024-04-05 17:43:48,206][flwr][INFO] - app_fit: losses_distributed [(1, 5.1158878117799755), (2, 2.189147830195725), (3, 2.0850718192756177), (4, 1.7097638041712344), (5, 1.2868751702830195), (6, 1.3931860879529268), (7, 1.1743640230968595), (8, 0.9654700722545385), (9, 0.9483473795931786), (10, 0.8180420142831281)]
[2024-04-05 17:43:48,207][flwr][INFO] - app_fit: metrics_distributed_fit {}
[2024-04-05 17:43:48,208][flwr][INFO] - app_fit: metrics_distributed {}
[2024-04-05 17:43:48,209][flwr][INFO] - app_fit: losses_centralized [(0, 181.97667694091797), (1, 32.45332409441471), (2, 14.98551975004375), (3, 11.467798942700028), (4, 10.254098650068045), (5, 7.725288568995893), (6, 6.9458985473029315), (7, 7.273404038976878), (8, 5.930527324788272), (9, 5.217143751884578), (10, 5.420818322105333)]
[2024-04-05 17:43:48,210][flwr][INFO] - app_fit: metrics_centralized {'accuracy': [(0, 0.0796), (1, 0.88), (2, 0.9422), (3, 0.9562), (4, 0.9583), (5, 0.9686), (6, 0.9727), (7, 0.9697), (8, 0.975), (9, 0.9789), (10, 0.9778)]}
