[2023-10-12 11:30:30,132][flwr][INFO] - Starting Flower simulation, config: ServerConfig(num_rounds=2, round_timeout=None)
[2023-10-12 11:30:34,386][flwr][INFO] - Flower VCE: Ray initialized with resources: {'object_store_memory': 37073769676.0, 'memory': 76505462580.0, 'GPU': 1.0, 'node:127.0.0.1': 1.0, 'CPU': 32.0}
[2023-10-12 11:30:34,386][flwr][INFO] - Initializing global parameters
[2023-10-12 11:30:34,386][flwr][INFO] - Requesting initial parameters from one random client
[2023-10-12 11:30:36,859][flwr][INFO] - Received initial parameters from one random client
[2023-10-12 11:30:36,859][flwr][INFO] - Evaluating initial parameters
[2023-10-12 11:30:45,278][flwr][INFO] - initial parameters (loss, other metrics): 182.039133310318, {'accuracy': 0.1019}
[2023-10-12 11:30:45,281][flwr][INFO] - FL starting
[2023-10-12 11:30:45,282][flwr][DEBUG] - fit_round 1: strategy sampled 5 clients (out of 10)
[2023-10-12 11:30:59,323][flwr][DEBUG] - fit_round 1 received 5 results and 0 failures
[2023-10-12 11:30:59,354][flwr][WARNING] - No fit_metrics_aggregation_fn provided
[2023-10-12 11:31:02,527][flwr][INFO] - fit progress: (1, 14.101575467735529, {'accuracy': 0.9477}, 17.245769300000003)
[2023-10-12 11:31:02,529][flwr][INFO] - evaluate_round 1: no clients selected, cancel
[2023-10-12 11:31:02,530][flwr][DEBUG] - fit_round 2: strategy sampled 5 clients (out of 10)
[2023-10-12 11:31:10,288][flwr][DEBUG] - fit_round 2 received 5 results and 0 failures
[2023-10-12 11:31:13,412][flwr][INFO] - fit progress: (2, 8.07639795250725, {'accuracy': 0.9677}, 28.1309402)
[2023-10-12 11:31:13,414][flwr][INFO] - evaluate_round 2: no clients selected, cancel
[2023-10-12 11:31:13,415][flwr][INFO] - FL finished in 28.1337886
[2023-10-12 11:31:13,416][flwr][INFO] - app_fit: losses_distributed []
[2023-10-12 11:31:13,417][flwr][INFO] - app_fit: metrics_distributed_fit {}
[2023-10-12 11:31:13,417][flwr][INFO] - app_fit: metrics_distributed {}
[2023-10-12 11:31:13,418][flwr][INFO] - app_fit: losses_centralized [(0, 182.039133310318), (1, 14.101575467735529), (2, 8.07639795250725)]
[2023-10-12 11:31:13,419][flwr][INFO] - app_fit: metrics_centralized {'accuracy': [(0, 0.1019), (1, 0.9477), (2, 0.9677)]}
