[2023-11-23 10:00:36,191][flwr][INFO] - Starting Flower simulation, config: ServerConfig(num_rounds=100, round_timeout=None)
[2023-11-23 10:00:40,279][flwr][INFO] - Flower VCE: Ray initialized with resources: {'memory': 78055588455.0, 'object_store_memory': 37738109337.0, 'CPU': 32.0, 'node:127.0.0.1': 1.0, 'GPU': 1.0}
[2023-11-23 10:00:40,289][flwr][INFO] - Initializing global parameters
[2023-11-23 10:00:40,290][flwr][INFO] - Requesting initial parameters from one random client
[2023-11-23 10:00:43,657][flwr][INFO] - Received initial parameters from one random client
[2023-11-23 10:00:43,659][flwr][INFO] - Evaluating initial parameters
[2023-11-23 10:00:51,826][flwr][INFO] - initial parameters (loss, other metrics): 115.31682538986206, {'accuracy': 0.1}
[2023-11-23 10:00:51,826][flwr][INFO] - FL starting
[2023-11-23 10:00:51,826][flwr][DEBUG] - fit_round 1: strategy sampled 20 clients (out of 20)
[2023-11-23 10:07:28,318][flwr][DEBUG] - fit_round 1 received 20 results and 0 failures
[2023-11-23 10:07:28,378][flwr][WARNING] - No fit_metrics_aggregation_fn provided
[2023-11-23 10:07:31,853][flwr][INFO] - fit progress: (1, 114.94968461990356, {'accuracy': 0.1015}, 400.02972550000004)
[2023-11-23 10:07:31,853][flwr][DEBUG] - evaluate_round 1: strategy sampled 20 clients (out of 20)
[2023-11-23 10:08:19,490][flwr][DEBUG] - evaluate_round 1 received 20 results and 0 failures
[2023-11-23 10:08:19,490][flwr][WARNING] - No evaluate_metrics_aggregation_fn provided
[2023-11-23 10:08:19,500][flwr][DEBUG] - fit_round 2: strategy sampled 20 clients (out of 20)
[2023-11-23 10:14:53,485][flwr][DEBUG] - fit_round 2 received 20 results and 0 failures
[2023-11-23 10:14:57,049][flwr][INFO] - fit progress: (2, 113.81251287460327, {'accuracy': 0.1676}, 845.2277884)
[2023-11-23 10:14:57,059][flwr][DEBUG] - evaluate_round 2: strategy sampled 20 clients (out of 20)
[2023-11-23 10:15:47,520][flwr][DEBUG] - evaluate_round 2 received 20 results and 0 failures
[2023-11-23 10:15:47,520][flwr][DEBUG] - fit_round 3: strategy sampled 20 clients (out of 20)
[2023-11-23 10:22:13,666][flwr][DEBUG] - fit_round 3 received 20 results and 0 failures
[2023-11-23 10:22:17,464][flwr][INFO] - fit progress: (3, 106.97018885612488, {'accuracy': 0.2314}, 1285.6339980999999)
[2023-11-23 10:22:17,464][flwr][DEBUG] - evaluate_round 3: strategy sampled 20 clients (out of 20)
[2023-11-23 10:23:06,598][flwr][DEBUG] - evaluate_round 3 received 20 results and 0 failures
[2023-11-23 10:23:06,608][flwr][DEBUG] - fit_round 4: strategy sampled 20 clients (out of 20)
[2023-11-23 10:29:34,520][flwr][DEBUG] - fit_round 4 received 20 results and 0 failures
[2023-11-23 10:29:37,995][flwr][INFO] - fit progress: (4, 100.65029752254486, {'accuracy': 0.2931}, 1726.1661130999998)
[2023-11-23 10:29:37,995][flwr][DEBUG] - evaluate_round 4: strategy sampled 20 clients (out of 20)
[2023-11-23 10:30:27,576][flwr][DEBUG] - evaluate_round 4 received 20 results and 0 failures
[2023-11-23 10:30:27,576][flwr][DEBUG] - fit_round 5: strategy sampled 20 clients (out of 20)
[2023-11-23 10:36:54,192][flwr][DEBUG] - fit_round 5 received 20 results and 0 failures
[2023-11-23 10:36:57,666][flwr][INFO] - fit progress: (5, 94.40191674232483, {'accuracy': 0.3239}, 2165.8353391)
[2023-11-23 10:36:57,668][flwr][DEBUG] - evaluate_round 5: strategy sampled 20 clients (out of 20)
[2023-11-23 10:37:43,719][flwr][DEBUG] - evaluate_round 5 received 20 results and 0 failures
[2023-11-23 10:37:43,719][flwr][DEBUG] - fit_round 6: strategy sampled 20 clients (out of 20)
[2023-11-23 10:44:11,966][flwr][DEBUG] - fit_round 6 received 20 results and 0 failures
[2023-11-23 10:44:15,423][flwr][INFO] - fit progress: (6, 88.75394678115845, {'accuracy': 0.3604}, 2603.6005375)
[2023-11-23 10:44:15,433][flwr][DEBUG] - evaluate_round 6: strategy sampled 20 clients (out of 20)
[2023-11-23 10:45:08,599][flwr][DEBUG] - evaluate_round 6 received 20 results and 0 failures
[2023-11-23 10:45:08,609][flwr][DEBUG] - fit_round 7: strategy sampled 20 clients (out of 20)
[2023-11-23 10:51:32,310][flwr][DEBUG] - fit_round 7 received 20 results and 0 failures
[2023-11-23 10:51:36,038][flwr][INFO] - fit progress: (7, 83.7034238576889, {'accuracy': 0.3915}, 3044.2156818000003)
[2023-11-23 10:51:36,048][flwr][DEBUG] - evaluate_round 7: strategy sampled 20 clients (out of 20)
[2023-11-23 10:52:22,571][flwr][DEBUG] - evaluate_round 7 received 20 results and 0 failures
[2023-11-23 10:52:22,571][flwr][DEBUG] - fit_round 8: strategy sampled 20 clients (out of 20)
[2023-11-23 10:58:50,100][flwr][DEBUG] - fit_round 8 received 20 results and 0 failures
[2023-11-23 10:58:53,918][flwr][INFO] - fit progress: (8, 80.3512772321701, {'accuracy': 0.4166}, 3482.0944385000003)
[2023-11-23 10:58:53,918][flwr][DEBUG] - evaluate_round 8: strategy sampled 20 clients (out of 20)
[2023-11-23 10:59:45,253][flwr][DEBUG] - evaluate_round 8 received 20 results and 0 failures
[2023-11-23 10:59:45,263][flwr][DEBUG] - fit_round 9: strategy sampled 20 clients (out of 20)
[2023-11-23 11:06:09,045][flwr][DEBUG] - fit_round 9 received 20 results and 0 failures
[2023-11-23 11:06:12,453][flwr][INFO] - fit progress: (9, 77.98523151874542, {'accuracy': 0.4346}, 3920.6273379)
[2023-11-23 11:06:12,453][flwr][DEBUG] - evaluate_round 9: strategy sampled 20 clients (out of 20)
[2023-11-23 11:07:02,353][flwr][DEBUG] - evaluate_round 9 received 20 results and 0 failures
[2023-11-23 11:07:02,353][flwr][DEBUG] - fit_round 10: strategy sampled 20 clients (out of 20)
[2023-11-23 11:13:29,544][flwr][DEBUG] - fit_round 10 received 20 results and 0 failures
[2023-11-23 11:13:33,155][flwr][INFO] - fit progress: (10, 76.295867562294, {'accuracy': 0.449}, 4361.328024)
[2023-11-23 11:13:33,155][flwr][DEBUG] - evaluate_round 10: strategy sampled 20 clients (out of 20)
[2023-11-23 11:14:24,115][flwr][DEBUG] - evaluate_round 10 received 20 results and 0 failures
[2023-11-23 11:14:24,125][flwr][DEBUG] - fit_round 11: strategy sampled 20 clients (out of 20)
[2023-11-23 11:20:49,589][flwr][DEBUG] - fit_round 11 received 20 results and 0 failures
[2023-11-23 11:20:53,244][flwr][INFO] - fit progress: (11, 74.66389572620392, {'accuracy': 0.4617}, 4801.4156902)
[2023-11-23 11:20:53,244][flwr][DEBUG] - evaluate_round 11: strategy sampled 20 clients (out of 20)
[2023-11-23 11:21:43,110][flwr][DEBUG] - evaluate_round 11 received 20 results and 0 failures
[2023-11-23 11:21:43,110][flwr][DEBUG] - fit_round 12: strategy sampled 20 clients (out of 20)
[2023-11-23 11:28:15,190][flwr][DEBUG] - fit_round 12 received 20 results and 0 failures
[2023-11-23 11:28:19,120][flwr][INFO] - fit progress: (12, 73.06510019302368, {'accuracy': 0.4715}, 5247.2960133)
[2023-11-23 11:28:19,120][flwr][DEBUG] - evaluate_round 12: strategy sampled 20 clients (out of 20)
[2023-11-23 11:29:11,582][flwr][DEBUG] - evaluate_round 12 received 20 results and 0 failures
[2023-11-23 11:29:11,582][flwr][DEBUG] - fit_round 13: strategy sampled 20 clients (out of 20)
[2023-11-23 11:35:39,624][flwr][DEBUG] - fit_round 13 received 20 results and 0 failures
[2023-11-23 11:35:43,460][flwr][INFO] - fit progress: (13, 71.76317870616913, {'accuracy': 0.4825}, 5691.6359105)
[2023-11-23 11:35:43,460][flwr][DEBUG] - evaluate_round 13: strategy sampled 20 clients (out of 20)
[2023-11-23 11:36:34,055][flwr][DEBUG] - evaluate_round 13 received 20 results and 0 failures
[2023-11-23 11:36:34,055][flwr][DEBUG] - fit_round 14: strategy sampled 20 clients (out of 20)
[2023-11-23 11:43:03,422][flwr][DEBUG] - fit_round 14 received 20 results and 0 failures
[2023-11-23 11:43:07,149][flwr][INFO] - fit progress: (14, 70.36097037792206, {'accuracy': 0.4942}, 6135.3275912)
[2023-11-23 11:43:07,159][flwr][DEBUG] - evaluate_round 14: strategy sampled 20 clients (out of 20)
[2023-11-23 11:43:53,333][flwr][DEBUG] - evaluate_round 14 received 20 results and 0 failures
[2023-11-23 11:43:53,333][flwr][DEBUG] - fit_round 15: strategy sampled 20 clients (out of 20)
[2023-11-23 11:50:27,188][flwr][DEBUG] - fit_round 15 received 20 results and 0 failures
[2023-11-23 11:50:31,081][flwr][INFO] - fit progress: (15, 69.23100972175598, {'accuracy': 0.4996}, 6579.2523626)
[2023-11-23 11:50:31,081][flwr][DEBUG] - evaluate_round 15: strategy sampled 20 clients (out of 20)
[2023-11-23 11:51:19,436][flwr][DEBUG] - evaluate_round 15 received 20 results and 0 failures
[2023-11-23 11:51:19,436][flwr][DEBUG] - fit_round 16: strategy sampled 20 clients (out of 20)
[2023-11-23 11:57:56,824][flwr][DEBUG] - fit_round 16 received 20 results and 0 failures
[2023-11-23 11:58:00,422][flwr][INFO] - fit progress: (16, 68.1156758069992, {'accuracy': 0.5074}, 7028.5986623)
[2023-11-23 11:58:00,422][flwr][DEBUG] - evaluate_round 16: strategy sampled 20 clients (out of 20)
[2023-11-23 11:58:50,148][flwr][DEBUG] - evaluate_round 16 received 20 results and 0 failures
[2023-11-23 11:58:50,148][flwr][DEBUG] - fit_round 17: strategy sampled 20 clients (out of 20)
[2023-11-23 12:05:24,215][flwr][DEBUG] - fit_round 17 received 20 results and 0 failures
[2023-11-23 12:05:27,806][flwr][INFO] - fit progress: (17, 67.27585411071777, {'accuracy': 0.5148}, 7475.9832386)
[2023-11-23 12:05:27,806][flwr][DEBUG] - evaluate_round 17: strategy sampled 20 clients (out of 20)
[2023-11-23 12:06:15,980][flwr][DEBUG] - evaluate_round 17 received 20 results and 0 failures
[2023-11-23 12:06:15,980][flwr][DEBUG] - fit_round 18: strategy sampled 20 clients (out of 20)
[2023-11-23 12:12:41,686][flwr][DEBUG] - fit_round 18 received 20 results and 0 failures
[2023-11-23 12:12:45,430][flwr][INFO] - fit progress: (18, 66.47712218761444, {'accuracy': 0.5245}, 7913.6023206)
[2023-11-23 12:12:45,430][flwr][DEBUG] - evaluate_round 18: strategy sampled 20 clients (out of 20)
[2023-11-23 12:13:33,405][flwr][DEBUG] - evaluate_round 18 received 20 results and 0 failures
[2023-11-23 12:13:33,405][flwr][DEBUG] - fit_round 19: strategy sampled 20 clients (out of 20)
[2023-11-23 12:19:59,519][flwr][DEBUG] - fit_round 19 received 20 results and 0 failures
[2023-11-23 12:20:03,113][flwr][INFO] - fit progress: (19, 65.92558801174164, {'accuracy': 0.5315}, 8351.284051199998)
[2023-11-23 12:20:03,113][flwr][DEBUG] - evaluate_round 19: strategy sampled 20 clients (out of 20)
[2023-11-23 12:20:55,168][flwr][DEBUG] - evaluate_round 19 received 20 results and 0 failures
[2023-11-23 12:20:55,178][flwr][DEBUG] - fit_round 20: strategy sampled 20 clients (out of 20)
[2023-11-23 12:27:22,267][flwr][DEBUG] - fit_round 20 received 20 results and 0 failures
[2023-11-23 12:27:25,796][flwr][INFO] - fit progress: (20, 65.61212754249573, {'accuracy': 0.5349}, 8793.9645953)
[2023-11-23 12:27:25,796][flwr][DEBUG] - evaluate_round 20: strategy sampled 20 clients (out of 20)
[2023-11-23 12:28:14,788][flwr][DEBUG] - evaluate_round 20 received 20 results and 0 failures
[2023-11-23 12:28:14,788][flwr][DEBUG] - fit_round 21: strategy sampled 20 clients (out of 20)
[2023-11-23 12:34:46,836][flwr][DEBUG] - fit_round 21 received 20 results and 0 failures
[2023-11-23 12:34:50,475][flwr][INFO] - fit progress: (21, 65.00093150138855, {'accuracy': 0.5398}, 9238.646316499999)
[2023-11-23 12:34:50,475][flwr][DEBUG] - evaluate_round 21: strategy sampled 20 clients (out of 20)
[2023-11-23 12:35:36,013][flwr][DEBUG] - evaluate_round 21 received 20 results and 0 failures
[2023-11-23 12:35:36,013][flwr][DEBUG] - fit_round 22: strategy sampled 20 clients (out of 20)
[2023-11-23 12:42:06,002][flwr][DEBUG] - fit_round 22 received 20 results and 0 failures
[2023-11-23 12:42:09,749][flwr][INFO] - fit progress: (22, 64.77240419387817, {'accuracy': 0.5456}, 9677.921688499999)
[2023-11-23 12:42:09,749][flwr][DEBUG] - evaluate_round 22: strategy sampled 20 clients (out of 20)
[2023-11-23 12:42:55,387][flwr][DEBUG] - evaluate_round 22 received 20 results and 0 failures
[2023-11-23 12:42:55,387][flwr][DEBUG] - fit_round 23: strategy sampled 20 clients (out of 20)
[2023-11-23 12:49:25,701][flwr][DEBUG] - fit_round 23 received 20 results and 0 failures
[2023-11-23 12:49:29,313][flwr][INFO] - fit progress: (23, 64.58664417266846, {'accuracy': 0.5454}, 10117.481830499999)
[2023-11-23 12:49:29,313][flwr][DEBUG] - evaluate_round 23: strategy sampled 20 clients (out of 20)
[2023-11-23 12:50:16,048][flwr][DEBUG] - evaluate_round 23 received 20 results and 0 failures
[2023-11-23 12:50:16,048][flwr][DEBUG] - fit_round 24: strategy sampled 20 clients (out of 20)
[2023-11-23 12:56:45,985][flwr][DEBUG] - fit_round 24 received 20 results and 0 failures
[2023-11-23 12:56:49,533][flwr][INFO] - fit progress: (24, 64.56201028823853, {'accuracy': 0.5523}, 10557.7056222)
[2023-11-23 12:56:49,533][flwr][DEBUG] - evaluate_round 24: strategy sampled 20 clients (out of 20)
[2023-11-23 12:57:41,116][flwr][DEBUG] - evaluate_round 24 received 20 results and 0 failures
[2023-11-23 12:57:41,116][flwr][DEBUG] - fit_round 25: strategy sampled 20 clients (out of 20)
[2023-11-23 13:04:09,678][flwr][DEBUG] - fit_round 25 received 20 results and 0 failures
[2023-11-23 13:04:13,371][flwr][INFO] - fit progress: (25, 64.43310916423798, {'accuracy': 0.5531}, 11001.5407717)
[2023-11-23 13:04:13,371][flwr][DEBUG] - evaluate_round 25: strategy sampled 20 clients (out of 20)
[2023-11-23 13:04:59,498][flwr][DEBUG] - evaluate_round 25 received 20 results and 0 failures
[2023-11-23 13:04:59,498][flwr][DEBUG] - fit_round 26: strategy sampled 20 clients (out of 20)
[2023-11-23 13:11:30,871][flwr][DEBUG] - fit_round 26 received 20 results and 0 failures
[2023-11-23 13:11:34,423][flwr][INFO] - fit progress: (26, 64.4147617816925, {'accuracy': 0.5542}, 11442.595389299999)
[2023-11-23 13:11:34,423][flwr][DEBUG] - evaluate_round 26: strategy sampled 20 clients (out of 20)
[2023-11-23 13:12:24,207][flwr][DEBUG] - evaluate_round 26 received 20 results and 0 failures
[2023-11-23 13:12:24,207][flwr][DEBUG] - fit_round 27: strategy sampled 20 clients (out of 20)
[2023-11-23 13:18:51,949][flwr][DEBUG] - fit_round 27 received 20 results and 0 failures
[2023-11-23 13:18:55,915][flwr][INFO] - fit progress: (27, 64.66286873817444, {'accuracy': 0.5593}, 11884.084846099999)
[2023-11-23 13:18:55,915][flwr][DEBUG] - evaluate_round 27: strategy sampled 20 clients (out of 20)
[2023-11-23 13:19:45,908][flwr][DEBUG] - evaluate_round 27 received 20 results and 0 failures
[2023-11-23 13:19:45,908][flwr][DEBUG] - fit_round 28: strategy sampled 20 clients (out of 20)
[2023-11-23 13:26:17,059][flwr][DEBUG] - fit_round 28 received 20 results and 0 failures
[2023-11-23 13:26:20,712][flwr][INFO] - fit progress: (28, 64.78723633289337, {'accuracy': 0.5607}, 12328.8851172)
[2023-11-23 13:26:20,712][flwr][DEBUG] - evaluate_round 28: strategy sampled 20 clients (out of 20)
[2023-11-23 13:27:10,215][flwr][DEBUG] - evaluate_round 28 received 20 results and 0 failures
[2023-11-23 13:27:10,215][flwr][DEBUG] - fit_round 29: strategy sampled 20 clients (out of 20)
[2023-11-23 13:33:47,471][flwr][DEBUG] - fit_round 29 received 20 results and 0 failures
[2023-11-23 13:33:51,099][flwr][INFO] - fit progress: (29, 65.38399696350098, {'accuracy': 0.5602}, 12779.2682828)
[2023-11-23 13:33:51,099][flwr][DEBUG] - evaluate_round 29: strategy sampled 20 clients (out of 20)
[2023-11-23 13:34:41,550][flwr][DEBUG] - evaluate_round 29 received 20 results and 0 failures
[2023-11-23 13:34:41,550][flwr][DEBUG] - fit_round 30: strategy sampled 20 clients (out of 20)
[2023-11-23 13:41:19,169][flwr][DEBUG] - fit_round 30 received 20 results and 0 failures
[2023-11-23 13:41:22,982][flwr][INFO] - fit progress: (30, 65.64515388011932, {'accuracy': 0.5638}, 13231.156086899999)
[2023-11-23 13:41:22,982][flwr][DEBUG] - evaluate_round 30: strategy sampled 20 clients (out of 20)
[2023-11-23 13:42:12,285][flwr][DEBUG] - evaluate_round 30 received 20 results and 0 failures
[2023-11-23 13:42:12,285][flwr][DEBUG] - fit_round 31: strategy sampled 20 clients (out of 20)
[2023-11-23 13:48:46,898][flwr][DEBUG] - fit_round 31 received 20 results and 0 failures
[2023-11-23 13:48:50,456][flwr][INFO] - fit progress: (31, 66.36598432064056, {'accuracy': 0.5635}, 13678.6263152)
[2023-11-23 13:48:50,456][flwr][DEBUG] - evaluate_round 31: strategy sampled 20 clients (out of 20)
[2023-11-23 13:49:37,139][flwr][DEBUG] - evaluate_round 31 received 20 results and 0 failures
[2023-11-23 13:49:37,139][flwr][DEBUG] - fit_round 32: strategy sampled 20 clients (out of 20)
[2023-11-23 13:56:09,171][flwr][DEBUG] - fit_round 32 received 20 results and 0 failures
[2023-11-23 13:56:12,994][flwr][INFO] - fit progress: (32, 67.04685640335083, {'accuracy': 0.5701}, 14121.1710142)
[2023-11-23 13:56:12,994][flwr][DEBUG] - evaluate_round 32: strategy sampled 20 clients (out of 20)
[2023-11-23 13:57:03,780][flwr][DEBUG] - evaluate_round 32 received 20 results and 0 failures
[2023-11-23 13:57:03,780][flwr][DEBUG] - fit_round 33: strategy sampled 20 clients (out of 20)
[2023-11-23 14:03:36,287][flwr][DEBUG] - fit_round 33 received 20 results and 0 failures
[2023-11-23 14:03:39,760][flwr][INFO] - fit progress: (33, 67.79467380046844, {'accuracy': 0.568}, 14567.934647499998)
[2023-11-23 14:03:39,760][flwr][DEBUG] - evaluate_round 33: strategy sampled 20 clients (out of 20)
[2023-11-23 14:04:29,378][flwr][DEBUG] - evaluate_round 33 received 20 results and 0 failures
[2023-11-23 14:04:29,378][flwr][DEBUG] - fit_round 34: strategy sampled 20 clients (out of 20)
[2023-11-23 14:11:06,247][flwr][DEBUG] - fit_round 34 received 20 results and 0 failures
[2023-11-23 14:11:09,714][flwr][INFO] - fit progress: (34, 68.70841872692108, {'accuracy': 0.5704}, 15017.887007599998)
[2023-11-23 14:11:09,714][flwr][DEBUG] - evaluate_round 34: strategy sampled 20 clients (out of 20)
[2023-11-23 14:12:01,517][flwr][DEBUG] - evaluate_round 34 received 20 results and 0 failures
[2023-11-23 14:12:01,517][flwr][DEBUG] - fit_round 35: strategy sampled 20 clients (out of 20)
[2023-11-23 14:18:35,390][flwr][DEBUG] - fit_round 35 received 20 results and 0 failures
[2023-11-23 14:18:39,187][flwr][INFO] - fit progress: (35, 69.841921210289, {'accuracy': 0.5704}, 15467.361825799999)
[2023-11-23 14:18:39,187][flwr][DEBUG] - evaluate_round 35: strategy sampled 20 clients (out of 20)
[2023-11-23 14:19:29,207][flwr][DEBUG] - evaluate_round 35 received 20 results and 0 failures
[2023-11-23 14:19:29,207][flwr][DEBUG] - fit_round 36: strategy sampled 20 clients (out of 20)
[2023-11-23 14:26:09,579][flwr][DEBUG] - fit_round 36 received 20 results and 0 failures
[2023-11-23 14:26:13,271][flwr][INFO] - fit progress: (36, 71.10989677906036, {'accuracy': 0.5704}, 15921.4430767)
[2023-11-23 14:26:13,271][flwr][DEBUG] - evaluate_round 36: strategy sampled 20 clients (out of 20)
[2023-11-23 14:27:10,304][flwr][DEBUG] - evaluate_round 36 received 20 results and 0 failures
[2023-11-23 14:27:10,304][flwr][DEBUG] - fit_round 37: strategy sampled 20 clients (out of 20)
[2023-11-23 14:33:41,867][flwr][DEBUG] - fit_round 37 received 20 results and 0 failures
[2023-11-23 14:33:45,310][flwr][INFO] - fit progress: (37, 72.09208309650421, {'accuracy': 0.5711}, 16373.4832259)
[2023-11-23 14:33:45,310][flwr][DEBUG] - evaluate_round 37: strategy sampled 20 clients (out of 20)
[2023-11-23 14:34:36,673][flwr][DEBUG] - evaluate_round 37 received 20 results and 0 failures
[2023-11-23 14:34:36,673][flwr][DEBUG] - fit_round 38: strategy sampled 20 clients (out of 20)
[2023-11-23 14:41:15,596][flwr][DEBUG] - fit_round 38 received 20 results and 0 failures
[2023-11-23 14:41:19,453][flwr][INFO] - fit progress: (38, 72.97216820716858, {'accuracy': 0.573}, 16827.624005499998)
[2023-11-23 14:41:19,453][flwr][DEBUG] - evaluate_round 38: strategy sampled 20 clients (out of 20)
[2023-11-23 14:42:08,991][flwr][DEBUG] - evaluate_round 38 received 20 results and 0 failures
[2023-11-23 14:42:08,991][flwr][DEBUG] - fit_round 39: strategy sampled 20 clients (out of 20)
[2023-11-23 14:48:46,828][flwr][DEBUG] - fit_round 39 received 20 results and 0 failures
[2023-11-23 14:48:50,486][flwr][INFO] - fit progress: (39, 74.50860941410065, {'accuracy': 0.5714}, 17278.6587062)
[2023-11-23 14:48:50,486][flwr][DEBUG] - evaluate_round 39: strategy sampled 20 clients (out of 20)
[2023-11-23 14:49:39,729][flwr][DEBUG] - evaluate_round 39 received 20 results and 0 failures
[2023-11-23 14:49:39,739][flwr][DEBUG] - fit_round 40: strategy sampled 20 clients (out of 20)
[2023-11-23 14:56:12,376][flwr][DEBUG] - fit_round 40 received 20 results and 0 failures
[2023-11-23 14:56:16,104][flwr][INFO] - fit progress: (40, 75.92915189266205, {'accuracy': 0.5731}, 17724.277491999997)
[2023-11-23 14:56:16,104][flwr][DEBUG] - evaluate_round 40: strategy sampled 20 clients (out of 20)
[2023-11-23 14:57:06,206][flwr][DEBUG] - evaluate_round 40 received 20 results and 0 failures
[2023-11-23 14:57:06,206][flwr][DEBUG] - fit_round 41: strategy sampled 20 clients (out of 20)
[2023-11-23 15:03:41,018][flwr][DEBUG] - fit_round 41 received 20 results and 0 failures
[2023-11-23 15:03:44,546][flwr][INFO] - fit progress: (41, 76.91281402111053, {'accuracy': 0.5717}, 18172.715324099998)
[2023-11-23 15:03:44,546][flwr][DEBUG] - evaluate_round 41: strategy sampled 20 clients (out of 20)
[2023-11-23 15:04:41,183][flwr][DEBUG] - evaluate_round 41 received 20 results and 0 failures
[2023-11-23 15:04:41,183][flwr][DEBUG] - fit_round 42: strategy sampled 20 clients (out of 20)
[2023-11-23 15:11:12,226][flwr][DEBUG] - fit_round 42 received 20 results and 0 failures
[2023-11-23 15:11:15,893][flwr][INFO] - fit progress: (42, 78.39315605163574, {'accuracy': 0.5727}, 18624.0623093)
[2023-11-23 15:11:15,893][flwr][DEBUG] - evaluate_round 42: strategy sampled 20 clients (out of 20)
[2023-11-23 15:12:05,349][flwr][DEBUG] - evaluate_round 42 received 20 results and 0 failures
[2023-11-23 15:12:05,349][flwr][DEBUG] - fit_round 43: strategy sampled 20 clients (out of 20)
[2023-11-23 15:18:32,978][flwr][DEBUG] - fit_round 43 received 20 results and 0 failures
[2023-11-23 15:18:36,405][flwr][INFO] - fit progress: (43, 79.49429368972778, {'accuracy': 0.5759}, 19064.574593499998)
[2023-11-23 15:18:36,405][flwr][DEBUG] - evaluate_round 43: strategy sampled 20 clients (out of 20)
[2023-11-23 15:19:26,303][flwr][DEBUG] - evaluate_round 43 received 20 results and 0 failures
[2023-11-23 15:19:26,303][flwr][DEBUG] - fit_round 44: strategy sampled 20 clients (out of 20)
[2023-11-23 15:25:58,054][flwr][DEBUG] - fit_round 44 received 20 results and 0 failures
[2023-11-23 15:26:01,601][flwr][INFO] - fit progress: (44, 80.93524551391602, {'accuracy': 0.5756}, 19509.7716849)
[2023-11-23 15:26:01,601][flwr][DEBUG] - evaluate_round 44: strategy sampled 20 clients (out of 20)
[2023-11-23 15:26:54,600][flwr][DEBUG] - evaluate_round 44 received 20 results and 0 failures
[2023-11-23 15:26:54,600][flwr][DEBUG] - fit_round 45: strategy sampled 20 clients (out of 20)
[2023-11-23 15:33:27,197][flwr][DEBUG] - fit_round 45 received 20 results and 0 failures
[2023-11-23 15:33:31,362][flwr][INFO] - fit progress: (45, 82.66034126281738, {'accuracy': 0.5733}, 19959.5318802)
[2023-11-23 15:33:31,362][flwr][DEBUG] - evaluate_round 45: strategy sampled 20 clients (out of 20)
[2023-11-23 15:34:18,648][flwr][DEBUG] - evaluate_round 45 received 20 results and 0 failures
[2023-11-23 15:34:18,650][flwr][DEBUG] - fit_round 46: strategy sampled 20 clients (out of 20)
[2023-11-23 15:40:55,862][flwr][DEBUG] - fit_round 46 received 20 results and 0 failures
[2023-11-23 15:40:59,091][flwr][INFO] - fit progress: (46, 84.19230806827545, {'accuracy': 0.5739}, 20407.2660262)
[2023-11-23 15:40:59,091][flwr][DEBUG] - evaluate_round 46: strategy sampled 20 clients (out of 20)
[2023-11-23 15:41:47,049][flwr][DEBUG] - evaluate_round 46 received 20 results and 0 failures
[2023-11-23 15:41:47,051][flwr][DEBUG] - fit_round 47: strategy sampled 20 clients (out of 20)
[2023-11-23 15:48:18,327][flwr][DEBUG] - fit_round 47 received 20 results and 0 failures
[2023-11-23 15:48:21,607][flwr][INFO] - fit progress: (47, 85.2827740907669, {'accuracy': 0.5761}, 20849.7777499)
[2023-11-23 15:48:21,607][flwr][DEBUG] - evaluate_round 47: strategy sampled 20 clients (out of 20)
[2023-11-23 15:49:07,437][flwr][DEBUG] - evaluate_round 47 received 20 results and 0 failures
[2023-11-23 15:49:07,447][flwr][DEBUG] - fit_round 48: strategy sampled 20 clients (out of 20)
[2023-11-23 15:55:28,600][flwr][DEBUG] - fit_round 48 received 20 results and 0 failures
[2023-11-23 15:55:32,030][flwr][INFO] - fit progress: (48, 86.41047763824463, {'accuracy': 0.5756}, 21280.199530899998)
[2023-11-23 15:55:32,030][flwr][DEBUG] - evaluate_round 48: strategy sampled 20 clients (out of 20)
[2023-11-23 15:56:24,310][flwr][DEBUG] - evaluate_round 48 received 20 results and 0 failures
[2023-11-23 15:56:24,310][flwr][DEBUG] - fit_round 49: strategy sampled 20 clients (out of 20)
[2023-11-23 16:02:48,904][flwr][DEBUG] - fit_round 49 received 20 results and 0 failures
[2023-11-23 16:02:52,234][flwr][INFO] - fit progress: (49, 87.40720534324646, {'accuracy': 0.5759}, 21720.4100841)
[2023-11-23 16:02:52,234][flwr][DEBUG] - evaluate_round 49: strategy sampled 20 clients (out of 20)
[2023-11-23 16:03:38,774][flwr][DEBUG] - evaluate_round 49 received 20 results and 0 failures
[2023-11-23 16:03:38,774][flwr][DEBUG] - fit_round 50: strategy sampled 20 clients (out of 20)
[2023-11-23 16:10:03,231][flwr][DEBUG] - fit_round 50 received 20 results and 0 failures
[2023-11-23 16:10:06,851][flwr][INFO] - fit progress: (50, 88.83415138721466, {'accuracy': 0.5775}, 22155.0222644)
[2023-11-23 16:10:06,851][flwr][DEBUG] - evaluate_round 50: strategy sampled 20 clients (out of 20)
[2023-11-23 16:10:55,646][flwr][DEBUG] - evaluate_round 50 received 20 results and 0 failures
[2023-11-23 16:10:55,646][flwr][DEBUG] - fit_round 51: strategy sampled 20 clients (out of 20)
[2023-11-23 16:17:17,267][flwr][DEBUG] - fit_round 51 received 20 results and 0 failures
[2023-11-23 16:17:20,877][flwr][INFO] - fit progress: (51, 89.88549017906189, {'accuracy': 0.5755}, 22589.0474838)
[2023-11-23 16:17:20,877][flwr][DEBUG] - evaluate_round 51: strategy sampled 20 clients (out of 20)
[2023-11-23 16:18:07,837][flwr][DEBUG] - evaluate_round 51 received 20 results and 0 failures
[2023-11-23 16:18:07,837][flwr][DEBUG] - fit_round 52: strategy sampled 20 clients (out of 20)
[2023-11-23 16:24:34,283][flwr][DEBUG] - fit_round 52 received 20 results and 0 failures
[2023-11-23 16:24:37,733][flwr][INFO] - fit progress: (52, 90.93693280220032, {'accuracy': 0.5743}, 23025.903938299998)
[2023-11-23 16:24:37,733][flwr][DEBUG] - evaluate_round 52: strategy sampled 20 clients (out of 20)
[2023-11-23 16:25:25,788][flwr][DEBUG] - evaluate_round 52 received 20 results and 0 failures
[2023-11-23 16:25:25,788][flwr][DEBUG] - fit_round 53: strategy sampled 20 clients (out of 20)
[2023-11-23 16:31:48,869][flwr][DEBUG] - fit_round 53 received 20 results and 0 failures
[2023-11-23 16:31:52,178][flwr][INFO] - fit progress: (53, 91.73311972618103, {'accuracy': 0.5753}, 23460.3500511)
[2023-11-23 16:31:52,178][flwr][DEBUG] - evaluate_round 53: strategy sampled 20 clients (out of 20)
[2023-11-23 16:32:43,576][flwr][DEBUG] - evaluate_round 53 received 20 results and 0 failures
[2023-11-23 16:32:43,586][flwr][DEBUG] - fit_round 54: strategy sampled 20 clients (out of 20)
[2023-11-23 16:39:05,506][flwr][DEBUG] - fit_round 54 received 20 results and 0 failures
[2023-11-23 16:39:09,024][flwr][INFO] - fit progress: (54, 92.89153289794922, {'accuracy': 0.5747}, 23897.193187599998)
[2023-11-23 16:39:09,024][flwr][DEBUG] - evaluate_round 54: strategy sampled 20 clients (out of 20)
[2023-11-23 16:39:57,845][flwr][DEBUG] - evaluate_round 54 received 20 results and 0 failures
[2023-11-23 16:39:57,845][flwr][DEBUG] - fit_round 55: strategy sampled 20 clients (out of 20)
[2023-11-23 16:46:23,820][flwr][DEBUG] - fit_round 55 received 20 results and 0 failures
[2023-11-23 16:46:26,925][flwr][INFO] - fit progress: (55, 93.68901634216309, {'accuracy': 0.5751}, 24335.101017)
[2023-11-23 16:46:26,925][flwr][DEBUG] - evaluate_round 55: strategy sampled 20 clients (out of 20)
[2023-11-23 16:47:21,244][flwr][DEBUG] - evaluate_round 55 received 20 results and 0 failures
[2023-11-23 16:47:21,244][flwr][DEBUG] - fit_round 56: strategy sampled 20 clients (out of 20)
[2023-11-23 16:53:46,856][flwr][DEBUG] - fit_round 56 received 20 results and 0 failures
[2023-11-23 16:53:50,574][flwr][INFO] - fit progress: (56, 94.81122612953186, {'accuracy': 0.5753}, 24778.7512915)
[2023-11-23 16:53:50,584][flwr][DEBUG] - evaluate_round 56: strategy sampled 20 clients (out of 20)
[2023-11-23 16:54:39,464][flwr][DEBUG] - evaluate_round 56 received 20 results and 0 failures
[2023-11-23 16:54:39,464][flwr][DEBUG] - fit_round 57: strategy sampled 20 clients (out of 20)
[2023-11-23 17:01:04,486][flwr][DEBUG] - fit_round 57 received 20 results and 0 failures
[2023-11-23 17:01:07,741][flwr][INFO] - fit progress: (57, 95.59106588363647, {'accuracy': 0.5736}, 25215.9102521)
[2023-11-23 17:01:07,741][flwr][DEBUG] - evaluate_round 57: strategy sampled 20 clients (out of 20)
[2023-11-23 17:01:56,041][flwr][DEBUG] - evaluate_round 57 received 20 results and 0 failures
[2023-11-23 17:01:56,051][flwr][DEBUG] - fit_round 58: strategy sampled 20 clients (out of 20)
[2023-11-23 17:08:25,251][flwr][DEBUG] - fit_round 58 received 20 results and 0 failures
[2023-11-23 17:08:28,485][flwr][INFO] - fit progress: (58, 96.19510269165039, {'accuracy': 0.5738}, 25656.6612666)
[2023-11-23 17:08:28,485][flwr][DEBUG] - evaluate_round 58: strategy sampled 20 clients (out of 20)
[2023-11-23 17:09:16,649][flwr][DEBUG] - evaluate_round 58 received 20 results and 0 failures
[2023-11-23 17:09:16,650][flwr][DEBUG] - fit_round 59: strategy sampled 20 clients (out of 20)
[2023-11-23 17:15:43,925][flwr][DEBUG] - fit_round 59 received 20 results and 0 failures
[2023-11-23 17:15:47,039][flwr][INFO] - fit progress: (59, 97.25043046474457, {'accuracy': 0.574}, 26095.2107242)
[2023-11-23 17:15:47,039][flwr][DEBUG] - evaluate_round 59: strategy sampled 20 clients (out of 20)
[2023-11-23 17:16:33,382][flwr][DEBUG] - evaluate_round 59 received 20 results and 0 failures
[2023-11-23 17:16:33,382][flwr][DEBUG] - fit_round 60: strategy sampled 20 clients (out of 20)
[2023-11-23 17:22:54,848][flwr][DEBUG] - fit_round 60 received 20 results and 0 failures
[2023-11-23 17:22:58,063][flwr][INFO] - fit progress: (60, 97.99353456497192, {'accuracy': 0.5747}, 26526.2332875)
[2023-11-23 17:22:58,063][flwr][DEBUG] - evaluate_round 60: strategy sampled 20 clients (out of 20)
[2023-11-23 17:23:50,273][flwr][DEBUG] - evaluate_round 60 received 20 results and 0 failures
[2023-11-23 17:23:50,273][flwr][DEBUG] - fit_round 61: strategy sampled 20 clients (out of 20)
[2023-11-23 17:30:17,041][flwr][DEBUG] - fit_round 61 received 20 results and 0 failures
[2023-11-23 17:30:20,305][flwr][INFO] - fit progress: (61, 98.71751403808594, {'accuracy': 0.5743}, 26968.4831463)
[2023-11-23 17:30:20,315][flwr][DEBUG] - evaluate_round 61: strategy sampled 20 clients (out of 20)
[2023-11-23 17:31:08,935][flwr][DEBUG] - evaluate_round 61 received 20 results and 0 failures
[2023-11-23 17:31:08,936][flwr][DEBUG] - fit_round 62: strategy sampled 20 clients (out of 20)
[2023-11-23 17:37:29,105][flwr][DEBUG] - fit_round 62 received 20 results and 0 failures
[2023-11-23 17:37:32,400][flwr][INFO] - fit progress: (62, 99.63340711593628, {'accuracy': 0.5732}, 27400.5701496)
[2023-11-23 17:37:32,400][flwr][DEBUG] - evaluate_round 62: strategy sampled 20 clients (out of 20)
[2023-11-23 17:38:18,310][flwr][DEBUG] - evaluate_round 62 received 20 results and 0 failures
[2023-11-23 17:38:18,310][flwr][DEBUG] - fit_round 63: strategy sampled 20 clients (out of 20)
[2023-11-23 17:44:39,762][flwr][DEBUG] - fit_round 63 received 20 results and 0 failures
[2023-11-23 17:44:43,236][flwr][INFO] - fit progress: (63, 100.04245376586914, {'accuracy': 0.5723}, 27831.404709899998)
[2023-11-23 17:44:43,236][flwr][DEBUG] - evaluate_round 63: strategy sampled 20 clients (out of 20)
[2023-11-23 17:45:30,269][flwr][DEBUG] - evaluate_round 63 received 20 results and 0 failures
[2023-11-23 17:45:30,269][flwr][DEBUG] - fit_round 64: strategy sampled 20 clients (out of 20)
[2023-11-23 17:51:52,337][flwr][DEBUG] - fit_round 64 received 20 results and 0 failures
[2023-11-23 17:51:55,861][flwr][INFO] - fit progress: (64, 100.60218167304993, {'accuracy': 0.5729}, 28264.033171299998)
[2023-11-23 17:51:55,861][flwr][DEBUG] - evaluate_round 64: strategy sampled 20 clients (out of 20)
[2023-11-23 17:52:43,438][flwr][DEBUG] - evaluate_round 64 received 20 results and 0 failures
[2023-11-23 17:52:43,438][flwr][DEBUG] - fit_round 65: strategy sampled 20 clients (out of 20)
[2023-11-23 17:59:05,252][flwr][DEBUG] - fit_round 65 received 20 results and 0 failures
[2023-11-23 17:59:08,730][flwr][INFO] - fit progress: (65, 101.47845566272736, {'accuracy': 0.5725}, 28696.9012163)
[2023-11-23 17:59:08,730][flwr][DEBUG] - evaluate_round 65: strategy sampled 20 clients (out of 20)
[2023-11-23 17:59:59,266][flwr][DEBUG] - evaluate_round 65 received 20 results and 0 failures
[2023-11-23 17:59:59,266][flwr][DEBUG] - fit_round 66: strategy sampled 20 clients (out of 20)
[2023-11-23 18:06:21,285][flwr][DEBUG] - fit_round 66 received 20 results and 0 failures
[2023-11-23 18:06:24,771][flwr][INFO] - fit progress: (66, 102.18833386898041, {'accuracy': 0.5734}, 29132.948007799998)
[2023-11-23 18:06:24,781][flwr][DEBUG] - evaluate_round 66: strategy sampled 20 clients (out of 20)
[2023-11-23 18:07:11,676][flwr][DEBUG] - evaluate_round 66 received 20 results and 0 failures
[2023-11-23 18:07:11,676][flwr][DEBUG] - fit_round 67: strategy sampled 20 clients (out of 20)
[2023-11-23 18:13:32,534][flwr][DEBUG] - fit_round 67 received 20 results and 0 failures
[2023-11-23 18:13:35,959][flwr][INFO] - fit progress: (67, 102.48710882663727, {'accuracy': 0.5743}, 29564.133572)
[2023-11-23 18:13:35,959][flwr][DEBUG] - evaluate_round 67: strategy sampled 20 clients (out of 20)
[2023-11-23 18:14:25,036][flwr][DEBUG] - evaluate_round 67 received 20 results and 0 failures
[2023-11-23 18:14:25,036][flwr][DEBUG] - fit_round 68: strategy sampled 20 clients (out of 20)
[2023-11-23 18:20:48,617][flwr][DEBUG] - fit_round 68 received 20 results and 0 failures
[2023-11-23 18:20:51,892][flwr][INFO] - fit progress: (68, 103.172975897789, {'accuracy': 0.5732}, 30000.0669959)
[2023-11-23 18:20:51,892][flwr][DEBUG] - evaluate_round 68: strategy sampled 20 clients (out of 20)
[2023-11-23 18:21:38,131][flwr][DEBUG] - evaluate_round 68 received 20 results and 0 failures
[2023-11-23 18:21:38,141][flwr][DEBUG] - fit_round 69: strategy sampled 20 clients (out of 20)
[2023-11-23 18:28:06,774][flwr][DEBUG] - fit_round 69 received 20 results and 0 failures
[2023-11-23 18:28:10,336][flwr][INFO] - fit progress: (69, 103.63608765602112, {'accuracy': 0.5738}, 30438.5118822)
[2023-11-23 18:28:10,336][flwr][DEBUG] - evaluate_round 69: strategy sampled 20 clients (out of 20)
[2023-11-23 18:29:00,577][flwr][DEBUG] - evaluate_round 69 received 20 results and 0 failures
[2023-11-23 18:29:00,577][flwr][DEBUG] - fit_round 70: strategy sampled 20 clients (out of 20)
[2023-11-23 18:35:25,711][flwr][DEBUG] - fit_round 70 received 20 results and 0 failures
[2023-11-23 18:35:29,220][flwr][INFO] - fit progress: (70, 104.12331926822662, {'accuracy': 0.5737}, 30877.396120499998)
[2023-11-23 18:35:29,220][flwr][DEBUG] - evaluate_round 70: strategy sampled 20 clients (out of 20)
[2023-11-23 18:36:17,943][flwr][DEBUG] - evaluate_round 70 received 20 results and 0 failures
[2023-11-23 18:36:17,943][flwr][DEBUG] - fit_round 71: strategy sampled 20 clients (out of 20)
[2023-11-23 18:42:43,605][flwr][DEBUG] - fit_round 71 received 20 results and 0 failures
[2023-11-23 18:42:46,970][flwr][INFO] - fit progress: (71, 104.66775941848755, {'accuracy': 0.5735}, 31315.1482935)
[2023-11-23 18:42:46,980][flwr][DEBUG] - evaluate_round 71: strategy sampled 20 clients (out of 20)
[2023-11-23 18:43:34,940][flwr][DEBUG] - evaluate_round 71 received 20 results and 0 failures
[2023-11-23 18:43:34,940][flwr][DEBUG] - fit_round 72: strategy sampled 20 clients (out of 20)
[2023-11-23 18:49:59,455][flwr][DEBUG] - fit_round 72 received 20 results and 0 failures
[2023-11-23 18:50:03,333][flwr][INFO] - fit progress: (72, 105.19223165512085, {'accuracy': 0.574}, 31751.5036001)
[2023-11-23 18:50:03,333][flwr][DEBUG] - evaluate_round 72: strategy sampled 20 clients (out of 20)
[2023-11-23 18:50:50,900][flwr][DEBUG] - evaluate_round 72 received 20 results and 0 failures
[2023-11-23 18:50:50,900][flwr][DEBUG] - fit_round 73: strategy sampled 20 clients (out of 20)
[2023-11-23 18:57:19,576][flwr][DEBUG] - fit_round 73 received 20 results and 0 failures
[2023-11-23 18:57:23,154][flwr][INFO] - fit progress: (73, 105.79452741146088, {'accuracy': 0.5735}, 32191.3326523)
[2023-11-23 18:57:23,164][flwr][DEBUG] - evaluate_round 73: strategy sampled 20 clients (out of 20)
[2023-11-23 18:58:11,234][flwr][DEBUG] - evaluate_round 73 received 20 results and 0 failures
[2023-11-23 18:58:11,234][flwr][DEBUG] - fit_round 74: strategy sampled 20 clients (out of 20)
[2023-11-23 19:04:35,286][flwr][DEBUG] - fit_round 74 received 20 results and 0 failures
[2023-11-23 19:04:38,759][flwr][INFO] - fit progress: (74, 106.22718691825867, {'accuracy': 0.5731}, 32626.9339058)
[2023-11-23 19:04:38,759][flwr][DEBUG] - evaluate_round 74: strategy sampled 20 clients (out of 20)
[2023-11-23 19:05:31,290][flwr][DEBUG] - evaluate_round 74 received 20 results and 0 failures
[2023-11-23 19:05:31,290][flwr][DEBUG] - fit_round 75: strategy sampled 20 clients (out of 20)
[2023-11-23 19:11:54,259][flwr][DEBUG] - fit_round 75 received 20 results and 0 failures
[2023-11-23 19:11:57,480][flwr][INFO] - fit progress: (75, 106.77896428108215, {'accuracy': 0.5734}, 33065.6514429)
[2023-11-23 19:11:57,480][flwr][DEBUG] - evaluate_round 75: strategy sampled 20 clients (out of 20)
[2023-11-23 19:12:42,841][flwr][DEBUG] - evaluate_round 75 received 20 results and 0 failures
[2023-11-23 19:12:42,851][flwr][DEBUG] - fit_round 76: strategy sampled 20 clients (out of 20)
[2023-11-23 19:19:04,413][flwr][DEBUG] - fit_round 76 received 20 results and 0 failures
[2023-11-23 19:19:07,749][flwr][INFO] - fit progress: (76, 107.28488755226135, {'accuracy': 0.5748}, 33495.9177912)
[2023-11-23 19:19:07,749][flwr][DEBUG] - evaluate_round 76: strategy sampled 20 clients (out of 20)
[2023-11-23 19:19:56,675][flwr][DEBUG] - evaluate_round 76 received 20 results and 0 failures
[2023-11-23 19:19:56,685][flwr][DEBUG] - fit_round 77: strategy sampled 20 clients (out of 20)
[2023-11-23 19:26:17,840][flwr][DEBUG] - fit_round 77 received 20 results and 0 failures
[2023-11-23 19:26:21,366][flwr][INFO] - fit progress: (77, 107.98895955085754, {'accuracy': 0.5752}, 33929.5391155)
[2023-11-23 19:26:21,366][flwr][DEBUG] - evaluate_round 77: strategy sampled 20 clients (out of 20)
[2023-11-23 19:27:11,313][flwr][DEBUG] - evaluate_round 77 received 20 results and 0 failures
[2023-11-23 19:27:11,313][flwr][DEBUG] - fit_round 78: strategy sampled 20 clients (out of 20)
[2023-11-23 19:33:30,455][flwr][DEBUG] - fit_round 78 received 20 results and 0 failures
[2023-11-23 19:33:34,084][flwr][INFO] - fit progress: (78, 108.41210210323334, {'accuracy': 0.5721}, 34362.261186200005)
[2023-11-23 19:33:34,094][flwr][DEBUG] - evaluate_round 78: strategy sampled 20 clients (out of 20)
[2023-11-23 19:34:25,756][flwr][DEBUG] - evaluate_round 78 received 20 results and 0 failures
[2023-11-23 19:34:25,756][flwr][DEBUG] - fit_round 79: strategy sampled 20 clients (out of 20)
[2023-11-23 19:40:51,247][flwr][DEBUG] - fit_round 79 received 20 results and 0 failures
[2023-11-23 19:40:54,750][flwr][INFO] - fit progress: (79, 108.93550479412079, {'accuracy': 0.574}, 34802.9208987)
[2023-11-23 19:40:54,750][flwr][DEBUG] - evaluate_round 79: strategy sampled 20 clients (out of 20)
[2023-11-23 19:41:40,012][flwr][DEBUG] - evaluate_round 79 received 20 results and 0 failures
[2023-11-23 19:41:40,012][flwr][DEBUG] - fit_round 80: strategy sampled 20 clients (out of 20)
[2023-11-23 19:47:59,345][flwr][DEBUG] - fit_round 80 received 20 results and 0 failures
[2023-11-23 19:48:02,727][flwr][INFO] - fit progress: (80, 109.27396404743195, {'accuracy': 0.5752}, 35230.898380800005)
[2023-11-23 19:48:02,727][flwr][DEBUG] - evaluate_round 80: strategy sampled 20 clients (out of 20)
[2023-11-23 19:48:52,772][flwr][DEBUG] - evaluate_round 80 received 20 results and 0 failures
[2023-11-23 19:48:52,772][flwr][DEBUG] - fit_round 81: strategy sampled 20 clients (out of 20)
[2023-11-23 19:55:15,537][flwr][DEBUG] - fit_round 81 received 20 results and 0 failures
[2023-11-23 19:55:18,841][flwr][INFO] - fit progress: (81, 109.63023233413696, {'accuracy': 0.5729}, 35667.0179617)
[2023-11-23 19:55:18,851][flwr][DEBUG] - evaluate_round 81: strategy sampled 20 clients (out of 20)
[2023-11-23 19:56:07,108][flwr][DEBUG] - evaluate_round 81 received 20 results and 0 failures
[2023-11-23 19:56:07,108][flwr][DEBUG] - fit_round 82: strategy sampled 20 clients (out of 20)
[2023-11-23 20:02:31,385][flwr][DEBUG] - fit_round 82 received 20 results and 0 failures
[2023-11-23 20:02:34,684][flwr][INFO] - fit progress: (82, 110.12178671360016, {'accuracy': 0.5723}, 36102.8560172)
[2023-11-23 20:02:34,684][flwr][DEBUG] - evaluate_round 82: strategy sampled 20 clients (out of 20)
[2023-11-23 20:03:23,060][flwr][DEBUG] - evaluate_round 82 received 20 results and 0 failures
[2023-11-23 20:03:23,060][flwr][DEBUG] - fit_round 83: strategy sampled 20 clients (out of 20)
[2023-11-23 20:09:46,283][flwr][DEBUG] - fit_round 83 received 20 results and 0 failures
[2023-11-23 20:09:49,768][flwr][INFO] - fit progress: (83, 110.51004004478455, {'accuracy': 0.5742}, 36537.9463712)
[2023-11-23 20:09:49,778][flwr][DEBUG] - evaluate_round 83: strategy sampled 20 clients (out of 20)
[2023-11-23 20:10:37,070][flwr][DEBUG] - evaluate_round 83 received 20 results and 0 failures
[2023-11-23 20:10:37,070][flwr][DEBUG] - fit_round 84: strategy sampled 20 clients (out of 20)
[2023-11-23 20:17:02,267][flwr][DEBUG] - fit_round 84 received 20 results and 0 failures
[2023-11-23 20:17:05,656][flwr][INFO] - fit progress: (84, 111.25205898284912, {'accuracy': 0.5738}, 36973.831471900005)
[2023-11-23 20:17:05,656][flwr][DEBUG] - evaluate_round 84: strategy sampled 20 clients (out of 20)
[2023-11-23 20:17:53,064][flwr][DEBUG] - evaluate_round 84 received 20 results and 0 failures
[2023-11-23 20:17:53,064][flwr][DEBUG] - fit_round 85: strategy sampled 20 clients (out of 20)
[2023-11-23 20:24:18,493][flwr][DEBUG] - fit_round 85 received 20 results and 0 failures
[2023-11-23 20:24:22,061][flwr][INFO] - fit progress: (85, 111.79044282436371, {'accuracy': 0.5727}, 37410.237134)
[2023-11-23 20:24:22,061][flwr][DEBUG] - evaluate_round 85: strategy sampled 20 clients (out of 20)
[2023-11-23 20:25:11,953][flwr][DEBUG] - evaluate_round 85 received 20 results and 0 failures
[2023-11-23 20:25:11,953][flwr][DEBUG] - fit_round 86: strategy sampled 20 clients (out of 20)
[2023-11-23 20:31:30,434][flwr][DEBUG] - fit_round 86 received 20 results and 0 failures
[2023-11-23 20:31:33,778][flwr][INFO] - fit progress: (86, 111.97419953346252, {'accuracy': 0.5729}, 37841.9525643)
[2023-11-23 20:31:33,778][flwr][DEBUG] - evaluate_round 86: strategy sampled 20 clients (out of 20)
[2023-11-23 20:32:20,322][flwr][DEBUG] - evaluate_round 86 received 20 results and 0 failures
[2023-11-23 20:32:20,322][flwr][DEBUG] - fit_round 87: strategy sampled 20 clients (out of 20)
[2023-11-23 20:38:46,583][flwr][DEBUG] - fit_round 87 received 20 results and 0 failures
[2023-11-23 20:38:50,028][flwr][INFO] - fit progress: (87, 112.76344811916351, {'accuracy': 0.5731}, 38278.2012818)
[2023-11-23 20:38:50,028][flwr][DEBUG] - evaluate_round 87: strategy sampled 20 clients (out of 20)
[2023-11-23 20:39:35,946][flwr][DEBUG] - evaluate_round 87 received 20 results and 0 failures
[2023-11-23 20:39:35,947][flwr][DEBUG] - fit_round 88: strategy sampled 20 clients (out of 20)
[2023-11-23 20:45:59,823][flwr][DEBUG] - fit_round 88 received 20 results and 0 failures
[2023-11-23 20:46:03,142][flwr][INFO] - fit progress: (88, 113.20804941654205, {'accuracy': 0.5734}, 38711.3176927)
[2023-11-23 20:46:03,142][flwr][DEBUG] - evaluate_round 88: strategy sampled 20 clients (out of 20)
[2023-11-23 20:46:51,619][flwr][DEBUG] - evaluate_round 88 received 20 results and 0 failures
[2023-11-23 20:46:51,621][flwr][DEBUG] - fit_round 89: strategy sampled 20 clients (out of 20)
[2023-11-23 20:53:13,165][flwr][DEBUG] - fit_round 89 received 20 results and 0 failures
[2023-11-23 20:53:16,464][flwr][INFO] - fit progress: (89, 113.92776882648468, {'accuracy': 0.5746}, 39144.634873300005)
[2023-11-23 20:53:16,464][flwr][DEBUG] - evaluate_round 89: strategy sampled 20 clients (out of 20)
[2023-11-23 20:54:07,377][flwr][DEBUG] - evaluate_round 89 received 20 results and 0 failures
[2023-11-23 20:54:07,377][flwr][DEBUG] - fit_round 90: strategy sampled 20 clients (out of 20)
[2023-11-23 21:00:27,426][flwr][DEBUG] - fit_round 90 received 20 results and 0 failures
[2023-11-23 21:00:30,686][flwr][INFO] - fit progress: (90, 114.27015626430511, {'accuracy': 0.5726}, 39578.854407000006)
[2023-11-23 21:00:30,686][flwr][DEBUG] - evaluate_round 90: strategy sampled 20 clients (out of 20)
[2023-11-23 21:01:19,567][flwr][DEBUG] - evaluate_round 90 received 20 results and 0 failures
[2023-11-23 21:01:19,567][flwr][DEBUG] - fit_round 91: strategy sampled 20 clients (out of 20)
[2023-11-23 21:07:39,597][flwr][DEBUG] - fit_round 91 received 20 results and 0 failures
[2023-11-23 21:07:42,851][flwr][INFO] - fit progress: (91, 114.66297018527985, {'accuracy': 0.5746}, 40011.029241200005)
[2023-11-23 21:07:42,861][flwr][DEBUG] - evaluate_round 91: strategy sampled 20 clients (out of 20)
[2023-11-23 21:08:29,854][flwr][DEBUG] - evaluate_round 91 received 20 results and 0 failures
[2023-11-23 21:08:29,854][flwr][DEBUG] - fit_round 92: strategy sampled 20 clients (out of 20)
[2023-11-23 21:14:53,016][flwr][DEBUG] - fit_round 92 received 20 results and 0 failures
[2023-11-23 21:14:56,356][flwr][INFO] - fit progress: (92, 114.88391208648682, {'accuracy': 0.5741}, 40444.529565000004)
[2023-11-23 21:14:56,356][flwr][DEBUG] - evaluate_round 92: strategy sampled 20 clients (out of 20)
[2023-11-23 21:15:47,178][flwr][DEBUG] - evaluate_round 92 received 20 results and 0 failures
[2023-11-23 21:15:47,178][flwr][DEBUG] - fit_round 93: strategy sampled 20 clients (out of 20)
[2023-11-23 21:22:13,757][flwr][DEBUG] - fit_round 93 received 20 results and 0 failures
[2023-11-23 21:22:16,976][flwr][INFO] - fit progress: (93, 115.06226086616516, {'accuracy': 0.5724}, 40885.1526839)
[2023-11-23 21:22:16,976][flwr][DEBUG] - evaluate_round 93: strategy sampled 20 clients (out of 20)
[2023-11-23 21:23:01,774][flwr][DEBUG] - evaluate_round 93 received 20 results and 0 failures
[2023-11-23 21:23:01,774][flwr][DEBUG] - fit_round 94: strategy sampled 20 clients (out of 20)
[2023-11-23 21:29:22,709][flwr][DEBUG] - fit_round 94 received 20 results and 0 failures
[2023-11-23 21:29:26,245][flwr][INFO] - fit progress: (94, 115.84784781932831, {'accuracy': 0.5726}, 41314.4154537)
[2023-11-23 21:29:26,245][flwr][DEBUG] - evaluate_round 94: strategy sampled 20 clients (out of 20)
[2023-11-23 21:30:20,681][flwr][DEBUG] - evaluate_round 94 received 20 results and 0 failures
[2023-11-23 21:30:20,681][flwr][DEBUG] - fit_round 95: strategy sampled 20 clients (out of 20)
[2023-11-23 21:36:43,041][flwr][DEBUG] - fit_round 95 received 20 results and 0 failures
[2023-11-23 21:36:46,351][flwr][INFO] - fit progress: (95, 116.18423867225647, {'accuracy': 0.5749}, 41754.5256909)
[2023-11-23 21:36:46,351][flwr][DEBUG] - evaluate_round 95: strategy sampled 20 clients (out of 20)
[2023-11-23 21:37:32,291][flwr][DEBUG] - evaluate_round 95 received 20 results and 0 failures
[2023-11-23 21:37:32,301][flwr][DEBUG] - fit_round 96: strategy sampled 20 clients (out of 20)
[2023-11-23 21:43:52,268][flwr][DEBUG] - fit_round 96 received 20 results and 0 failures
[2023-11-23 21:43:55,677][flwr][INFO] - fit progress: (96, 116.57429158687592, {'accuracy': 0.5741}, 42183.853687400006)
[2023-11-23 21:43:55,677][flwr][DEBUG] - evaluate_round 96: strategy sampled 20 clients (out of 20)
[2023-11-23 21:44:46,172][flwr][DEBUG] - evaluate_round 96 received 20 results and 0 failures
[2023-11-23 21:44:46,172][flwr][DEBUG] - fit_round 97: strategy sampled 20 clients (out of 20)
[2023-11-23 21:51:06,869][flwr][DEBUG] - fit_round 97 received 20 results and 0 failures
[2023-11-23 21:51:10,392][flwr][INFO] - fit progress: (97, 116.92086398601532, {'accuracy': 0.5731}, 42618.565723800006)
[2023-11-23 21:51:10,392][flwr][DEBUG] - evaluate_round 97: strategy sampled 20 clients (out of 20)
[2023-11-23 21:51:55,064][flwr][DEBUG] - evaluate_round 97 received 20 results and 0 failures
[2023-11-23 21:51:55,066][flwr][DEBUG] - fit_round 98: strategy sampled 20 clients (out of 20)
[2023-11-23 21:58:12,837][flwr][DEBUG] - fit_round 98 received 20 results and 0 failures
[2023-11-23 21:58:16,252][flwr][INFO] - fit progress: (98, 117.16455543041229, {'accuracy': 0.5749}, 43044.4242583)
[2023-11-23 21:58:16,252][flwr][DEBUG] - evaluate_round 98: strategy sampled 20 clients (out of 20)
[2023-11-23 21:59:08,134][flwr][DEBUG] - evaluate_round 98 received 20 results and 0 failures
[2023-11-23 21:59:08,134][flwr][DEBUG] - fit_round 99: strategy sampled 20 clients (out of 20)
[2023-11-23 22:05:29,882][flwr][DEBUG] - fit_round 99 received 20 results and 0 failures
[2023-11-23 22:05:33,393][flwr][INFO] - fit progress: (99, 118.107919216156, {'accuracy': 0.5747}, 43481.5624274)
[2023-11-23 22:05:33,394][flwr][DEBUG] - evaluate_round 99: strategy sampled 20 clients (out of 20)
[2023-11-23 22:06:21,413][flwr][DEBUG] - evaluate_round 99 received 20 results and 0 failures
[2023-11-23 22:06:21,413][flwr][DEBUG] - fit_round 100: strategy sampled 20 clients (out of 20)
[2023-11-23 22:12:43,376][flwr][DEBUG] - fit_round 100 received 20 results and 0 failures
[2023-11-23 22:12:46,862][flwr][INFO] - fit progress: (100, 117.72987043857574, {'accuracy': 0.5742}, 43915.0329789)
[2023-11-23 22:12:46,862][flwr][DEBUG] - evaluate_round 100: strategy sampled 20 clients (out of 20)
[2023-11-23 22:13:41,061][flwr][DEBUG] - evaluate_round 100 received 20 results and 0 failures
[2023-11-23 22:13:41,061][flwr][INFO] - FL finished in 43969.239585300005
[2023-11-23 22:13:41,071][flwr][INFO] - app_fit: losses_distributed [(1, 9.199445450305939), (2, 9.108615684509278), (3, 8.569628441333771), (4, 8.076184493303298), (5, 7.611669814586639), (6, 7.177837491035461), (7, 6.776547503471375), (8, 6.489521938562393), (9, 6.282005035877228), (10, 6.140532314777374), (11, 6.001299452781677), (12, 5.8613717436790465), (13, 5.7475785374641415), (14, 5.620852148532867), (15, 5.508429872989654), (16, 5.4134019136428835), (17, 5.332897567749024), (18, 5.272736841440201), (19, 5.218385720252991), (20, 5.195256626605987), (21, 5.1412768989801405), (22, 5.116188380122185), (23, 5.09820476770401), (24, 5.089199349284172), (25, 5.074257776141167), (26, 5.077316355705261), (27, 5.0930203884840015), (28, 5.102056565880775), (29, 5.143954247236252), (30, 5.173525294661522), (31, 5.226158365607262), (32, 5.283638179302216), (33, 5.3498207241296765), (34, 5.411190685629845), (35, 5.496215230226516), (36, 5.586272978782654), (37, 5.66198844909668), (38, 5.722516584396362), (39, 5.833481243252754), (40, 5.927573174238205), (41, 6.006953364610672), (42, 6.117843466997146), (43, 6.210876950621605), (44, 6.328910547494888), (45, 6.450746539235115), (46, 6.573555037379265), (47, 6.651955777406693), (48, 6.75502073764801), (49, 6.8320069968700405), (50, 6.924988549947739), (51, 7.032347872853279), (52, 7.105314600467682), (53, 7.159798020124436), (54, 7.257715111970901), (55, 7.314065158367157), (56, 7.403622591495514), (57, 7.462373650074005), (58, 7.519566011428833), (59, 7.610756897926331), (60, 7.661130023002625), (61, 7.7257417976856235), (62, 7.801396995782852), (63, 7.847266066074371), (64, 7.891509169340134), (65, 7.958232301473617), (66, 8.032114106416703), (67, 8.050194537639618), (68, 8.110673916339874), (69, 8.136296796798707), (70, 8.185323017835618), (71, 8.228294813632965), (72, 8.249022364616394), (73, 8.2917815387249), (74, 8.327125185728073), (75, 8.377095621824264), (76, 8.413022172451019), (77, 8.4767355799675), (78, 8.50688170194626), (79, 8.550964212417602), (80, 8.565828782320022), (81, 8.59293292760849), (82, 8.623656988143921), (83, 8.656315487623214), (84, 8.722721499204635), (85, 8.762662595510482), (86, 8.7771075963974), (87, 8.819188237190247), (88, 8.859883975982665), (89, 8.919214898347855), (90, 8.929859614372253), (91, 8.968455135822296), (92, 9.007319045066833), (93, 9.01085889339447), (94, 9.090644872188568), (95, 9.101677459478378), (96, 9.124344712495803), (97, 9.160655707120895), (98, 9.176973724365235), (99, 9.239345520734787), (100, 9.200733572244644)]
[2023-11-23 22:13:41,078][flwr][INFO] - app_fit: metrics_distributed_fit {}
[2023-11-23 22:13:41,079][flwr][INFO] - app_fit: metrics_distributed {}
[2023-11-23 22:13:41,080][flwr][INFO] - app_fit: losses_centralized [(0, 115.31682538986206), (1, 114.94968461990356), (2, 113.81251287460327), (3, 106.97018885612488), (4, 100.65029752254486), (5, 94.40191674232483), (6, 88.75394678115845), (7, 83.7034238576889), (8, 80.3512772321701), (9, 77.98523151874542), (10, 76.295867562294), (11, 74.66389572620392), (12, 73.06510019302368), (13, 71.76317870616913), (14, 70.36097037792206), (15, 69.23100972175598), (16, 68.1156758069992), (17, 67.27585411071777), (18, 66.47712218761444), (19, 65.92558801174164), (20, 65.61212754249573), (21, 65.00093150138855), (22, 64.77240419387817), (23, 64.58664417266846), (24, 64.56201028823853), (25, 64.43310916423798), (26, 64.4147617816925), (27, 64.66286873817444), (28, 64.78723633289337), (29, 65.38399696350098), (30, 65.64515388011932), (31, 66.36598432064056), (32, 67.04685640335083), (33, 67.79467380046844), (34, 68.70841872692108), (35, 69.841921210289), (36, 71.10989677906036), (37, 72.09208309650421), (38, 72.97216820716858), (39, 74.50860941410065), (40, 75.92915189266205), (41, 76.91281402111053), (42, 78.39315605163574), (43, 79.49429368972778), (44, 80.93524551391602), (45, 82.66034126281738), (46, 84.19230806827545), (47, 85.2827740907669), (48, 86.41047763824463), (49, 87.40720534324646), (50, 88.83415138721466), (51, 89.88549017906189), (52, 90.93693280220032), (53, 91.73311972618103), (54, 92.89153289794922), (55, 93.68901634216309), (56, 94.81122612953186), (57, 95.59106588363647), (58, 96.19510269165039), (59, 97.25043046474457), (60, 97.99353456497192), (61, 98.71751403808594), (62, 99.63340711593628), (63, 100.04245376586914), (64, 100.60218167304993), (65, 101.47845566272736), (66, 102.18833386898041), (67, 102.48710882663727), (68, 103.172975897789), (69, 103.63608765602112), (70, 104.12331926822662), (71, 104.66775941848755), (72, 105.19223165512085), (73, 105.79452741146088), (74, 106.22718691825867), (75, 106.77896428108215), (76, 107.28488755226135), (77, 107.98895955085754), (78, 108.41210210323334), (79, 108.93550479412079), (80, 109.27396404743195), (81, 109.63023233413696), (82, 110.12178671360016), (83, 110.51004004478455), (84, 111.25205898284912), (85, 111.79044282436371), (86, 111.97419953346252), (87, 112.76344811916351), (88, 113.20804941654205), (89, 113.92776882648468), (90, 114.27015626430511), (91, 114.66297018527985), (92, 114.88391208648682), (93, 115.06226086616516), (94, 115.84784781932831), (95, 116.18423867225647), (96, 116.57429158687592), (97, 116.92086398601532), (98, 117.16455543041229), (99, 118.107919216156), (100, 117.72987043857574)]
[2023-11-23 22:13:41,088][flwr][INFO] - app_fit: metrics_centralized {'accuracy': [(0, 0.1), (1, 0.1015), (2, 0.1676), (3, 0.2314), (4, 0.2931), (5, 0.3239), (6, 0.3604), (7, 0.3915), (8, 0.4166), (9, 0.4346), (10, 0.449), (11, 0.4617), (12, 0.4715), (13, 0.4825), (14, 0.4942), (15, 0.4996), (16, 0.5074), (17, 0.5148), (18, 0.5245), (19, 0.5315), (20, 0.5349), (21, 0.5398), (22, 0.5456), (23, 0.5454), (24, 0.5523), (25, 0.5531), (26, 0.5542), (27, 0.5593), (28, 0.5607), (29, 0.5602), (30, 0.5638), (31, 0.5635), (32, 0.5701), (33, 0.568), (34, 0.5704), (35, 0.5704), (36, 0.5704), (37, 0.5711), (38, 0.573), (39, 0.5714), (40, 0.5731), (41, 0.5717), (42, 0.5727), (43, 0.5759), (44, 0.5756), (45, 0.5733), (46, 0.5739), (47, 0.5761), (48, 0.5756), (49, 0.5759), (50, 0.5775), (51, 0.5755), (52, 0.5743), (53, 0.5753), (54, 0.5747), (55, 0.5751), (56, 0.5753), (57, 0.5736), (58, 0.5738), (59, 0.574), (60, 0.5747), (61, 0.5743), (62, 0.5732), (63, 0.5723), (64, 0.5729), (65, 0.5725), (66, 0.5734), (67, 0.5743), (68, 0.5732), (69, 0.5738), (70, 0.5737), (71, 0.5735), (72, 0.574), (73, 0.5735), (74, 0.5731), (75, 0.5734), (76, 0.5748), (77, 0.5752), (78, 0.5721), (79, 0.574), (80, 0.5752), (81, 0.5729), (82, 0.5723), (83, 0.5742), (84, 0.5738), (85, 0.5727), (86, 0.5729), (87, 0.5731), (88, 0.5734), (89, 0.5746), (90, 0.5726), (91, 0.5746), (92, 0.5741), (93, 0.5724), (94, 0.5726), (95, 0.5749), (96, 0.5741), (97, 0.5731), (98, 0.5749), (99, 0.5747), (100, 0.5742)]}
