[2023-11-21 09:12:07,413][flwr][INFO] - Starting Flower simulation, config: ServerConfig(num_rounds=100, round_timeout=None)
[2023-11-21 09:12:11,613][flwr][INFO] - Flower VCE: Ray initialized with resources: {'object_store_memory': 37862234112.0, 'memory': 78345212928.0, 'node:127.0.0.1': 1.0, 'CPU': 32.0, 'GPU': 1.0}
[2023-11-21 09:12:11,628][flwr][INFO] - Initializing global parameters
[2023-11-21 09:12:11,628][flwr][INFO] - Requesting initial parameters from one random client
[2023-11-21 09:12:15,441][flwr][INFO] - Received initial parameters from one random client
[2023-11-21 09:12:15,441][flwr][INFO] - Evaluating initial parameters
[2023-11-21 09:12:23,602][flwr][INFO] - initial parameters (loss, other metrics): 115.14545512199402, {'accuracy': 0.1006}
[2023-11-21 09:12:23,602][flwr][INFO] - FL starting
[2023-11-21 09:12:23,602][flwr][DEBUG] - fit_round 1: strategy sampled 20 clients (out of 40)
[2023-11-21 09:15:52,212][flwr][DEBUG] - fit_round 1 received 20 results and 0 failures
[2023-11-21 09:15:52,270][flwr][WARNING] - No fit_metrics_aggregation_fn provided
[2023-11-21 09:15:55,536][flwr][INFO] - fit progress: (1, 114.50159883499146, {'accuracy': 0.1669}, 211.9288551)
[2023-11-21 09:15:55,536][flwr][DEBUG] - evaluate_round 1: strategy sampled 20 clients (out of 40)
[2023-11-21 09:16:45,370][flwr][DEBUG] - evaluate_round 1 received 20 results and 0 failures
[2023-11-21 09:16:45,370][flwr][WARNING] - No evaluate_metrics_aggregation_fn provided
[2023-11-21 09:16:45,370][flwr][DEBUG] - fit_round 2: strategy sampled 20 clients (out of 40)
[2023-11-21 09:19:57,443][flwr][DEBUG] - fit_round 2 received 20 results and 0 failures
[2023-11-21 09:20:01,070][flwr][INFO] - fit progress: (2, 110.07989168167114, {'accuracy': 0.1827}, 457.4715676)
[2023-11-21 09:20:01,070][flwr][DEBUG] - evaluate_round 2: strategy sampled 20 clients (out of 40)
[2023-11-21 09:20:49,461][flwr][DEBUG] - evaluate_round 2 received 20 results and 0 failures
[2023-11-21 09:20:49,461][flwr][DEBUG] - fit_round 3: strategy sampled 20 clients (out of 40)
[2023-11-21 09:24:02,270][flwr][DEBUG] - fit_round 3 received 20 results and 0 failures
[2023-11-21 09:24:06,134][flwr][INFO] - fit progress: (3, 105.16341137886047, {'accuracy': 0.2344}, 702.5239243)
[2023-11-21 09:24:06,136][flwr][DEBUG] - evaluate_round 3: strategy sampled 20 clients (out of 40)
[2023-11-21 09:24:51,233][flwr][DEBUG] - evaluate_round 3 received 20 results and 0 failures
[2023-11-21 09:24:51,235][flwr][DEBUG] - fit_round 4: strategy sampled 20 clients (out of 40)
[2023-11-21 09:27:58,818][flwr][DEBUG] - fit_round 4 received 20 results and 0 failures
[2023-11-21 09:28:02,146][flwr][INFO] - fit progress: (4, 95.85724449157715, {'accuracy': 0.3117}, 938.5390191)
[2023-11-21 09:28:02,146][flwr][DEBUG] - evaluate_round 4: strategy sampled 20 clients (out of 40)
[2023-11-21 09:28:51,754][flwr][DEBUG] - evaluate_round 4 received 20 results and 0 failures
[2023-11-21 09:28:51,754][flwr][DEBUG] - fit_round 5: strategy sampled 20 clients (out of 40)
[2023-11-21 09:32:05,278][flwr][DEBUG] - fit_round 5 received 20 results and 0 failures
[2023-11-21 09:32:08,483][flwr][INFO] - fit progress: (5, 90.65803074836731, {'accuracy': 0.3512}, 1184.8791539)
[2023-11-21 09:32:08,483][flwr][DEBUG] - evaluate_round 5: strategy sampled 20 clients (out of 40)
[2023-11-21 09:33:00,735][flwr][DEBUG] - evaluate_round 5 received 20 results and 0 failures
[2023-11-21 09:33:00,745][flwr][DEBUG] - fit_round 6: strategy sampled 20 clients (out of 40)
[2023-11-21 09:36:09,818][flwr][DEBUG] - fit_round 6 received 20 results and 0 failures
[2023-11-21 09:36:13,252][flwr][INFO] - fit progress: (6, 86.32416331768036, {'accuracy': 0.3828}, 1429.6476426)
[2023-11-21 09:36:13,252][flwr][DEBUG] - evaluate_round 6: strategy sampled 20 clients (out of 40)
[2023-11-21 09:37:01,069][flwr][DEBUG] - evaluate_round 6 received 20 results and 0 failures
[2023-11-21 09:37:01,069][flwr][DEBUG] - fit_round 7: strategy sampled 20 clients (out of 40)
[2023-11-21 09:40:08,111][flwr][DEBUG] - fit_round 7 received 20 results and 0 failures
[2023-11-21 09:40:11,949][flwr][INFO] - fit progress: (7, 82.98914003372192, {'accuracy': 0.403}, 1668.3422338)
[2023-11-21 09:40:11,949][flwr][DEBUG] - evaluate_round 7: strategy sampled 20 clients (out of 40)
[2023-11-21 09:40:58,876][flwr][DEBUG] - evaluate_round 7 received 20 results and 0 failures
[2023-11-21 09:40:58,876][flwr][DEBUG] - fit_round 8: strategy sampled 20 clients (out of 40)
[2023-11-21 09:44:14,558][flwr][DEBUG] - fit_round 8 received 20 results and 0 failures
[2023-11-21 09:44:18,079][flwr][INFO] - fit progress: (8, 80.4285501241684, {'accuracy': 0.421}, 1914.4720945)
[2023-11-21 09:44:18,079][flwr][DEBUG] - evaluate_round 8: strategy sampled 20 clients (out of 40)
[2023-11-21 09:45:06,226][flwr][DEBUG] - evaluate_round 8 received 20 results and 0 failures
[2023-11-21 09:45:06,236][flwr][DEBUG] - fit_round 9: strategy sampled 20 clients (out of 40)
[2023-11-21 09:48:19,964][flwr][DEBUG] - fit_round 9 received 20 results and 0 failures
[2023-11-21 09:48:23,282][flwr][INFO] - fit progress: (9, 78.84326887130737, {'accuracy': 0.4337}, 2159.6758826)
[2023-11-21 09:48:23,282][flwr][DEBUG] - evaluate_round 9: strategy sampled 20 clients (out of 40)
[2023-11-21 09:49:09,432][flwr][DEBUG] - evaluate_round 9 received 20 results and 0 failures
[2023-11-21 09:49:09,432][flwr][DEBUG] - fit_round 10: strategy sampled 20 clients (out of 40)
[2023-11-21 09:52:24,793][flwr][DEBUG] - fit_round 10 received 20 results and 0 failures
[2023-11-21 09:52:28,271][flwr][INFO] - fit progress: (10, 77.22945976257324, {'accuracy': 0.4419}, 2404.6664236)
[2023-11-21 09:52:28,271][flwr][DEBUG] - evaluate_round 10: strategy sampled 20 clients (out of 40)
[2023-11-21 09:53:15,124][flwr][DEBUG] - evaluate_round 10 received 20 results and 0 failures
[2023-11-21 09:53:15,124][flwr][DEBUG] - fit_round 11: strategy sampled 20 clients (out of 40)
[2023-11-21 09:56:23,604][flwr][DEBUG] - fit_round 11 received 20 results and 0 failures
[2023-11-21 09:56:26,802][flwr][INFO] - fit progress: (11, 76.02702140808105, {'accuracy': 0.4552}, 2643.1915975)
[2023-11-21 09:56:26,802][flwr][DEBUG] - evaluate_round 11: strategy sampled 20 clients (out of 40)
[2023-11-21 09:57:21,824][flwr][DEBUG] - evaluate_round 11 received 20 results and 0 failures
[2023-11-21 09:57:21,824][flwr][DEBUG] - fit_round 12: strategy sampled 20 clients (out of 40)
[2023-11-21 10:00:35,719][flwr][DEBUG] - fit_round 12 received 20 results and 0 failures
[2023-11-21 10:00:38,873][flwr][INFO] - fit progress: (12, 74.94322443008423, {'accuracy': 0.4635}, 2895.2696032000003)
[2023-11-21 10:00:38,873][flwr][DEBUG] - evaluate_round 12: strategy sampled 20 clients (out of 40)
[2023-11-21 10:01:28,511][flwr][DEBUG] - evaluate_round 12 received 20 results and 0 failures
[2023-11-21 10:01:28,511][flwr][DEBUG] - fit_round 13: strategy sampled 20 clients (out of 40)
[2023-11-21 10:04:38,671][flwr][DEBUG] - fit_round 13 received 20 results and 0 failures
[2023-11-21 10:04:41,976][flwr][INFO] - fit progress: (13, 74.02669548988342, {'accuracy': 0.4738}, 3138.3726716)
[2023-11-21 10:04:41,976][flwr][DEBUG] - evaluate_round 13: strategy sampled 20 clients (out of 40)
[2023-11-21 10:05:28,548][flwr][DEBUG] - evaluate_round 13 received 20 results and 0 failures
[2023-11-21 10:05:28,548][flwr][DEBUG] - fit_round 14: strategy sampled 20 clients (out of 40)
[2023-11-21 10:08:38,965][flwr][DEBUG] - fit_round 14 received 20 results and 0 failures
[2023-11-21 10:08:42,433][flwr][INFO] - fit progress: (14, 73.17876350879669, {'accuracy': 0.4803}, 3378.8316643000003)
[2023-11-21 10:08:42,443][flwr][DEBUG] - evaluate_round 14: strategy sampled 20 clients (out of 40)
[2023-11-21 10:09:30,183][flwr][DEBUG] - evaluate_round 14 received 20 results and 0 failures
[2023-11-21 10:09:30,183][flwr][DEBUG] - fit_round 15: strategy sampled 20 clients (out of 40)
[2023-11-21 10:12:40,954][flwr][DEBUG] - fit_round 15 received 20 results and 0 failures
[2023-11-21 10:12:44,458][flwr][INFO] - fit progress: (15, 72.99485552310944, {'accuracy': 0.484}, 3620.8555785000003)
[2023-11-21 10:12:44,468][flwr][DEBUG] - evaluate_round 15: strategy sampled 20 clients (out of 40)
[2023-11-21 10:13:33,234][flwr][DEBUG] - evaluate_round 15 received 20 results and 0 failures
[2023-11-21 10:13:33,234][flwr][DEBUG] - fit_round 16: strategy sampled 20 clients (out of 40)
[2023-11-21 10:16:46,303][flwr][DEBUG] - fit_round 16 received 20 results and 0 failures
[2023-11-21 10:16:50,064][flwr][INFO] - fit progress: (16, 72.75290858745575, {'accuracy': 0.4925}, 3866.4552364)
[2023-11-21 10:16:50,064][flwr][DEBUG] - evaluate_round 16: strategy sampled 20 clients (out of 40)
[2023-11-21 10:17:36,664][flwr][DEBUG] - evaluate_round 16 received 20 results and 0 failures
[2023-11-21 10:17:36,664][flwr][DEBUG] - fit_round 17: strategy sampled 20 clients (out of 40)
[2023-11-21 10:20:51,192][flwr][DEBUG] - fit_round 17 received 20 results and 0 failures
[2023-11-21 10:20:54,500][flwr][INFO] - fit progress: (17, 71.85980319976807, {'accuracy': 0.493}, 4110.8968996)
[2023-11-21 10:20:54,500][flwr][DEBUG] - evaluate_round 17: strategy sampled 20 clients (out of 40)
[2023-11-21 10:21:41,677][flwr][DEBUG] - evaluate_round 17 received 20 results and 0 failures
[2023-11-21 10:21:41,677][flwr][DEBUG] - fit_round 18: strategy sampled 20 clients (out of 40)
[2023-11-21 10:24:55,841][flwr][DEBUG] - fit_round 18 received 20 results and 0 failures
[2023-11-21 10:24:59,199][flwr][INFO] - fit progress: (18, 71.74237310886383, {'accuracy': 0.5002}, 4355.5930833)
[2023-11-21 10:24:59,199][flwr][DEBUG] - evaluate_round 18: strategy sampled 20 clients (out of 40)
[2023-11-21 10:25:48,363][flwr][DEBUG] - evaluate_round 18 received 20 results and 0 failures
[2023-11-21 10:25:48,363][flwr][DEBUG] - fit_round 19: strategy sampled 20 clients (out of 40)
[2023-11-21 10:28:57,286][flwr][DEBUG] - fit_round 19 received 20 results and 0 failures
[2023-11-21 10:29:00,943][flwr][INFO] - fit progress: (19, 71.24656450748444, {'accuracy': 0.5022}, 4597.3388464)
[2023-11-21 10:29:00,951][flwr][DEBUG] - evaluate_round 19: strategy sampled 20 clients (out of 40)
[2023-11-21 10:29:50,328][flwr][DEBUG] - evaluate_round 19 received 20 results and 0 failures
[2023-11-21 10:29:50,328][flwr][DEBUG] - fit_round 20: strategy sampled 20 clients (out of 40)
[2023-11-21 10:32:59,248][flwr][DEBUG] - fit_round 20 received 20 results and 0 failures
[2023-11-21 10:33:02,628][flwr][INFO] - fit progress: (20, 71.20239651203156, {'accuracy': 0.5021}, 4839.0211426000005)
[2023-11-21 10:33:02,628][flwr][DEBUG] - evaluate_round 20: strategy sampled 20 clients (out of 40)
[2023-11-21 10:33:46,638][flwr][DEBUG] - evaluate_round 20 received 20 results and 0 failures
[2023-11-21 10:33:46,638][flwr][DEBUG] - fit_round 21: strategy sampled 20 clients (out of 40)
[2023-11-21 10:36:55,377][flwr][DEBUG] - fit_round 21 received 20 results and 0 failures
[2023-11-21 10:36:58,642][flwr][INFO] - fit progress: (21, 71.36181509494781, {'accuracy': 0.51}, 5075.0329781)
[2023-11-21 10:36:58,642][flwr][DEBUG] - evaluate_round 21: strategy sampled 20 clients (out of 40)
[2023-11-21 10:37:46,378][flwr][DEBUG] - evaluate_round 21 received 20 results and 0 failures
[2023-11-21 10:37:46,378][flwr][DEBUG] - fit_round 22: strategy sampled 20 clients (out of 40)
[2023-11-21 10:40:57,796][flwr][DEBUG] - fit_round 22 received 20 results and 0 failures
[2023-11-21 10:41:01,130][flwr][INFO] - fit progress: (22, 71.57630276679993, {'accuracy': 0.5133}, 5317.5234526)
[2023-11-21 10:41:01,130][flwr][DEBUG] - evaluate_round 22: strategy sampled 20 clients (out of 40)
[2023-11-21 10:41:48,767][flwr][DEBUG] - evaluate_round 22 received 20 results and 0 failures
[2023-11-21 10:41:48,777][flwr][DEBUG] - fit_round 23: strategy sampled 20 clients (out of 40)
[2023-11-21 10:45:01,938][flwr][DEBUG] - fit_round 23 received 20 results and 0 failures
[2023-11-21 10:45:05,286][flwr][INFO] - fit progress: (23, 71.31650245189667, {'accuracy': 0.5158}, 5561.679366)
[2023-11-21 10:45:05,286][flwr][DEBUG] - evaluate_round 23: strategy sampled 20 clients (out of 40)
[2023-11-21 10:45:56,121][flwr][DEBUG] - evaluate_round 23 received 20 results and 0 failures
[2023-11-21 10:45:56,121][flwr][DEBUG] - fit_round 24: strategy sampled 20 clients (out of 40)
[2023-11-21 10:49:08,074][flwr][DEBUG] - fit_round 24 received 20 results and 0 failures
[2023-11-21 10:49:11,292][flwr][INFO] - fit progress: (24, 71.32447373867035, {'accuracy': 0.5163}, 5807.6823838)
[2023-11-21 10:49:11,292][flwr][DEBUG] - evaluate_round 24: strategy sampled 20 clients (out of 40)
[2023-11-21 10:50:03,934][flwr][DEBUG] - evaluate_round 24 received 20 results and 0 failures
[2023-11-21 10:50:03,944][flwr][DEBUG] - fit_round 25: strategy sampled 20 clients (out of 40)
[2023-11-21 10:53:15,768][flwr][DEBUG] - fit_round 25 received 20 results and 0 failures
[2023-11-21 10:53:19,156][flwr][INFO] - fit progress: (25, 71.57082319259644, {'accuracy': 0.5174}, 6055.5463369)
[2023-11-21 10:53:19,156][flwr][DEBUG] - evaluate_round 25: strategy sampled 20 clients (out of 40)
[2023-11-21 10:54:07,374][flwr][DEBUG] - evaluate_round 25 received 20 results and 0 failures
[2023-11-21 10:54:07,376][flwr][DEBUG] - fit_round 26: strategy sampled 20 clients (out of 40)
[2023-11-21 10:57:16,376][flwr][DEBUG] - fit_round 26 received 20 results and 0 failures
[2023-11-21 10:57:19,704][flwr][INFO] - fit progress: (26, 71.85352838039398, {'accuracy': 0.5157}, 6296.0999668)
[2023-11-21 10:57:19,704][flwr][DEBUG] - evaluate_round 26: strategy sampled 20 clients (out of 40)
[2023-11-21 10:58:06,113][flwr][DEBUG] - evaluate_round 26 received 20 results and 0 failures
[2023-11-21 10:58:06,123][flwr][DEBUG] - fit_round 27: strategy sampled 20 clients (out of 40)
[2023-11-21 11:01:17,850][flwr][DEBUG] - fit_round 27 received 20 results and 0 failures
[2023-11-21 11:01:21,315][flwr][INFO] - fit progress: (27, 72.61416721343994, {'accuracy': 0.5199}, 6537.7106644000005)
[2023-11-21 11:01:21,315][flwr][DEBUG] - evaluate_round 27: strategy sampled 20 clients (out of 40)
[2023-11-21 11:02:09,655][flwr][DEBUG] - evaluate_round 27 received 20 results and 0 failures
[2023-11-21 11:02:09,666][flwr][DEBUG] - fit_round 28: strategy sampled 20 clients (out of 40)
[2023-11-21 11:05:19,685][flwr][DEBUG] - fit_round 28 received 20 results and 0 failures
[2023-11-21 11:05:22,980][flwr][INFO] - fit progress: (28, 73.35819184780121, {'accuracy': 0.5177}, 6779.3784412)
[2023-11-21 11:05:22,990][flwr][DEBUG] - evaluate_round 28: strategy sampled 20 clients (out of 40)
[2023-11-21 11:06:10,213][flwr][DEBUG] - evaluate_round 28 received 20 results and 0 failures
[2023-11-21 11:06:10,213][flwr][DEBUG] - fit_round 29: strategy sampled 20 clients (out of 40)
[2023-11-21 11:09:24,324][flwr][DEBUG] - fit_round 29 received 20 results and 0 failures
[2023-11-21 11:09:27,712][flwr][INFO] - fit progress: (29, 73.92291855812073, {'accuracy': 0.5174}, 7024.106895700001)
[2023-11-21 11:09:27,712][flwr][DEBUG] - evaluate_round 29: strategy sampled 20 clients (out of 40)
[2023-11-21 11:10:12,296][flwr][DEBUG] - evaluate_round 29 received 20 results and 0 failures
[2023-11-21 11:10:12,296][flwr][DEBUG] - fit_round 30: strategy sampled 20 clients (out of 40)
[2023-11-21 11:13:23,899][flwr][DEBUG] - fit_round 30 received 20 results and 0 failures
[2023-11-21 11:13:27,337][flwr][INFO] - fit progress: (30, 74.00096213817596, {'accuracy': 0.5204}, 7263.7288545)
[2023-11-21 11:13:27,337][flwr][DEBUG] - evaluate_round 30: strategy sampled 20 clients (out of 40)
[2023-11-21 11:14:14,150][flwr][DEBUG] - evaluate_round 30 received 20 results and 0 failures
[2023-11-21 11:14:14,160][flwr][DEBUG] - fit_round 31: strategy sampled 20 clients (out of 40)
[2023-11-21 11:17:27,150][flwr][DEBUG] - fit_round 31 received 20 results and 0 failures
[2023-11-21 11:17:30,768][flwr][INFO] - fit progress: (31, 74.67280757427216, {'accuracy': 0.5244}, 7507.1667636)
[2023-11-21 11:17:30,778][flwr][DEBUG] - evaluate_round 31: strategy sampled 20 clients (out of 40)
[2023-11-21 11:18:14,621][flwr][DEBUG] - evaluate_round 31 received 20 results and 0 failures
[2023-11-21 11:18:14,621][flwr][DEBUG] - fit_round 32: strategy sampled 20 clients (out of 40)
[2023-11-21 11:21:27,687][flwr][DEBUG] - fit_round 32 received 20 results and 0 failures
[2023-11-21 11:21:31,180][flwr][INFO] - fit progress: (32, 75.77435851097107, {'accuracy': 0.524}, 7747.5782092)
[2023-11-21 11:21:31,190][flwr][DEBUG] - evaluate_round 32: strategy sampled 20 clients (out of 40)
[2023-11-21 11:22:16,425][flwr][DEBUG] - evaluate_round 32 received 20 results and 0 failures
[2023-11-21 11:22:16,425][flwr][DEBUG] - fit_round 33: strategy sampled 20 clients (out of 40)
[2023-11-21 11:25:28,453][flwr][DEBUG] - fit_round 33 received 20 results and 0 failures
[2023-11-21 11:25:31,977][flwr][INFO] - fit progress: (33, 76.096710562706, {'accuracy': 0.5267}, 7988.3668298)
[2023-11-21 11:25:31,979][flwr][DEBUG] - evaluate_round 33: strategy sampled 20 clients (out of 40)
[2023-11-21 11:26:19,268][flwr][DEBUG] - evaluate_round 33 received 20 results and 0 failures
[2023-11-21 11:26:19,268][flwr][DEBUG] - fit_round 34: strategy sampled 20 clients (out of 40)
[2023-11-21 11:29:33,352][flwr][DEBUG] - fit_round 34 received 20 results and 0 failures
[2023-11-21 11:29:36,677][flwr][INFO] - fit progress: (34, 76.31436276435852, {'accuracy': 0.5267}, 8233.074600599999)
[2023-11-21 11:29:36,687][flwr][DEBUG] - evaluate_round 34: strategy sampled 20 clients (out of 40)
[2023-11-21 11:30:30,196][flwr][DEBUG] - evaluate_round 34 received 20 results and 0 failures
[2023-11-21 11:30:30,196][flwr][DEBUG] - fit_round 35: strategy sampled 20 clients (out of 40)
[2023-11-21 11:33:41,709][flwr][DEBUG] - fit_round 35 received 20 results and 0 failures
[2023-11-21 11:33:45,094][flwr][INFO] - fit progress: (35, 76.49768555164337, {'accuracy': 0.5284}, 8481.4867021)
[2023-11-21 11:33:45,094][flwr][DEBUG] - evaluate_round 35: strategy sampled 20 clients (out of 40)
[2023-11-21 11:34:32,584][flwr][DEBUG] - evaluate_round 35 received 20 results and 0 failures
[2023-11-21 11:34:32,584][flwr][DEBUG] - fit_round 36: strategy sampled 20 clients (out of 40)
[2023-11-21 11:37:42,900][flwr][DEBUG] - fit_round 36 received 20 results and 0 failures
[2023-11-21 11:37:46,435][flwr][INFO] - fit progress: (36, 77.70102977752686, {'accuracy': 0.5292}, 8722.8319148)
[2023-11-21 11:37:46,435][flwr][DEBUG] - evaluate_round 36: strategy sampled 20 clients (out of 40)
[2023-11-21 11:38:34,249][flwr][DEBUG] - evaluate_round 36 received 20 results and 0 failures
[2023-11-21 11:38:34,251][flwr][DEBUG] - fit_round 37: strategy sampled 20 clients (out of 40)
[2023-11-21 11:41:45,989][flwr][DEBUG] - fit_round 37 received 20 results and 0 failures
[2023-11-21 11:41:49,477][flwr][INFO] - fit progress: (37, 78.6296626329422, {'accuracy': 0.5304}, 8965.868198299999)
[2023-11-21 11:41:49,477][flwr][DEBUG] - evaluate_round 37: strategy sampled 20 clients (out of 40)
[2023-11-21 11:42:36,797][flwr][DEBUG] - evaluate_round 37 received 20 results and 0 failures
[2023-11-21 11:42:36,807][flwr][DEBUG] - fit_round 38: strategy sampled 20 clients (out of 40)
[2023-11-21 11:45:47,110][flwr][DEBUG] - fit_round 38 received 20 results and 0 failures
[2023-11-21 11:45:50,275][flwr][INFO] - fit progress: (38, 79.88844192028046, {'accuracy': 0.5306}, 9206.664973399998)
[2023-11-21 11:45:50,275][flwr][DEBUG] - evaluate_round 38: strategy sampled 20 clients (out of 40)
[2023-11-21 11:46:40,909][flwr][DEBUG] - evaluate_round 38 received 20 results and 0 failures
[2023-11-21 11:46:40,909][flwr][DEBUG] - fit_round 39: strategy sampled 20 clients (out of 40)
[2023-11-21 11:49:49,618][flwr][DEBUG] - fit_round 39 received 20 results and 0 failures
[2023-11-21 11:49:52,936][flwr][INFO] - fit progress: (39, 80.23743879795074, {'accuracy': 0.5321}, 9449.3272396)
[2023-11-21 11:49:52,936][flwr][DEBUG] - evaluate_round 39: strategy sampled 20 clients (out of 40)
[2023-11-21 11:50:42,594][flwr][DEBUG] - evaluate_round 39 received 20 results and 0 failures
[2023-11-21 11:50:42,594][flwr][DEBUG] - fit_round 40: strategy sampled 20 clients (out of 40)
[2023-11-21 11:53:52,637][flwr][DEBUG] - fit_round 40 received 20 results and 0 failures
[2023-11-21 11:53:55,945][flwr][INFO] - fit progress: (40, 80.81334090232849, {'accuracy': 0.5294}, 9692.3370244)
[2023-11-21 11:53:55,945][flwr][DEBUG] - evaluate_round 40: strategy sampled 20 clients (out of 40)
[2023-11-21 11:54:43,481][flwr][DEBUG] - evaluate_round 40 received 20 results and 0 failures
[2023-11-21 11:54:43,481][flwr][DEBUG] - fit_round 41: strategy sampled 20 clients (out of 40)
[2023-11-21 11:57:55,989][flwr][DEBUG] - fit_round 41 received 20 results and 0 failures
[2023-11-21 11:57:59,557][flwr][INFO] - fit progress: (41, 80.29827511310577, {'accuracy': 0.5332}, 9935.9498432)
[2023-11-21 11:57:59,557][flwr][DEBUG] - evaluate_round 41: strategy sampled 20 clients (out of 40)
[2023-11-21 11:58:47,367][flwr][DEBUG] - evaluate_round 41 received 20 results and 0 failures
[2023-11-21 11:58:47,367][flwr][DEBUG] - fit_round 42: strategy sampled 20 clients (out of 40)
[2023-11-21 12:02:02,929][flwr][DEBUG] - fit_round 42 received 20 results and 0 failures
[2023-11-21 12:02:06,377][flwr][INFO] - fit progress: (42, 80.3512978553772, {'accuracy': 0.5323}, 10182.7741343)
[2023-11-21 12:02:06,377][flwr][DEBUG] - evaluate_round 42: strategy sampled 20 clients (out of 40)
[2023-11-21 12:02:51,463][flwr][DEBUG] - evaluate_round 42 received 20 results and 0 failures
[2023-11-21 12:02:51,463][flwr][DEBUG] - fit_round 43: strategy sampled 20 clients (out of 40)
[2023-11-21 12:05:59,849][flwr][DEBUG] - fit_round 43 received 20 results and 0 failures
[2023-11-21 12:06:03,137][flwr][INFO] - fit progress: (43, 81.87600946426392, {'accuracy': 0.5318}, 10419.534767)
[2023-11-21 12:06:03,147][flwr][DEBUG] - evaluate_round 43: strategy sampled 20 clients (out of 40)
[2023-11-21 12:06:53,468][flwr][DEBUG] - evaluate_round 43 received 20 results and 0 failures
[2023-11-21 12:06:53,468][flwr][DEBUG] - fit_round 44: strategy sampled 20 clients (out of 40)
[2023-11-21 12:10:06,829][flwr][DEBUG] - fit_round 44 received 20 results and 0 failures
[2023-11-21 12:10:10,108][flwr][INFO] - fit progress: (44, 82.75472164154053, {'accuracy': 0.5368}, 10666.5038661)
[2023-11-21 12:10:10,108][flwr][DEBUG] - evaluate_round 44: strategy sampled 20 clients (out of 40)
[2023-11-21 12:11:01,272][flwr][DEBUG] - evaluate_round 44 received 20 results and 0 failures
[2023-11-21 12:11:01,272][flwr][DEBUG] - fit_round 45: strategy sampled 20 clients (out of 40)
[2023-11-21 12:14:11,698][flwr][DEBUG] - fit_round 45 received 20 results and 0 failures
[2023-11-21 12:14:15,207][flwr][INFO] - fit progress: (45, 84.1226921081543, {'accuracy': 0.5336}, 10911.6037575)
[2023-11-21 12:14:15,207][flwr][DEBUG] - evaluate_round 45: strategy sampled 20 clients (out of 40)
[2023-11-21 12:15:02,433][flwr][DEBUG] - evaluate_round 45 received 20 results and 0 failures
[2023-11-21 12:15:02,433][flwr][DEBUG] - fit_round 46: strategy sampled 20 clients (out of 40)
[2023-11-21 12:18:12,700][flwr][DEBUG] - fit_round 46 received 20 results and 0 failures
[2023-11-21 12:18:16,027][flwr][INFO] - fit progress: (46, 83.30399906635284, {'accuracy': 0.5329}, 11152.423769199999)
[2023-11-21 12:18:16,027][flwr][DEBUG] - evaluate_round 46: strategy sampled 20 clients (out of 40)
[2023-11-21 12:19:05,071][flwr][DEBUG] - evaluate_round 46 received 20 results and 0 failures
[2023-11-21 12:19:05,071][flwr][DEBUG] - fit_round 47: strategy sampled 20 clients (out of 40)
[2023-11-21 12:22:18,836][flwr][DEBUG] - fit_round 47 received 20 results and 0 failures
[2023-11-21 12:22:22,194][flwr][INFO] - fit progress: (47, 85.02313506603241, {'accuracy': 0.534}, 11398.5869279)
[2023-11-21 12:22:22,194][flwr][DEBUG] - evaluate_round 47: strategy sampled 20 clients (out of 40)
[2023-11-21 12:23:09,991][flwr][DEBUG] - evaluate_round 47 received 20 results and 0 failures
[2023-11-21 12:23:10,001][flwr][DEBUG] - fit_round 48: strategy sampled 20 clients (out of 40)
[2023-11-21 12:26:23,338][flwr][DEBUG] - fit_round 48 received 20 results and 0 failures
[2023-11-21 12:26:26,883][flwr][INFO] - fit progress: (48, 84.33069467544556, {'accuracy': 0.5317}, 11643.275591099999)
[2023-11-21 12:26:26,883][flwr][DEBUG] - evaluate_round 48: strategy sampled 20 clients (out of 40)
[2023-11-21 12:27:12,036][flwr][DEBUG] - evaluate_round 48 received 20 results and 0 failures
[2023-11-21 12:27:12,046][flwr][DEBUG] - fit_round 49: strategy sampled 20 clients (out of 40)
[2023-11-21 12:30:23,953][flwr][DEBUG] - fit_round 49 received 20 results and 0 failures
[2023-11-21 12:30:27,413][flwr][INFO] - fit progress: (49, 85.02180576324463, {'accuracy': 0.5353}, 11883.8110378)
[2023-11-21 12:30:27,423][flwr][DEBUG] - evaluate_round 49: strategy sampled 20 clients (out of 40)
[2023-11-21 12:31:12,373][flwr][DEBUG] - evaluate_round 49 received 20 results and 0 failures
[2023-11-21 12:31:12,373][flwr][DEBUG] - fit_round 50: strategy sampled 20 clients (out of 40)
[2023-11-21 12:34:22,360][flwr][DEBUG] - fit_round 50 received 20 results and 0 failures
[2023-11-21 12:34:25,815][flwr][INFO] - fit progress: (50, 84.72356617450714, {'accuracy': 0.5351}, 12122.2106573)
[2023-11-21 12:34:25,815][flwr][DEBUG] - evaluate_round 50: strategy sampled 20 clients (out of 40)
[2023-11-21 12:35:12,791][flwr][DEBUG] - evaluate_round 50 received 20 results and 0 failures
[2023-11-21 12:35:12,801][flwr][DEBUG] - fit_round 51: strategy sampled 20 clients (out of 40)
[2023-11-21 12:38:22,425][flwr][DEBUG] - fit_round 51 received 20 results and 0 failures
[2023-11-21 12:38:25,842][flwr][INFO] - fit progress: (51, 87.05409395694733, {'accuracy': 0.5324}, 12362.2324202)
[2023-11-21 12:38:25,842][flwr][DEBUG] - evaluate_round 51: strategy sampled 20 clients (out of 40)
[2023-11-21 12:39:14,212][flwr][DEBUG] - evaluate_round 51 received 20 results and 0 failures
[2023-11-21 12:39:14,212][flwr][DEBUG] - fit_round 52: strategy sampled 20 clients (out of 40)
[2023-11-21 12:42:26,039][flwr][DEBUG] - fit_round 52 received 20 results and 0 failures
[2023-11-21 12:42:29,634][flwr][INFO] - fit progress: (52, 86.26814782619476, {'accuracy': 0.5347}, 12606.030235299999)
[2023-11-21 12:42:29,634][flwr][DEBUG] - evaluate_round 52: strategy sampled 20 clients (out of 40)
[2023-11-21 12:43:16,007][flwr][DEBUG] - evaluate_round 52 received 20 results and 0 failures
[2023-11-21 12:43:16,007][flwr][DEBUG] - fit_round 53: strategy sampled 20 clients (out of 40)
[2023-11-21 12:46:25,020][flwr][DEBUG] - fit_round 53 received 20 results and 0 failures
[2023-11-21 12:46:28,314][flwr][INFO] - fit progress: (53, 86.7327733039856, {'accuracy': 0.5363}, 12844.7042702)
[2023-11-21 12:46:28,314][flwr][DEBUG] - evaluate_round 53: strategy sampled 20 clients (out of 40)
[2023-11-21 12:47:15,028][flwr][DEBUG] - evaluate_round 53 received 20 results and 0 failures
[2023-11-21 12:47:15,028][flwr][DEBUG] - fit_round 54: strategy sampled 20 clients (out of 40)
[2023-11-21 12:50:27,471][flwr][DEBUG] - fit_round 54 received 20 results and 0 failures
[2023-11-21 12:50:30,609][flwr][INFO] - fit progress: (54, 87.47100901603699, {'accuracy': 0.5342}, 13086.9989018)
[2023-11-21 12:50:30,609][flwr][DEBUG] - evaluate_round 54: strategy sampled 20 clients (out of 40)
[2023-11-21 12:51:19,275][flwr][DEBUG] - evaluate_round 54 received 20 results and 0 failures
[2023-11-21 12:51:19,275][flwr][DEBUG] - fit_round 55: strategy sampled 20 clients (out of 40)
[2023-11-21 12:54:27,540][flwr][DEBUG] - fit_round 55 received 20 results and 0 failures
[2023-11-21 12:54:30,949][flwr][INFO] - fit progress: (55, 88.9741941690445, {'accuracy': 0.5373}, 13327.3397188)
[2023-11-21 12:54:30,949][flwr][DEBUG] - evaluate_round 55: strategy sampled 20 clients (out of 40)
[2023-11-21 12:55:19,015][flwr][DEBUG] - evaluate_round 55 received 20 results and 0 failures
[2023-11-21 12:55:19,015][flwr][DEBUG] - fit_round 56: strategy sampled 20 clients (out of 40)
[2023-11-21 12:58:31,918][flwr][DEBUG] - fit_round 56 received 20 results and 0 failures
[2023-11-21 12:58:35,562][flwr][INFO] - fit progress: (56, 88.28150057792664, {'accuracy': 0.5351}, 13571.956987599999)
[2023-11-21 12:58:35,562][flwr][DEBUG] - evaluate_round 56: strategy sampled 20 clients (out of 40)
[2023-11-21 12:59:23,397][flwr][DEBUG] - evaluate_round 56 received 20 results and 0 failures
[2023-11-21 12:59:23,397][flwr][DEBUG] - fit_round 57: strategy sampled 20 clients (out of 40)
[2023-11-21 13:02:33,976][flwr][DEBUG] - fit_round 57 received 20 results and 0 failures
[2023-11-21 13:02:37,316][flwr][INFO] - fit progress: (57, 90.13454258441925, {'accuracy': 0.5362}, 13813.706099199999)
[2023-11-21 13:02:37,316][flwr][DEBUG] - evaluate_round 57: strategy sampled 20 clients (out of 40)
[2023-11-21 13:03:21,959][flwr][DEBUG] - evaluate_round 57 received 20 results and 0 failures
[2023-11-21 13:03:21,959][flwr][DEBUG] - fit_round 58: strategy sampled 20 clients (out of 40)
[2023-11-21 13:06:36,111][flwr][DEBUG] - fit_round 58 received 20 results and 0 failures
[2023-11-21 13:06:39,606][flwr][INFO] - fit progress: (58, 88.88391578197479, {'accuracy': 0.5347}, 14055.997016199999)
[2023-11-21 13:06:39,606][flwr][DEBUG] - evaluate_round 58: strategy sampled 20 clients (out of 40)
[2023-11-21 13:07:27,600][flwr][DEBUG] - evaluate_round 58 received 20 results and 0 failures
[2023-11-21 13:07:27,600][flwr][DEBUG] - fit_round 59: strategy sampled 20 clients (out of 40)
[2023-11-21 13:10:43,795][flwr][DEBUG] - fit_round 59 received 20 results and 0 failures
[2023-11-21 13:10:47,455][flwr][INFO] - fit progress: (59, 90.33825862407684, {'accuracy': 0.538}, 14303.844341099999)
[2023-11-21 13:10:47,456][flwr][DEBUG] - evaluate_round 59: strategy sampled 20 clients (out of 40)
[2023-11-21 13:11:41,715][flwr][DEBUG] - evaluate_round 59 received 20 results and 0 failures
[2023-11-21 13:11:41,715][flwr][DEBUG] - fit_round 60: strategy sampled 20 clients (out of 40)
[2023-11-21 13:14:53,749][flwr][DEBUG] - fit_round 60 received 20 results and 0 failures
[2023-11-21 13:14:57,225][flwr][INFO] - fit progress: (60, 91.27928853034973, {'accuracy': 0.5358}, 14553.6199915)
[2023-11-21 13:14:57,225][flwr][DEBUG] - evaluate_round 60: strategy sampled 20 clients (out of 40)
[2023-11-21 13:15:49,831][flwr][DEBUG] - evaluate_round 60 received 20 results and 0 failures
[2023-11-21 13:15:49,831][flwr][DEBUG] - fit_round 61: strategy sampled 20 clients (out of 40)
[2023-11-21 13:19:00,687][flwr][DEBUG] - fit_round 61 received 20 results and 0 failures
[2023-11-21 13:19:03,961][flwr][INFO] - fit progress: (61, 90.80946838855743, {'accuracy': 0.5364}, 14800.358433)
[2023-11-21 13:19:03,971][flwr][DEBUG] - evaluate_round 61: strategy sampled 20 clients (out of 40)
[2023-11-21 13:19:56,209][flwr][DEBUG] - evaluate_round 61 received 20 results and 0 failures
[2023-11-21 13:19:56,209][flwr][DEBUG] - fit_round 62: strategy sampled 20 clients (out of 40)
[2023-11-21 13:23:10,610][flwr][DEBUG] - fit_round 62 received 20 results and 0 failures
[2023-11-21 13:23:14,084][flwr][INFO] - fit progress: (62, 90.67957186698914, {'accuracy': 0.5386}, 15050.4805096)
[2023-11-21 13:23:14,084][flwr][DEBUG] - evaluate_round 62: strategy sampled 20 clients (out of 40)
[2023-11-21 13:24:01,729][flwr][DEBUG] - evaluate_round 62 received 20 results and 0 failures
[2023-11-21 13:24:01,729][flwr][DEBUG] - fit_round 63: strategy sampled 20 clients (out of 40)
[2023-11-21 13:27:13,348][flwr][DEBUG] - fit_round 63 received 20 results and 0 failures
[2023-11-21 13:27:16,727][flwr][INFO] - fit progress: (63, 92.22616159915924, {'accuracy': 0.5379}, 15293.124398)
[2023-11-21 13:27:16,727][flwr][DEBUG] - evaluate_round 63: strategy sampled 20 clients (out of 40)
[2023-11-21 13:28:04,753][flwr][DEBUG] - evaluate_round 63 received 20 results and 0 failures
[2023-11-21 13:28:04,753][flwr][DEBUG] - fit_round 64: strategy sampled 20 clients (out of 40)
[2023-11-21 13:31:15,138][flwr][DEBUG] - fit_round 64 received 20 results and 0 failures
[2023-11-21 13:31:18,367][flwr][INFO] - fit progress: (64, 90.87215793132782, {'accuracy': 0.5375}, 15534.7641131)
[2023-11-21 13:31:18,367][flwr][DEBUG] - evaluate_round 64: strategy sampled 20 clients (out of 40)
[2023-11-21 13:32:05,808][flwr][DEBUG] - evaluate_round 64 received 20 results and 0 failures
[2023-11-21 13:32:05,809][flwr][DEBUG] - fit_round 65: strategy sampled 20 clients (out of 40)
[2023-11-21 13:35:23,802][flwr][DEBUG] - fit_round 65 received 20 results and 0 failures
[2023-11-21 13:35:27,150][flwr][INFO] - fit progress: (65, 93.25089263916016, {'accuracy': 0.535}, 15783.549036299999)
[2023-11-21 13:35:27,160][flwr][DEBUG] - evaluate_round 65: strategy sampled 20 clients (out of 40)
[2023-11-21 13:36:14,861][flwr][DEBUG] - evaluate_round 65 received 20 results and 0 failures
[2023-11-21 13:36:14,861][flwr][DEBUG] - fit_round 66: strategy sampled 20 clients (out of 40)
[2023-11-21 13:39:28,360][flwr][DEBUG] - fit_round 66 received 20 results and 0 failures
[2023-11-21 13:39:31,852][flwr][INFO] - fit progress: (66, 92.75934648513794, {'accuracy': 0.5431}, 16028.2429511)
[2023-11-21 13:39:31,852][flwr][DEBUG] - evaluate_round 66: strategy sampled 20 clients (out of 40)
[2023-11-21 13:40:19,705][flwr][DEBUG] - evaluate_round 66 received 20 results and 0 failures
[2023-11-21 13:40:19,705][flwr][DEBUG] - fit_round 67: strategy sampled 20 clients (out of 40)
[2023-11-21 13:43:34,131][flwr][DEBUG] - fit_round 67 received 20 results and 0 failures
[2023-11-21 13:43:37,375][flwr][INFO] - fit progress: (67, 93.13282787799835, {'accuracy': 0.5407}, 16273.772239799999)
[2023-11-21 13:43:37,375][flwr][DEBUG] - evaluate_round 67: strategy sampled 20 clients (out of 40)
[2023-11-21 13:44:27,185][flwr][DEBUG] - evaluate_round 67 received 20 results and 0 failures
[2023-11-21 13:44:27,185][flwr][DEBUG] - fit_round 68: strategy sampled 20 clients (out of 40)
[2023-11-21 13:47:37,305][flwr][DEBUG] - fit_round 68 received 20 results and 0 failures
[2023-11-21 13:47:40,610][flwr][INFO] - fit progress: (68, 92.81830620765686, {'accuracy': 0.5411}, 16517.0069193)
[2023-11-21 13:47:40,610][flwr][DEBUG] - evaluate_round 68: strategy sampled 20 clients (out of 40)
[2023-11-21 13:48:27,793][flwr][DEBUG] - evaluate_round 68 received 20 results and 0 failures
[2023-11-21 13:48:27,793][flwr][DEBUG] - fit_round 69: strategy sampled 20 clients (out of 40)
[2023-11-21 13:51:35,830][flwr][DEBUG] - fit_round 69 received 20 results and 0 failures
[2023-11-21 13:51:39,020][flwr][INFO] - fit progress: (69, 94.09856379032135, {'accuracy': 0.5398}, 16755.4119542)
[2023-11-21 13:51:39,020][flwr][DEBUG] - evaluate_round 69: strategy sampled 20 clients (out of 40)
[2023-11-21 13:52:28,288][flwr][DEBUG] - evaluate_round 69 received 20 results and 0 failures
[2023-11-21 13:52:28,288][flwr][DEBUG] - fit_round 70: strategy sampled 20 clients (out of 40)
[2023-11-21 13:55:36,505][flwr][DEBUG] - fit_round 70 received 20 results and 0 failures
[2023-11-21 13:55:39,902][flwr][INFO] - fit progress: (70, 94.9848335981369, {'accuracy': 0.5416}, 16996.3001659)
[2023-11-21 13:55:39,912][flwr][DEBUG] - evaluate_round 70: strategy sampled 20 clients (out of 40)
[2023-11-21 13:56:29,293][flwr][DEBUG] - evaluate_round 70 received 20 results and 0 failures
[2023-11-21 13:56:29,293][flwr][DEBUG] - fit_round 71: strategy sampled 20 clients (out of 40)
[2023-11-21 13:59:37,662][flwr][DEBUG] - fit_round 71 received 20 results and 0 failures
[2023-11-21 13:59:40,961][flwr][INFO] - fit progress: (71, 94.94326722621918, {'accuracy': 0.5398}, 17237.352301900002)
[2023-11-21 13:59:40,961][flwr][DEBUG] - evaluate_round 71: strategy sampled 20 clients (out of 40)
[2023-11-21 14:00:26,000][flwr][DEBUG] - evaluate_round 71 received 20 results and 0 failures
[2023-11-21 14:00:26,010][flwr][DEBUG] - fit_round 72: strategy sampled 20 clients (out of 40)
[2023-11-21 14:03:37,967][flwr][DEBUG] - fit_round 72 received 20 results and 0 failures
[2023-11-21 14:03:41,242][flwr][INFO] - fit progress: (72, 95.07850134372711, {'accuracy': 0.5421}, 17477.6370843)
[2023-11-21 14:03:41,242][flwr][DEBUG] - evaluate_round 72: strategy sampled 20 clients (out of 40)
[2023-11-21 14:04:28,554][flwr][DEBUG] - evaluate_round 72 received 20 results and 0 failures
[2023-11-21 14:04:28,554][flwr][DEBUG] - fit_round 73: strategy sampled 20 clients (out of 40)
[2023-11-21 14:07:40,475][flwr][DEBUG] - fit_round 73 received 20 results and 0 failures
[2023-11-21 14:07:43,689][flwr][INFO] - fit progress: (73, 95.21677780151367, {'accuracy': 0.5403}, 17720.084473000003)
[2023-11-21 14:07:43,689][flwr][DEBUG] - evaluate_round 73: strategy sampled 20 clients (out of 40)
[2023-11-21 14:08:32,857][flwr][DEBUG] - evaluate_round 73 received 20 results and 0 failures
[2023-11-21 14:08:32,857][flwr][DEBUG] - fit_round 74: strategy sampled 20 clients (out of 40)
[2023-11-21 14:11:44,330][flwr][DEBUG] - fit_round 74 received 20 results and 0 failures
[2023-11-21 14:11:47,808][flwr][INFO] - fit progress: (74, 95.17639994621277, {'accuracy': 0.5408}, 17964.2045552)
[2023-11-21 14:11:47,808][flwr][DEBUG] - evaluate_round 74: strategy sampled 20 clients (out of 40)
[2023-11-21 14:12:36,218][flwr][DEBUG] - evaluate_round 74 received 20 results and 0 failures
[2023-11-21 14:12:36,218][flwr][DEBUG] - fit_round 75: strategy sampled 20 clients (out of 40)
[2023-11-21 14:15:48,753][flwr][DEBUG] - fit_round 75 received 20 results and 0 failures
[2023-11-21 14:15:52,668][flwr][INFO] - fit progress: (75, 95.1344028711319, {'accuracy': 0.5431}, 18209.0648482)
[2023-11-21 14:15:52,668][flwr][DEBUG] - evaluate_round 75: strategy sampled 20 clients (out of 40)
[2023-11-21 14:16:37,717][flwr][DEBUG] - evaluate_round 75 received 20 results and 0 failures
[2023-11-21 14:16:37,717][flwr][DEBUG] - fit_round 76: strategy sampled 20 clients (out of 40)
[2023-11-21 14:19:47,128][flwr][DEBUG] - fit_round 76 received 20 results and 0 failures
[2023-11-21 14:19:50,410][flwr][INFO] - fit progress: (76, 97.56739163398743, {'accuracy': 0.5423}, 18446.803348600002)
[2023-11-21 14:19:50,410][flwr][DEBUG] - evaluate_round 76: strategy sampled 20 clients (out of 40)
[2023-11-21 14:20:42,904][flwr][DEBUG] - evaluate_round 76 received 20 results and 0 failures
[2023-11-21 14:20:42,904][flwr][DEBUG] - fit_round 77: strategy sampled 20 clients (out of 40)
[2023-11-21 14:23:59,374][flwr][DEBUG] - fit_round 77 received 20 results and 0 failures
[2023-11-21 14:24:02,949][flwr][INFO] - fit progress: (77, 96.87339317798615, {'accuracy': 0.5429}, 18699.339686900003)
[2023-11-21 14:24:02,949][flwr][DEBUG] - evaluate_round 77: strategy sampled 20 clients (out of 40)
[2023-11-21 14:24:50,980][flwr][DEBUG] - evaluate_round 77 received 20 results and 0 failures
[2023-11-21 14:24:50,982][flwr][DEBUG] - fit_round 78: strategy sampled 20 clients (out of 40)
[2023-11-21 14:28:04,441][flwr][DEBUG] - fit_round 78 received 20 results and 0 failures
[2023-11-21 14:28:07,919][flwr][INFO] - fit progress: (78, 97.57074618339539, {'accuracy': 0.541}, 18944.309136300002)
[2023-11-21 14:28:07,919][flwr][DEBUG] - evaluate_round 78: strategy sampled 20 clients (out of 40)
[2023-11-21 14:28:55,675][flwr][DEBUG] - evaluate_round 78 received 20 results and 0 failures
[2023-11-21 14:28:55,675][flwr][DEBUG] - fit_round 79: strategy sampled 20 clients (out of 40)
[2023-11-21 14:32:06,150][flwr][DEBUG] - fit_round 79 received 20 results and 0 failures
[2023-11-21 14:32:09,658][flwr][INFO] - fit progress: (79, 96.98780560493469, {'accuracy': 0.5437}, 19186.0495662)
[2023-11-21 14:32:09,658][flwr][DEBUG] - evaluate_round 79: strategy sampled 20 clients (out of 40)
[2023-11-21 14:32:55,867][flwr][DEBUG] - evaluate_round 79 received 20 results and 0 failures
[2023-11-21 14:32:55,867][flwr][DEBUG] - fit_round 80: strategy sampled 20 clients (out of 40)
[2023-11-21 14:36:06,439][flwr][DEBUG] - fit_round 80 received 20 results and 0 failures
[2023-11-21 14:36:09,710][flwr][INFO] - fit progress: (80, 98.04898726940155, {'accuracy': 0.5456}, 19426.101703)
[2023-11-21 14:36:09,710][flwr][DEBUG] - evaluate_round 80: strategy sampled 20 clients (out of 40)
[2023-11-21 14:36:57,108][flwr][DEBUG] - evaluate_round 80 received 20 results and 0 failures
[2023-11-21 14:36:57,108][flwr][DEBUG] - fit_round 81: strategy sampled 20 clients (out of 40)
[2023-11-21 14:40:08,460][flwr][DEBUG] - fit_round 81 received 20 results and 0 failures
[2023-11-21 14:40:12,040][flwr][INFO] - fit progress: (81, 97.72244000434875, {'accuracy': 0.5429}, 19668.4310621)
[2023-11-21 14:40:12,040][flwr][DEBUG] - evaluate_round 81: strategy sampled 20 clients (out of 40)
[2023-11-21 14:40:58,920][flwr][DEBUG] - evaluate_round 81 received 20 results and 0 failures
[2023-11-21 14:40:58,920][flwr][DEBUG] - fit_round 82: strategy sampled 20 clients (out of 40)
[2023-11-21 14:44:08,607][flwr][DEBUG] - fit_round 82 received 20 results and 0 failures
[2023-11-21 14:44:11,982][flwr][INFO] - fit progress: (82, 98.79806673526764, {'accuracy': 0.5379}, 19908.3714244)
[2023-11-21 14:44:11,982][flwr][DEBUG] - evaluate_round 82: strategy sampled 20 clients (out of 40)
[2023-11-21 14:44:58,328][flwr][DEBUG] - evaluate_round 82 received 20 results and 0 failures
[2023-11-21 14:44:58,330][flwr][DEBUG] - fit_round 83: strategy sampled 20 clients (out of 40)
[2023-11-21 14:48:08,172][flwr][DEBUG] - fit_round 83 received 20 results and 0 failures
[2023-11-21 14:48:11,493][flwr][INFO] - fit progress: (83, 98.00649654865265, {'accuracy': 0.5403}, 20147.8882734)
[2023-11-21 14:48:11,493][flwr][DEBUG] - evaluate_round 83: strategy sampled 20 clients (out of 40)
[2023-11-21 14:49:04,055][flwr][DEBUG] - evaluate_round 83 received 20 results and 0 failures
[2023-11-21 14:49:04,055][flwr][DEBUG] - fit_round 84: strategy sampled 20 clients (out of 40)
[2023-11-21 14:52:16,532][flwr][DEBUG] - fit_round 84 received 20 results and 0 failures
[2023-11-21 14:52:20,161][flwr][INFO] - fit progress: (84, 98.15000855922699, {'accuracy': 0.5438}, 20396.555605600002)
[2023-11-21 14:52:20,161][flwr][DEBUG] - evaluate_round 84: strategy sampled 20 clients (out of 40)
[2023-11-21 14:53:14,958][flwr][DEBUG] - evaluate_round 84 received 20 results and 0 failures
[2023-11-21 14:53:14,958][flwr][DEBUG] - fit_round 85: strategy sampled 20 clients (out of 40)
[2023-11-21 14:56:28,585][flwr][DEBUG] - fit_round 85 received 20 results and 0 failures
[2023-11-21 14:56:31,839][flwr][INFO] - fit progress: (85, 98.72952616214752, {'accuracy': 0.5428}, 20648.234634)
[2023-11-21 14:56:31,839][flwr][DEBUG] - evaluate_round 85: strategy sampled 20 clients (out of 40)
[2023-11-21 14:57:18,304][flwr][DEBUG] - evaluate_round 85 received 20 results and 0 failures
[2023-11-21 14:57:18,314][flwr][DEBUG] - fit_round 86: strategy sampled 20 clients (out of 40)
[2023-11-21 15:00:26,221][flwr][DEBUG] - fit_round 86 received 20 results and 0 failures
[2023-11-21 15:00:29,501][flwr][INFO] - fit progress: (86, 98.76730167865753, {'accuracy': 0.5424}, 20885.8964067)
[2023-11-21 15:00:29,501][flwr][DEBUG] - evaluate_round 86: strategy sampled 20 clients (out of 40)
[2023-11-21 15:01:20,919][flwr][DEBUG] - evaluate_round 86 received 20 results and 0 failures
[2023-11-21 15:01:20,920][flwr][DEBUG] - fit_round 87: strategy sampled 20 clients (out of 40)
[2023-11-21 15:04:33,638][flwr][DEBUG] - fit_round 87 received 20 results and 0 failures
[2023-11-21 15:04:37,003][flwr][INFO] - fit progress: (87, 98.89152419567108, {'accuracy': 0.5436}, 21133.3991837)
[2023-11-21 15:04:37,003][flwr][DEBUG] - evaluate_round 87: strategy sampled 20 clients (out of 40)
[2023-11-21 15:05:30,725][flwr][DEBUG] - evaluate_round 87 received 20 results and 0 failures
[2023-11-21 15:05:30,725][flwr][DEBUG] - fit_round 88: strategy sampled 20 clients (out of 40)
[2023-11-21 15:08:39,615][flwr][DEBUG] - fit_round 88 received 20 results and 0 failures
[2023-11-21 15:08:43,006][flwr][INFO] - fit progress: (88, 98.69215667247772, {'accuracy': 0.5404}, 21379.4046172)
[2023-11-21 15:08:43,016][flwr][DEBUG] - evaluate_round 88: strategy sampled 20 clients (out of 40)
[2023-11-21 15:09:30,229][flwr][DEBUG] - evaluate_round 88 received 20 results and 0 failures
[2023-11-21 15:09:30,229][flwr][DEBUG] - fit_round 89: strategy sampled 20 clients (out of 40)
[2023-11-21 15:12:42,890][flwr][DEBUG] - fit_round 89 received 20 results and 0 failures
[2023-11-21 15:12:46,296][flwr][INFO] - fit progress: (89, 99.65015196800232, {'accuracy': 0.5402}, 21622.6952012)
[2023-11-21 15:12:46,306][flwr][DEBUG] - evaluate_round 89: strategy sampled 20 clients (out of 40)
[2023-11-21 15:13:34,366][flwr][DEBUG] - evaluate_round 89 received 20 results and 0 failures
[2023-11-21 15:13:34,366][flwr][DEBUG] - fit_round 90: strategy sampled 20 clients (out of 40)
[2023-11-21 15:16:46,948][flwr][DEBUG] - fit_round 90 received 20 results and 0 failures
[2023-11-21 15:16:50,456][flwr][INFO] - fit progress: (90, 100.15493750572205, {'accuracy': 0.5391}, 21866.8541037)
[2023-11-21 15:16:50,466][flwr][DEBUG] - evaluate_round 90: strategy sampled 20 clients (out of 40)
[2023-11-21 15:17:38,104][flwr][DEBUG] - evaluate_round 90 received 20 results and 0 failures
[2023-11-21 15:17:38,104][flwr][DEBUG] - fit_round 91: strategy sampled 20 clients (out of 40)
[2023-11-21 15:20:54,936][flwr][DEBUG] - fit_round 91 received 20 results and 0 failures
[2023-11-21 15:20:58,146][flwr][INFO] - fit progress: (91, 100.69966685771942, {'accuracy': 0.541}, 22114.5392809)
[2023-11-21 15:20:58,146][flwr][DEBUG] - evaluate_round 91: strategy sampled 20 clients (out of 40)
[2023-11-21 15:21:42,861][flwr][DEBUG] - evaluate_round 91 received 20 results and 0 failures
[2023-11-21 15:21:42,861][flwr][DEBUG] - fit_round 92: strategy sampled 20 clients (out of 40)
[2023-11-21 15:24:55,793][flwr][DEBUG] - fit_round 92 received 20 results and 0 failures
[2023-11-21 15:24:59,087][flwr][INFO] - fit progress: (92, 100.11161947250366, {'accuracy': 0.5383}, 22355.482615)
[2023-11-21 15:24:59,087][flwr][DEBUG] - evaluate_round 92: strategy sampled 20 clients (out of 40)
[2023-11-21 15:25:44,846][flwr][DEBUG] - evaluate_round 92 received 20 results and 0 failures
[2023-11-21 15:25:44,846][flwr][DEBUG] - fit_round 93: strategy sampled 20 clients (out of 40)
[2023-11-21 15:28:54,493][flwr][DEBUG] - fit_round 93 received 20 results and 0 failures
[2023-11-21 15:28:57,773][flwr][INFO] - fit progress: (93, 101.17970430850983, {'accuracy': 0.542}, 22594.1626126)
[2023-11-21 15:28:57,773][flwr][DEBUG] - evaluate_round 93: strategy sampled 20 clients (out of 40)
[2023-11-21 15:29:47,443][flwr][DEBUG] - evaluate_round 93 received 20 results and 0 failures
[2023-11-21 15:29:47,443][flwr][DEBUG] - fit_round 94: strategy sampled 20 clients (out of 40)
[2023-11-21 15:32:57,146][flwr][DEBUG] - fit_round 94 received 20 results and 0 failures
[2023-11-21 15:33:00,425][flwr][INFO] - fit progress: (94, 101.95451295375824, {'accuracy': 0.5396}, 22836.814922600002)
[2023-11-21 15:33:00,425][flwr][DEBUG] - evaluate_round 94: strategy sampled 20 clients (out of 40)
[2023-11-21 15:33:50,801][flwr][DEBUG] - evaluate_round 94 received 20 results and 0 failures
[2023-11-21 15:33:50,802][flwr][DEBUG] - fit_round 95: strategy sampled 20 clients (out of 40)
[2023-11-21 15:37:00,530][flwr][DEBUG] - fit_round 95 received 20 results and 0 failures
[2023-11-21 15:37:04,155][flwr][INFO] - fit progress: (95, 101.90142464637756, {'accuracy': 0.5401}, 23080.549737600002)
[2023-11-21 15:37:04,155][flwr][DEBUG] - evaluate_round 95: strategy sampled 20 clients (out of 40)
[2023-11-21 15:37:50,621][flwr][DEBUG] - evaluate_round 95 received 20 results and 0 failures
[2023-11-21 15:37:50,621][flwr][DEBUG] - fit_round 96: strategy sampled 20 clients (out of 40)
[2023-11-21 15:41:03,870][flwr][DEBUG] - fit_round 96 received 20 results and 0 failures
[2023-11-21 15:41:07,517][flwr][INFO] - fit progress: (96, 101.76253008842468, {'accuracy': 0.5433}, 23323.9072705)
[2023-11-21 15:41:07,518][flwr][DEBUG] - evaluate_round 96: strategy sampled 20 clients (out of 40)
[2023-11-21 15:41:52,227][flwr][DEBUG] - evaluate_round 96 received 20 results and 0 failures
[2023-11-21 15:41:52,227][flwr][DEBUG] - fit_round 97: strategy sampled 20 clients (out of 40)
[2023-11-21 15:45:02,131][flwr][DEBUG] - fit_round 97 received 20 results and 0 failures
[2023-11-21 15:45:05,667][flwr][INFO] - fit progress: (97, 101.33102238178253, {'accuracy': 0.539}, 23562.063718200003)
[2023-11-21 15:45:05,667][flwr][DEBUG] - evaluate_round 97: strategy sampled 20 clients (out of 40)
[2023-11-21 15:45:51,155][flwr][DEBUG] - evaluate_round 97 received 20 results and 0 failures
[2023-11-21 15:45:51,165][flwr][DEBUG] - fit_round 98: strategy sampled 20 clients (out of 40)
[2023-11-21 15:49:07,815][flwr][DEBUG] - fit_round 98 received 20 results and 0 failures
[2023-11-21 15:49:11,249][flwr][INFO] - fit progress: (98, 102.29808533191681, {'accuracy': 0.54}, 23807.6424768)
[2023-11-21 15:49:11,249][flwr][DEBUG] - evaluate_round 98: strategy sampled 20 clients (out of 40)
[2023-11-21 15:49:59,347][flwr][DEBUG] - evaluate_round 98 received 20 results and 0 failures
[2023-11-21 15:49:59,347][flwr][DEBUG] - fit_round 99: strategy sampled 20 clients (out of 40)
[2023-11-21 15:53:14,398][flwr][DEBUG] - fit_round 99 received 20 results and 0 failures
[2023-11-21 15:53:17,797][flwr][INFO] - fit progress: (99, 102.77260744571686, {'accuracy': 0.5393}, 24054.188159)
[2023-11-21 15:53:17,797][flwr][DEBUG] - evaluate_round 99: strategy sampled 20 clients (out of 40)
[2023-11-21 15:54:12,127][flwr][DEBUG] - evaluate_round 99 received 20 results and 0 failures
[2023-11-21 15:54:12,127][flwr][DEBUG] - fit_round 100: strategy sampled 20 clients (out of 40)
[2023-11-21 15:57:28,138][flwr][DEBUG] - fit_round 100 received 20 results and 0 failures
[2023-11-21 15:57:31,588][flwr][INFO] - fit progress: (100, 102.89121448993683, {'accuracy': 0.5432}, 24307.980093500002)
[2023-11-21 15:57:31,588][flwr][DEBUG] - evaluate_round 100: strategy sampled 20 clients (out of 40)
[2023-11-21 15:58:18,962][flwr][DEBUG] - evaluate_round 100 received 20 results and 0 failures
[2023-11-21 15:58:18,962][flwr][INFO] - FL finished in 24355.354897700003
[2023-11-21 15:58:18,962][flwr][INFO] - app_fit: losses_distributed [(1, 16.052471733093263), (2, 15.462523674964904), (3, 14.693327021598815), (4, 13.389399337768555), (5, 12.750788223743438), (6, 12.210235726833343), (7, 11.712718260288238), (8, 11.528989857435226), (9, 11.164882028102875), (10, 11.103235590457917), (11, 10.779647928476333), (12, 10.697487246990203), (13, 10.568907177448272), (14, 10.185027742385865), (15, 10.26034647077322), (16, 10.384830255806445), (17, 10.188114514946937), (18, 10.008445426821709), (19, 9.951223355531692), (20, 9.71498164832592), (21, 9.849794477969407), (22, 9.922167416661978), (23, 9.92174452766776), (24, 9.799078287184239), (25, 10.027791526168585), (26, 10.175839237123729), (27, 10.35660100877285), (28, 10.26528252735734), (29, 9.989199914038181), (30, 10.461797094345092), (31, 10.361170339584351), (32, 10.902299404144287), (33, 10.20146644860506), (34, 11.040612888336181), (35, 10.403594586998224), (36, 10.898042325675487), (37, 11.211436297744513), (38, 10.9523181527853), (39, 10.84432473704219), (40, 11.103616029024124), (41, 11.145791975408793), (42, 11.479853957891464), (43, 11.103599644452334), (44, 11.737376147508622), (45, 11.701612122356892), (46, 11.26912715062499), (47, 11.560131584852934), (48, 11.415659219026566), (49, 11.777613218128682), (50, 11.282943242043256), (51, 11.905589908361435), (52, 11.448737585544587), (53, 12.251985645294189), (54, 11.921373935043812), (55, 12.076393750309943), (56, 11.872292371094227), (57, 12.65815539136529), (58, 12.662146463990211), (59, 12.671497340500355), (60, 12.875819083303213), (61, 12.745167642831802), (62, 12.656243444234132), (63, 13.072679030150175), (64, 12.080463394522667), (65, 12.817219379544259), (66, 12.961368715763092), (67, 13.241800518333912), (68, 12.527152305841446), (69, 12.901857236027718), (70, 12.552778987586498), (71, 13.120390421152115), (72, 13.333358983695508), (73, 13.021990029513836), (74, 13.271760594844817), (75, 13.043299250304699), (76, 13.743357065320016), (77, 12.925975415110589), (78, 13.381341734528542), (79, 13.238413913547992), (80, 13.55611509680748), (81, 13.473034584522248), (82, 14.1911670088768), (83, 13.83874639570713), (84, 13.659246334433556), (85, 13.568728567659855), (86, 13.845381282269955), (87, 14.078023999929428), (88, 13.548729775846004), (89, 13.252604679763317), (90, 13.583651849627495), (91, 14.054046497493982), (92, 13.751108354330063), (93, 13.860052432119847), (94, 14.544944310188294), (95, 13.906901466846467), (96, 14.621594974398613), (97, 14.039095577597617), (98, 14.267400954663753), (99, 14.582174503803254), (100, 14.1569157153368)]
[2023-11-21 15:58:18,974][flwr][INFO] - app_fit: metrics_distributed_fit {}
[2023-11-21 15:58:18,975][flwr][INFO] - app_fit: metrics_distributed {}
[2023-11-21 15:58:18,976][flwr][INFO] - app_fit: losses_centralized [(0, 115.14545512199402), (1, 114.50159883499146), (2, 110.07989168167114), (3, 105.16341137886047), (4, 95.85724449157715), (5, 90.65803074836731), (6, 86.32416331768036), (7, 82.98914003372192), (8, 80.4285501241684), (9, 78.84326887130737), (10, 77.22945976257324), (11, 76.02702140808105), (12, 74.94322443008423), (13, 74.02669548988342), (14, 73.17876350879669), (15, 72.99485552310944), (16, 72.75290858745575), (17, 71.85980319976807), (18, 71.74237310886383), (19, 71.24656450748444), (20, 71.20239651203156), (21, 71.36181509494781), (22, 71.57630276679993), (23, 71.31650245189667), (24, 71.32447373867035), (25, 71.57082319259644), (26, 71.85352838039398), (27, 72.61416721343994), (28, 73.35819184780121), (29, 73.92291855812073), (30, 74.00096213817596), (31, 74.67280757427216), (32, 75.77435851097107), (33, 76.096710562706), (34, 76.31436276435852), (35, 76.49768555164337), (36, 77.70102977752686), (37, 78.6296626329422), (38, 79.88844192028046), (39, 80.23743879795074), (40, 80.81334090232849), (41, 80.29827511310577), (42, 80.3512978553772), (43, 81.87600946426392), (44, 82.75472164154053), (45, 84.1226921081543), (46, 83.30399906635284), (47, 85.02313506603241), (48, 84.33069467544556), (49, 85.02180576324463), (50, 84.72356617450714), (51, 87.05409395694733), (52, 86.26814782619476), (53, 86.7327733039856), (54, 87.47100901603699), (55, 88.9741941690445), (56, 88.28150057792664), (57, 90.13454258441925), (58, 88.88391578197479), (59, 90.33825862407684), (60, 91.27928853034973), (61, 90.80946838855743), (62, 90.67957186698914), (63, 92.22616159915924), (64, 90.87215793132782), (65, 93.25089263916016), (66, 92.75934648513794), (67, 93.13282787799835), (68, 92.81830620765686), (69, 94.09856379032135), (70, 94.9848335981369), (71, 94.94326722621918), (72, 95.07850134372711), (73, 95.21677780151367), (74, 95.17639994621277), (75, 95.1344028711319), (76, 97.56739163398743), (77, 96.87339317798615), (78, 97.57074618339539), (79, 96.98780560493469), (80, 98.04898726940155), (81, 97.72244000434875), (82, 98.79806673526764), (83, 98.00649654865265), (84, 98.15000855922699), (85, 98.72952616214752), (86, 98.76730167865753), (87, 98.89152419567108), (88, 98.69215667247772), (89, 99.65015196800232), (90, 100.15493750572205), (91, 100.69966685771942), (92, 100.11161947250366), (93, 101.17970430850983), (94, 101.95451295375824), (95, 101.90142464637756), (96, 101.76253008842468), (97, 101.33102238178253), (98, 102.29808533191681), (99, 102.77260744571686), (100, 102.89121448993683)]
[2023-11-21 15:58:18,984][flwr][INFO] - app_fit: metrics_centralized {'accuracy': [(0, 0.1006), (1, 0.1669), (2, 0.1827), (3, 0.2344), (4, 0.3117), (5, 0.3512), (6, 0.3828), (7, 0.403), (8, 0.421), (9, 0.4337), (10, 0.4419), (11, 0.4552), (12, 0.4635), (13, 0.4738), (14, 0.4803), (15, 0.484), (16, 0.4925), (17, 0.493), (18, 0.5002), (19, 0.5022), (20, 0.5021), (21, 0.51), (22, 0.5133), (23, 0.5158), (24, 0.5163), (25, 0.5174), (26, 0.5157), (27, 0.5199), (28, 0.5177), (29, 0.5174), (30, 0.5204), (31, 0.5244), (32, 0.524), (33, 0.5267), (34, 0.5267), (35, 0.5284), (36, 0.5292), (37, 0.5304), (38, 0.5306), (39, 0.5321), (40, 0.5294), (41, 0.5332), (42, 0.5323), (43, 0.5318), (44, 0.5368), (45, 0.5336), (46, 0.5329), (47, 0.534), (48, 0.5317), (49, 0.5353), (50, 0.5351), (51, 0.5324), (52, 0.5347), (53, 0.5363), (54, 0.5342), (55, 0.5373), (56, 0.5351), (57, 0.5362), (58, 0.5347), (59, 0.538), (60, 0.5358), (61, 0.5364), (62, 0.5386), (63, 0.5379), (64, 0.5375), (65, 0.535), (66, 0.5431), (67, 0.5407), (68, 0.5411), (69, 0.5398), (70, 0.5416), (71, 0.5398), (72, 0.5421), (73, 0.5403), (74, 0.5408), (75, 0.5431), (76, 0.5423), (77, 0.5429), (78, 0.541), (79, 0.5437), (80, 0.5456), (81, 0.5429), (82, 0.5379), (83, 0.5403), (84, 0.5438), (85, 0.5428), (86, 0.5424), (87, 0.5436), (88, 0.5404), (89, 0.5402), (90, 0.5391), (91, 0.541), (92, 0.5383), (93, 0.542), (94, 0.5396), (95, 0.5401), (96, 0.5433), (97, 0.539), (98, 0.54), (99, 0.5393), (100, 0.5432)]}
